[0.025s] Invoking command in '/home/ubuntuuser/ros2_ws/build/crazyflie_examples': AMENT_PREFIX_PATH=/home/ubuntuuser/ros2_ws/install/crazyflie_py:/home/ubuntuuser/ros2_ws/install/turtlebot_controller:/home/ubuntuuser/ros2_ws/install/turtlebot3_simulations:/home/ubuntuuser/ros2_ws/install/turtlebot3_gazebo:/home/ubuntuuser/ros2_ws/install/turtlebot3_fake_node:/home/ubuntuuser/ros2_ws/install/crazyflie_sim:/home/ubuntuuser/ros2_ws/install/crazyflie_examples:/home/ubuntuuser/ros2_ws/install/crazyflie:/home/ubuntuuser/ros2_ws/install/crazyflie_interfaces:/home/ubuntuuser/ros2_ws/install/crazyflie_controller:/opt/ros/jazzy CMAKE_PREFIX_PATH=/home/ubuntuuser/ros2_ws/install/crazyflie_interfaces:/home/ubuntuuser/ros2_ws/install/turtlebot3_simulations:/home/ubuntuuser/ros2_ws/install/turtlebot3_gazebo:/home/ubuntuuser/ros2_ws/install/turtlebot3_fake_node:/home/ubuntuuser/ros2_ws/install/crazyflie_sim:/home/ubuntuuser/ros2_ws/install/crazyflie_examples:/home/ubuntuuser/ros2_ws/install/crazyflie:/opt/ros/jazzy/opt/gz_sim_vendor:/opt/ros/jazzy/opt/gz_sensors_vendor:/opt/ros/jazzy/opt/gz_physics_vendor:/opt/ros/jazzy/opt/sdformat_vendor:/opt/ros/jazzy/opt/gz_gui_vendor:/opt/ros/jazzy/opt/gz_transport_vendor:/opt/ros/jazzy/opt/gz_rendering_vendor:/opt/ros/jazzy/opt/gz_plugin_vendor:/opt/ros/jazzy/opt/gz_fuel_tools_vendor:/opt/ros/jazzy/opt/gz_msgs_vendor:/opt/ros/jazzy/opt/gz_common_vendor:/opt/ros/jazzy/opt/gz_math_vendor:/opt/ros/jazzy/opt/gz_utils_vendor:/opt/ros/jazzy/opt/gz_tools_vendor:/opt/ros/jazzy/opt/gz_ogre_next_vendor:/opt/ros/jazzy/opt/gz_dartsim_vendor:/opt/ros/jazzy/opt/gz_cmake_vendor:/home/ubuntuuser/ros2_ws/install/turtlebot_controller:/home/ubuntuuser/ros2_ws/install/crazyflie_py:/home/ubuntuuser/ros2_ws/install/crazyflie_controller:/opt/ros/jazzy DEBUGINFOD_URLS=https://debuginfod.ubuntu.com PYTHONPATH=/home/ubuntuuser/ros2_ws/install/crazyflie_py/lib/python3.12/site-packages:/home/ubuntuuser/ros2_ws/install/crazyflie_interfaces/lib/python3.12/site-packages:/home/ubuntuuser/ros2_ws/install/turtlebot_controller/lib/python3.12/site-packages:/home/ubuntuuser/ros2_ws/install/crazyflie_sim/lib/python3.12/site-packages:/home/ubuntuuser/ros2_ws/install/crazyflie_examples/lib/python3.12/site-packages:/home/ubuntuuser/ros2_ws/install/crazyflie_controller/lib/python3.12/site-packages:/opt/ros/jazzy/lib/python3.12/site-packages /usr/bin/cmake --build /home/ubuntuuser/ros2_ws/build/crazyflie_examples -- -j4 -l4
[0.272s] Built target ament_cmake_python_symlink_crazyflie_examples
[0.287s] Built target ament_cmake_python_symlink_crazyflie_examples_setup
[0.751s] running egg_info
[0.762s] running install_scripts
[0.787s] writing crazyflie_examples.egg-info/PKG-INFO
[0.788s] writing dependency_links to crazyflie_examples.egg-info/dependency_links.txt
[0.789s] writing entry points to crazyflie_examples.egg-info/entry_points.txt
[0.789s] writing top-level names to crazyflie_examples.egg-info/top_level.txt
[0.901s] /usr/lib/python3/dist-packages/setuptools/_distutils/cmd.py:66: SetuptoolsDeprecationWarning: setup.py install is deprecated.
[0.901s] !!
[0.901s] 
[0.901s]         ********************************************************************************
[0.901s]         Please avoid running ``setup.py`` directly.
[0.901s]         Instead, use pypa/build, pypa/installer or other
[0.901s]         standards-based tools.
[0.901s] 
[0.901s]         See https://blog.ganssle.io/articles/2021/10/setup-py-deprecated.html for details.
[0.901s]         ********************************************************************************
[0.901s] 
[0.901s] !!
[0.902s]   self.initialize_options()
[0.907s] reading manifest file 'crazyflie_examples.egg-info/SOURCES.txt'
[0.913s] writing manifest file 'crazyflie_examples.egg-info/SOURCES.txt'
[0.920s] running egg_info
[1.037s] Built target ament_cmake_python_build_crazyflie_examples_egg
[1.075s] writing crazyflie_examples.egg-info/PKG-INFO
[1.077s] writing dependency_links to crazyflie_examples.egg-info/dependency_links.txt
[1.080s] writing entry points to crazyflie_examples.egg-info/entry_points.txt
[1.081s] writing top-level names to crazyflie_examples.egg-info/top_level.txt
[1.177s] reading manifest file 'crazyflie_examples.egg-info/SOURCES.txt'
[1.177s] writing manifest file 'crazyflie_examples.egg-info/SOURCES.txt'
[1.517s] Installing arming script to scripts
[1.517s] Installing cmd_full_state script to scripts
[1.519s] Installing figure8 script to scripts
[1.522s] Installing group_mask script to scripts
[1.522s] Installing hello_world script to scripts
[1.522s] Installing infinite_flight script to scripts
[1.522s] Installing multi_trajectory script to scripts
[1.523s] Installing nice_hover script to scripts
[1.523s] Installing set_param script to scripts
[1.525s] Installing swap script to scripts
[1.665s] Built target ament_cmake_python_build_crazyflie_examples_scripts
[1.757s] Invoked command in '/home/ubuntuuser/ros2_ws/build/crazyflie_examples' returned '0': AMENT_PREFIX_PATH=/home/ubuntuuser/ros2_ws/install/crazyflie_py:/home/ubuntuuser/ros2_ws/install/turtlebot_controller:/home/ubuntuuser/ros2_ws/install/turtlebot3_simulations:/home/ubuntuuser/ros2_ws/install/turtlebot3_gazebo:/home/ubuntuuser/ros2_ws/install/turtlebot3_fake_node:/home/ubuntuuser/ros2_ws/install/crazyflie_sim:/home/ubuntuuser/ros2_ws/install/crazyflie_examples:/home/ubuntuuser/ros2_ws/install/crazyflie:/home/ubuntuuser/ros2_ws/install/crazyflie_interfaces:/home/ubuntuuser/ros2_ws/install/crazyflie_controller:/opt/ros/jazzy CMAKE_PREFIX_PATH=/home/ubuntuuser/ros2_ws/install/crazyflie_interfaces:/home/ubuntuuser/ros2_ws/install/turtlebot3_simulations:/home/ubuntuuser/ros2_ws/install/turtlebot3_gazebo:/home/ubuntuuser/ros2_ws/install/turtlebot3_fake_node:/home/ubuntuuser/ros2_ws/install/crazyflie_sim:/home/ubuntuuser/ros2_ws/install/crazyflie_examples:/home/ubuntuuser/ros2_ws/install/crazyflie:/opt/ros/jazzy/opt/gz_sim_vendor:/opt/ros/jazzy/opt/gz_sensors_vendor:/opt/ros/jazzy/opt/gz_physics_vendor:/opt/ros/jazzy/opt/sdformat_vendor:/opt/ros/jazzy/opt/gz_gui_vendor:/opt/ros/jazzy/opt/gz_transport_vendor:/opt/ros/jazzy/opt/gz_rendering_vendor:/opt/ros/jazzy/opt/gz_plugin_vendor:/opt/ros/jazzy/opt/gz_fuel_tools_vendor:/opt/ros/jazzy/opt/gz_msgs_vendor:/opt/ros/jazzy/opt/gz_common_vendor:/opt/ros/jazzy/opt/gz_math_vendor:/opt/ros/jazzy/opt/gz_utils_vendor:/opt/ros/jazzy/opt/gz_tools_vendor:/opt/ros/jazzy/opt/gz_ogre_next_vendor:/opt/ros/jazzy/opt/gz_dartsim_vendor:/opt/ros/jazzy/opt/gz_cmake_vendor:/home/ubuntuuser/ros2_ws/install/turtlebot_controller:/home/ubuntuuser/ros2_ws/install/crazyflie_py:/home/ubuntuuser/ros2_ws/install/crazyflie_controller:/opt/ros/jazzy DEBUGINFOD_URLS=https://debuginfod.ubuntu.com PYTHONPATH=/home/ubuntuuser/ros2_ws/install/crazyflie_py/lib/python3.12/site-packages:/home/ubuntuuser/ros2_ws/install/crazyflie_interfaces/lib/python3.12/site-packages:/home/ubuntuuser/ros2_ws/install/turtlebot_controller/lib/python3.12/site-packages:/home/ubuntuuser/ros2_ws/install/crazyflie_sim/lib/python3.12/site-packages:/home/ubuntuuser/ros2_ws/install/crazyflie_examples/lib/python3.12/site-packages:/home/ubuntuuser/ros2_ws/install/crazyflie_controller/lib/python3.12/site-packages:/opt/ros/jazzy/lib/python3.12/site-packages /usr/bin/cmake --build /home/ubuntuuser/ros2_ws/build/crazyflie_examples -- -j4 -l4
[1.758s] Invoking command in '/home/ubuntuuser/ros2_ws/build/crazyflie_examples': AMENT_PREFIX_PATH=/home/ubuntuuser/ros2_ws/install/crazyflie_py:/home/ubuntuuser/ros2_ws/install/turtlebot_controller:/home/ubuntuuser/ros2_ws/install/turtlebot3_simulations:/home/ubuntuuser/ros2_ws/install/turtlebot3_gazebo:/home/ubuntuuser/ros2_ws/install/turtlebot3_fake_node:/home/ubuntuuser/ros2_ws/install/crazyflie_sim:/home/ubuntuuser/ros2_ws/install/crazyflie_examples:/home/ubuntuuser/ros2_ws/install/crazyflie:/home/ubuntuuser/ros2_ws/install/crazyflie_interfaces:/home/ubuntuuser/ros2_ws/install/crazyflie_controller:/opt/ros/jazzy CMAKE_PREFIX_PATH=/home/ubuntuuser/ros2_ws/install/crazyflie_interfaces:/home/ubuntuuser/ros2_ws/install/turtlebot3_simulations:/home/ubuntuuser/ros2_ws/install/turtlebot3_gazebo:/home/ubuntuuser/ros2_ws/install/turtlebot3_fake_node:/home/ubuntuuser/ros2_ws/install/crazyflie_sim:/home/ubuntuuser/ros2_ws/install/crazyflie_examples:/home/ubuntuuser/ros2_ws/install/crazyflie:/opt/ros/jazzy/opt/gz_sim_vendor:/opt/ros/jazzy/opt/gz_sensors_vendor:/opt/ros/jazzy/opt/gz_physics_vendor:/opt/ros/jazzy/opt/sdformat_vendor:/opt/ros/jazzy/opt/gz_gui_vendor:/opt/ros/jazzy/opt/gz_transport_vendor:/opt/ros/jazzy/opt/gz_rendering_vendor:/opt/ros/jazzy/opt/gz_plugin_vendor:/opt/ros/jazzy/opt/gz_fuel_tools_vendor:/opt/ros/jazzy/opt/gz_msgs_vendor:/opt/ros/jazzy/opt/gz_common_vendor:/opt/ros/jazzy/opt/gz_math_vendor:/opt/ros/jazzy/opt/gz_utils_vendor:/opt/ros/jazzy/opt/gz_tools_vendor:/opt/ros/jazzy/opt/gz_ogre_next_vendor:/opt/ros/jazzy/opt/gz_dartsim_vendor:/opt/ros/jazzy/opt/gz_cmake_vendor:/home/ubuntuuser/ros2_ws/install/turtlebot_controller:/home/ubuntuuser/ros2_ws/install/crazyflie_py:/home/ubuntuuser/ros2_ws/install/crazyflie_controller:/opt/ros/jazzy DEBUGINFOD_URLS=https://debuginfod.ubuntu.com PYTHONPATH=/home/ubuntuuser/ros2_ws/install/crazyflie_py/lib/python3.12/site-packages:/home/ubuntuuser/ros2_ws/install/crazyflie_interfaces/lib/python3.12/site-packages:/home/ubuntuuser/ros2_ws/install/turtlebot_controller/lib/python3.12/site-packages:/home/ubuntuuser/ros2_ws/install/crazyflie_sim/lib/python3.12/site-packages:/home/ubuntuuser/ros2_ws/install/crazyflie_examples/lib/python3.12/site-packages:/home/ubuntuuser/ros2_ws/install/crazyflie_controller/lib/python3.12/site-packages:/opt/ros/jazzy/lib/python3.12/site-packages /usr/bin/cmake --install /home/ubuntuuser/ros2_ws/build/crazyflie_examples
[1.804s] -- Install configuration: ""
[1.805s] -- Execute custom install script
[1.807s] -- Up-to-date symlink: /home/ubuntuuser/ros2_ws/install/crazyflie_examples/share/crazyflie_examples/environment/pythonpath.sh
[1.808s] -- Up-to-date symlink: /home/ubuntuuser/ros2_ws/install/crazyflie_examples/share/crazyflie_examples/environment/pythonpath.dsv
[1.811s] -- Up-to-date symlink: /home/ubuntuuser/ros2_ws/install/crazyflie_examples/lib/python3.12/site-packages/crazyflie_examples-1.0.3-py3.12.egg-info/PKG-INFO
[1.811s] -- Up-to-date symlink: /home/ubuntuuser/ros2_ws/install/crazyflie_examples/lib/python3.12/site-packages/crazyflie_examples-1.0.3-py3.12.egg-info/SOURCES.txt
[1.816s] -- Up-to-date symlink: /home/ubuntuuser/ros2_ws/install/crazyflie_examples/lib/python3.12/site-packages/crazyflie_examples-1.0.3-py3.12.egg-info/dependency_links.txt
[1.816s] -- Up-to-date symlink: /home/ubuntuuser/ros2_ws/install/crazyflie_examples/lib/python3.12/site-packages/crazyflie_examples-1.0.3-py3.12.egg-info/entry_points.txt
[1.816s] -- Up-to-date symlink: /home/ubuntuuser/ros2_ws/install/crazyflie_examples/lib/python3.12/site-packages/crazyflie_examples-1.0.3-py3.12.egg-info/top_level.txt
[1.816s] -- Up-to-date symlink: /home/ubuntuuser/ros2_ws/install/crazyflie_examples/lib/crazyflie_examples//arming
[1.816s] -- Up-to-date symlink: /home/ubuntuuser/ros2_ws/install/crazyflie_examples/lib/crazyflie_examples//cmd_full_state
[1.820s] -- Up-to-date symlink: /home/ubuntuuser/ros2_ws/install/crazyflie_examples/lib/crazyflie_examples//figure8
[1.820s] -- Up-to-date symlink: /home/ubuntuuser/ros2_ws/install/crazyflie_examples/lib/crazyflie_examples//group_mask
[1.820s] -- Up-to-date symlink: /home/ubuntuuser/ros2_ws/install/crazyflie_examples/lib/crazyflie_examples//hello_world
[1.820s] -- Up-to-date symlink: /home/ubuntuuser/ros2_ws/install/crazyflie_examples/lib/crazyflie_examples//infinite_flight
[1.821s] -- Up-to-date symlink: /home/ubuntuuser/ros2_ws/install/crazyflie_examples/lib/crazyflie_examples//multi_trajectory
[1.821s] -- Up-to-date symlink: /home/ubuntuuser/ros2_ws/install/crazyflie_examples/lib/crazyflie_examples//nice_hover
[1.823s] -- Up-to-date symlink: /home/ubuntuuser/ros2_ws/install/crazyflie_examples/lib/crazyflie_examples//set_param
[1.823s] -- Up-to-date symlink: /home/ubuntuuser/ros2_ws/install/crazyflie_examples/lib/crazyflie_examples//swap
[1.823s] -- Up-to-date symlink: /home/ubuntuuser/ros2_ws/install/crazyflie_examples/lib/python3.12/site-packages/crazyflie_examples/__init__.py
[1.823s] -- Up-to-date symlink: /home/ubuntuuser/ros2_ws/install/crazyflie_examples/lib/python3.12/site-packages/crazyflie_examples/arming.py
[1.823s] -- Up-to-date symlink: /home/ubuntuuser/ros2_ws/install/crazyflie_examples/lib/python3.12/site-packages/crazyflie_examples/cmd_full_state.py
[1.824s] -- Up-to-date symlink: /home/ubuntuuser/ros2_ws/install/crazyflie_examples/lib/python3.12/site-packages/crazyflie_examples/data/figure8.csv
[1.825s] -- Up-to-date symlink: /home/ubuntuuser/ros2_ws/install/crazyflie_examples/lib/python3.12/site-packages/crazyflie_examples/data/multi_trajectory/traj0.csv
[1.825s] -- Up-to-date symlink: /home/ubuntuuser/ros2_ws/install/crazyflie_examples/lib/python3.12/site-packages/crazyflie_examples/data/multi_trajectory/traj1.csv
[1.825s] -- Up-to-date symlink: /home/ubuntuuser/ros2_ws/install/crazyflie_examples/lib/python3.12/site-packages/crazyflie_examples/figure8.py
[1.825s] -- Up-to-date symlink: /home/ubuntuuser/ros2_ws/install/crazyflie_examples/lib/python3.12/site-packages/crazyflie_examples/group_mask.py
[1.825s] -- Up-to-date symlink: /home/ubuntuuser/ros2_ws/install/crazyflie_examples/lib/python3.12/site-packages/crazyflie_examples/hello_world.py
[1.825s] -- Up-to-date symlink: /home/ubuntuuser/ros2_ws/install/crazyflie_examples/lib/python3.12/site-packages/crazyflie_examples/infinite_flight.py
[1.826s] -- Up-to-date symlink: /home/ubuntuuser/ros2_ws/install/crazyflie_examples/lib/python3.12/site-packages/crazyflie_examples/multi_trajectory.py
[1.826s] -- Up-to-date symlink: /home/ubuntuuser/ros2_ws/install/crazyflie_examples/lib/python3.12/site-packages/crazyflie_examples/nice_hover.py
[1.826s] -- Up-to-date symlink: /home/ubuntuuser/ros2_ws/install/crazyflie_examples/lib/python3.12/site-packages/crazyflie_examples/set_param.py
[1.826s] -- Up-to-date symlink: /home/ubuntuuser/ros2_ws/install/crazyflie_examples/lib/python3.12/site-packages/crazyflie_examples/swap.py
[1.826s] -- Up-to-date symlink: /home/ubuntuuser/ros2_ws/install/crazyflie_examples/share/crazyflie_examples//config/nav2_params.yaml
[1.826s] -- Up-to-date symlink: /home/ubuntuuser/ros2_ws/install/crazyflie_examples/share/crazyflie_examples//config/nav2_view.rviz
[1.826s] -- Up-to-date symlink: /home/ubuntuuser/ros2_ws/install/crazyflie_examples/share/crazyflie_examples//config/slam_params.yaml
[1.826s] -- Up-to-date symlink: /home/ubuntuuser/ros2_ws/install/crazyflie_examples/share/crazyflie_examples//data/map.data
[1.826s] -- Up-to-date symlink: /home/ubuntuuser/ros2_ws/install/crazyflie_examples/share/crazyflie_examples//data/map.pgm
[1.826s] -- Up-to-date symlink: /home/ubuntuuser/ros2_ws/install/crazyflie_examples/share/crazyflie_examples//data/map.posegraph
[1.826s] -- Up-to-date symlink: /home/ubuntuuser/ros2_ws/install/crazyflie_examples/share/crazyflie_examples//data/map.yaml
[1.826s] -- Up-to-date symlink: /home/ubuntuuser/ros2_ws/install/crazyflie_examples/share/crazyflie_examples//launch/keyboard_velmux_launch.py
[1.827s] -- Up-to-date symlink: /home/ubuntuuser/ros2_ws/install/crazyflie_examples/share/crazyflie_examples//launch/launch.py
[1.827s] -- Up-to-date symlink: /home/ubuntuuser/ros2_ws/install/crazyflie_examples/share/crazyflie_examples//launch/multiranger_mapping_launch.py
[1.827s] -- Up-to-date symlink: /home/ubuntuuser/ros2_ws/install/crazyflie_examples/share/crazyflie_examples//launch/multiranger_nav2_launch.py
[1.827s] -- Up-to-date symlink: /home/ubuntuuser/ros2_ws/install/crazyflie_examples/share/crazyflie_examples//launch/multiranger_simple_mapper_launch.py
[1.828s] -- Up-to-date symlink: /home/ubuntuuser/ros2_ws/install/crazyflie_examples/share/ament_index/resource_index/package_run_dependencies/crazyflie_examples
[1.828s] -- Up-to-date symlink: /home/ubuntuuser/ros2_ws/install/crazyflie_examples/share/ament_index/resource_index/parent_prefix_path/crazyflie_examples
[1.828s] -- Up-to-date symlink: /home/ubuntuuser/ros2_ws/install/crazyflie_examples/share/crazyflie_examples/environment/ament_prefix_path.sh
[1.829s] -- Up-to-date symlink: /home/ubuntuuser/ros2_ws/install/crazyflie_examples/share/crazyflie_examples/environment/ament_prefix_path.dsv
[1.829s] -- Up-to-date symlink: /home/ubuntuuser/ros2_ws/install/crazyflie_examples/share/crazyflie_examples/environment/path.sh
[1.829s] -- Up-to-date symlink: /home/ubuntuuser/ros2_ws/install/crazyflie_examples/share/crazyflie_examples/environment/path.dsv
[1.829s] -- Up-to-date symlink: /home/ubuntuuser/ros2_ws/install/crazyflie_examples/share/crazyflie_examples/local_setup.bash
[1.829s] -- Up-to-date symlink: /home/ubuntuuser/ros2_ws/install/crazyflie_examples/share/crazyflie_examples/local_setup.sh
[1.830s] -- Up-to-date symlink: /home/ubuntuuser/ros2_ws/install/crazyflie_examples/share/crazyflie_examples/local_setup.zsh
[1.830s] -- Up-to-date symlink: /home/ubuntuuser/ros2_ws/install/crazyflie_examples/share/crazyflie_examples/local_setup.dsv
[1.830s] -- Symlinking: /home/ubuntuuser/ros2_ws/install/crazyflie_examples/share/crazyflie_examples/package.dsv
[1.863s] -- Up-to-date symlink: /home/ubuntuuser/ros2_ws/install/crazyflie_examples/share/ament_index/resource_index/packages/crazyflie_examples
[1.864s] -- Up-to-date symlink: /home/ubuntuuser/ros2_ws/install/crazyflie_examples/share/crazyflie_examples/cmake/crazyflie_examplesConfig.cmake
[1.864s] -- Up-to-date symlink: /home/ubuntuuser/ros2_ws/install/crazyflie_examples/share/crazyflie_examples/cmake/crazyflie_examplesConfig-version.cmake
[1.864s] -- Up-to-date symlink: /home/ubuntuuser/ros2_ws/install/crazyflie_examples/share/crazyflie_examples/package.xml
[1.971s] Listing '/home/ubuntuuser/ros2_ws/install/crazyflie_examples/lib/python3.12/site-packages/crazyflie_examples'...
[1.972s] Listing '/home/ubuntuuser/ros2_ws/install/crazyflie_examples/lib/python3.12/site-packages/crazyflie_examples/data'...
[1.972s] Listing '/home/ubuntuuser/ros2_ws/install/crazyflie_examples/lib/python3.12/site-packages/crazyflie_examples/data/multi_trajectory'...
[1.999s] Invoked command in '/home/ubuntuuser/ros2_ws/build/crazyflie_examples' returned '0': AMENT_PREFIX_PATH=/home/ubuntuuser/ros2_ws/install/crazyflie_py:/home/ubuntuuser/ros2_ws/install/turtlebot_controller:/home/ubuntuuser/ros2_ws/install/turtlebot3_simulations:/home/ubuntuuser/ros2_ws/install/turtlebot3_gazebo:/home/ubuntuuser/ros2_ws/install/turtlebot3_fake_node:/home/ubuntuuser/ros2_ws/install/crazyflie_sim:/home/ubuntuuser/ros2_ws/install/crazyflie_examples:/home/ubuntuuser/ros2_ws/install/crazyflie:/home/ubuntuuser/ros2_ws/install/crazyflie_interfaces:/home/ubuntuuser/ros2_ws/install/crazyflie_controller:/opt/ros/jazzy CMAKE_PREFIX_PATH=/home/ubuntuuser/ros2_ws/install/crazyflie_interfaces:/home/ubuntuuser/ros2_ws/install/turtlebot3_simulations:/home/ubuntuuser/ros2_ws/install/turtlebot3_gazebo:/home/ubuntuuser/ros2_ws/install/turtlebot3_fake_node:/home/ubuntuuser/ros2_ws/install/crazyflie_sim:/home/ubuntuuser/ros2_ws/install/crazyflie_examples:/home/ubuntuuser/ros2_ws/install/crazyflie:/opt/ros/jazzy/opt/gz_sim_vendor:/opt/ros/jazzy/opt/gz_sensors_vendor:/opt/ros/jazzy/opt/gz_physics_vendor:/opt/ros/jazzy/opt/sdformat_vendor:/opt/ros/jazzy/opt/gz_gui_vendor:/opt/ros/jazzy/opt/gz_transport_vendor:/opt/ros/jazzy/opt/gz_rendering_vendor:/opt/ros/jazzy/opt/gz_plugin_vendor:/opt/ros/jazzy/opt/gz_fuel_tools_vendor:/opt/ros/jazzy/opt/gz_msgs_vendor:/opt/ros/jazzy/opt/gz_common_vendor:/opt/ros/jazzy/opt/gz_math_vendor:/opt/ros/jazzy/opt/gz_utils_vendor:/opt/ros/jazzy/opt/gz_tools_vendor:/opt/ros/jazzy/opt/gz_ogre_next_vendor:/opt/ros/jazzy/opt/gz_dartsim_vendor:/opt/ros/jazzy/opt/gz_cmake_vendor:/home/ubuntuuser/ros2_ws/install/turtlebot_controller:/home/ubuntuuser/ros2_ws/install/crazyflie_py:/home/ubuntuuser/ros2_ws/install/crazyflie_controller:/opt/ros/jazzy DEBUGINFOD_URLS=https://debuginfod.ubuntu.com PYTHONPATH=/home/ubuntuuser/ros2_ws/install/crazyflie_py/lib/python3.12/site-packages:/home/ubuntuuser/ros2_ws/install/crazyflie_interfaces/lib/python3.12/site-packages:/home/ubuntuuser/ros2_ws/install/turtlebot_controller/lib/python3.12/site-packages:/home/ubuntuuser/ros2_ws/install/crazyflie_sim/lib/python3.12/site-packages:/home/ubuntuuser/ros2_ws/install/crazyflie_examples/lib/python3.12/site-packages:/home/ubuntuuser/ros2_ws/install/crazyflie_controller/lib/python3.12/site-packages:/opt/ros/jazzy/lib/python3.12/site-packages /usr/bin/cmake --install /home/ubuntuuser/ros2_ws/build/crazyflie_examples
