[0.601s] Invoking command in '/home/ubuntuuser/ros2_ws/build/crazyflie': CMAKE_PREFIX_PATH=/home/ubuntuuser/ros2_ws/install/crazyflie_interfaces:/home/ubuntuuser/ros2_ws/install/turtlebot3_simulations:/home/ubuntuuser/ros2_ws/install/turtlebot3_gazebo:/home/ubuntuuser/ros2_ws/install/turtlebot3_fake_node:/home/ubuntuuser/ros2_ws/install/crazyflie_sim:/home/ubuntuuser/ros2_ws/install/crazyflie_examples:/home/ubuntuuser/ros2_ws/install/crazyflie:/opt/ros/jazzy/opt/gz_sim_vendor:/opt/ros/jazzy/opt/gz_sensors_vendor:/opt/ros/jazzy/opt/gz_physics_vendor:/opt/ros/jazzy/opt/sdformat_vendor:/opt/ros/jazzy/opt/gz_gui_vendor:/opt/ros/jazzy/opt/gz_transport_vendor:/opt/ros/jazzy/opt/gz_rendering_vendor:/opt/ros/jazzy/opt/gz_plugin_vendor:/opt/ros/jazzy/opt/gz_fuel_tools_vendor:/opt/ros/jazzy/opt/gz_msgs_vendor:/opt/ros/jazzy/opt/gz_common_vendor:/opt/ros/jazzy/opt/gz_math_vendor:/opt/ros/jazzy/opt/gz_utils_vendor:/opt/ros/jazzy/opt/gz_tools_vendor:/opt/ros/jazzy/opt/gz_ogre_next_vendor:/opt/ros/jazzy/opt/gz_dartsim_vendor:/opt/ros/jazzy/opt/gz_cmake_vendor:/home/ubuntuuser/ros2_ws/install/turtlebot_controller:/home/ubuntuuser/ros2_ws/install/crazyflie_py:/home/ubuntuuser/ros2_ws/install/crazyflie_controller:/opt/ros/jazzy DEBUGINFOD_URLS=https://debuginfod.ubuntu.com PYTHONPATH=/home/ubuntuuser/ros2_ws/install/crazyflie_interfaces/lib/python3.12/site-packages:/home/ubuntuuser/ros2_ws/install/turtlebot_controller/lib/python3.12/site-packages:/home/ubuntuuser/ros2_ws/install/crazyflie_sim/lib/python3.12/site-packages:/home/ubuntuuser/ros2_ws/install/crazyflie_examples/lib/python3.12/site-packages:/home/ubuntuuser/ros2_ws/install/crazyflie_py/lib/python3.12/site-packages:/home/ubuntuuser/ros2_ws/install/crazyflie_controller/lib/python3.12/site-packages:/opt/ros/jazzy/lib/python3.12/site-packages /usr/bin/cmake --build /home/ubuntuuser/ros2_ws/build/crazyflie -- -j4 -l4
[0.890s] [  5%] Built target teleop
[1.041s] [ 27%] Built target crazyflieLinkCpp
[1.172s] [ 35%] Built target crazyflie_cpp
[1.297s] [ 40%] Built target crazyflie_server
[1.393s] [ 45%] Built target listLogVariables
[1.530s] [ 50%] Built target listMemories
[1.626s] [ 55%] Built target reboot
[1.681s] [ 60%] Built target battery
[1.847s] [ 65%] Built target version
[1.917s] [ 70%] Built target console
[1.988s] [ 75%] Built target comCheck
[2.097s] [ 80%] Built target log
[2.210s] [ 85%] Built target downloadUSDLogfile
[2.289s] [ 90%] Built target setParam
[2.426s] [ 95%] Built target listParams
[2.577s] [100%] Built target scan
[2.616s] Invoked command in '/home/ubuntuuser/ros2_ws/build/crazyflie' returned '0': CMAKE_PREFIX_PATH=/home/ubuntuuser/ros2_ws/install/crazyflie_interfaces:/home/ubuntuuser/ros2_ws/install/turtlebot3_simulations:/home/ubuntuuser/ros2_ws/install/turtlebot3_gazebo:/home/ubuntuuser/ros2_ws/install/turtlebot3_fake_node:/home/ubuntuuser/ros2_ws/install/crazyflie_sim:/home/ubuntuuser/ros2_ws/install/crazyflie_examples:/home/ubuntuuser/ros2_ws/install/crazyflie:/opt/ros/jazzy/opt/gz_sim_vendor:/opt/ros/jazzy/opt/gz_sensors_vendor:/opt/ros/jazzy/opt/gz_physics_vendor:/opt/ros/jazzy/opt/sdformat_vendor:/opt/ros/jazzy/opt/gz_gui_vendor:/opt/ros/jazzy/opt/gz_transport_vendor:/opt/ros/jazzy/opt/gz_rendering_vendor:/opt/ros/jazzy/opt/gz_plugin_vendor:/opt/ros/jazzy/opt/gz_fuel_tools_vendor:/opt/ros/jazzy/opt/gz_msgs_vendor:/opt/ros/jazzy/opt/gz_common_vendor:/opt/ros/jazzy/opt/gz_math_vendor:/opt/ros/jazzy/opt/gz_utils_vendor:/opt/ros/jazzy/opt/gz_tools_vendor:/opt/ros/jazzy/opt/gz_ogre_next_vendor:/opt/ros/jazzy/opt/gz_dartsim_vendor:/opt/ros/jazzy/opt/gz_cmake_vendor:/home/ubuntuuser/ros2_ws/install/turtlebot_controller:/home/ubuntuuser/ros2_ws/install/crazyflie_py:/home/ubuntuuser/ros2_ws/install/crazyflie_controller:/opt/ros/jazzy DEBUGINFOD_URLS=https://debuginfod.ubuntu.com PYTHONPATH=/home/ubuntuuser/ros2_ws/install/crazyflie_interfaces/lib/python3.12/site-packages:/home/ubuntuuser/ros2_ws/install/turtlebot_controller/lib/python3.12/site-packages:/home/ubuntuuser/ros2_ws/install/crazyflie_sim/lib/python3.12/site-packages:/home/ubuntuuser/ros2_ws/install/crazyflie_examples/lib/python3.12/site-packages:/home/ubuntuuser/ros2_ws/install/crazyflie_py/lib/python3.12/site-packages:/home/ubuntuuser/ros2_ws/install/crazyflie_controller/lib/python3.12/site-packages:/opt/ros/jazzy/lib/python3.12/site-packages /usr/bin/cmake --build /home/ubuntuuser/ros2_ws/build/crazyflie -- -j4 -l4
[2.617s] Invoking command in '/home/ubuntuuser/ros2_ws/build/crazyflie': CMAKE_PREFIX_PATH=/home/ubuntuuser/ros2_ws/install/crazyflie_interfaces:/home/ubuntuuser/ros2_ws/install/turtlebot3_simulations:/home/ubuntuuser/ros2_ws/install/turtlebot3_gazebo:/home/ubuntuuser/ros2_ws/install/turtlebot3_fake_node:/home/ubuntuuser/ros2_ws/install/crazyflie_sim:/home/ubuntuuser/ros2_ws/install/crazyflie_examples:/home/ubuntuuser/ros2_ws/install/crazyflie:/opt/ros/jazzy/opt/gz_sim_vendor:/opt/ros/jazzy/opt/gz_sensors_vendor:/opt/ros/jazzy/opt/gz_physics_vendor:/opt/ros/jazzy/opt/sdformat_vendor:/opt/ros/jazzy/opt/gz_gui_vendor:/opt/ros/jazzy/opt/gz_transport_vendor:/opt/ros/jazzy/opt/gz_rendering_vendor:/opt/ros/jazzy/opt/gz_plugin_vendor:/opt/ros/jazzy/opt/gz_fuel_tools_vendor:/opt/ros/jazzy/opt/gz_msgs_vendor:/opt/ros/jazzy/opt/gz_common_vendor:/opt/ros/jazzy/opt/gz_math_vendor:/opt/ros/jazzy/opt/gz_utils_vendor:/opt/ros/jazzy/opt/gz_tools_vendor:/opt/ros/jazzy/opt/gz_ogre_next_vendor:/opt/ros/jazzy/opt/gz_dartsim_vendor:/opt/ros/jazzy/opt/gz_cmake_vendor:/home/ubuntuuser/ros2_ws/install/turtlebot_controller:/home/ubuntuuser/ros2_ws/install/crazyflie_py:/home/ubuntuuser/ros2_ws/install/crazyflie_controller:/opt/ros/jazzy DEBUGINFOD_URLS=https://debuginfod.ubuntu.com PYTHONPATH=/home/ubuntuuser/ros2_ws/install/crazyflie_interfaces/lib/python3.12/site-packages:/home/ubuntuuser/ros2_ws/install/turtlebot_controller/lib/python3.12/site-packages:/home/ubuntuuser/ros2_ws/install/crazyflie_sim/lib/python3.12/site-packages:/home/ubuntuuser/ros2_ws/install/crazyflie_examples/lib/python3.12/site-packages:/home/ubuntuuser/ros2_ws/install/crazyflie_py/lib/python3.12/site-packages:/home/ubuntuuser/ros2_ws/install/crazyflie_controller/lib/python3.12/site-packages:/opt/ros/jazzy/lib/python3.12/site-packages /usr/bin/cmake --install /home/ubuntuuser/ros2_ws/build/crazyflie
[2.641s] -- Install configuration: ""
[2.642s] -- Execute custom install script
[2.644s] -- Up-to-date symlink: /home/ubuntuuser/ros2_ws/install/crazyflie/lib/crazyflie/comCheck
[2.645s] -- Up-to-date symlink: /home/ubuntuuser/ros2_ws/install/crazyflie/lib/crazyflie/scan
[2.653s] -- Up-to-date symlink: /home/ubuntuuser/ros2_ws/install/crazyflie/lib/crazyflie/listParams
[2.655s] -- Up-to-date symlink: /home/ubuntuuser/ros2_ws/install/crazyflie/lib/crazyflie/listLogVariables
[2.655s] -- Up-to-date symlink: /home/ubuntuuser/ros2_ws/install/crazyflie/lib/crazyflie/listMemories
[2.656s] -- Up-to-date symlink: /home/ubuntuuser/ros2_ws/install/crazyflie/lib/crazyflie/reboot
[2.657s] -- Up-to-date symlink: /home/ubuntuuser/ros2_ws/install/crazyflie/lib/crazyflie/battery
[2.657s] -- Up-to-date symlink: /home/ubuntuuser/ros2_ws/install/crazyflie/lib/crazyflie/version
[2.658s] -- Up-to-date symlink: /home/ubuntuuser/ros2_ws/install/crazyflie/lib/crazyflie/console
[2.659s] -- Up-to-date symlink: /home/ubuntuuser/ros2_ws/install/crazyflie/lib/crazyflie/log
[2.659s] -- Up-to-date symlink: /home/ubuntuuser/ros2_ws/install/crazyflie/lib/crazyflie/setParam
[2.660s] -- Up-to-date symlink: /home/ubuntuuser/ros2_ws/install/crazyflie/lib/crazyflie/downloadUSDLogfile
[2.660s] -- Up-to-date symlink: /home/ubuntuuser/ros2_ws/install/crazyflie/lib/crazyflie/teleop
[2.661s] -- Up-to-date symlink: /home/ubuntuuser/ros2_ws/install/crazyflie/lib/crazyflie/crazyflie_server
[2.661s] -- Up-to-date symlink: /home/ubuntuuser/ros2_ws/install/crazyflie/lib/crazyflie/crazyflie_server.py
[2.662s] -- Up-to-date symlink: /home/ubuntuuser/ros2_ws/install/crazyflie/lib/crazyflie/chooser.py
[2.662s] -- Up-to-date symlink: /home/ubuntuuser/ros2_ws/install/crazyflie/lib/crazyflie/vel_mux.py
[2.663s] -- Up-to-date symlink: /home/ubuntuuser/ros2_ws/install/crazyflie/lib/crazyflie/cfmult.py
[2.664s] -- Up-to-date symlink: /home/ubuntuuser/ros2_ws/install/crazyflie/lib/crazyflie/simple_mapper_multiranger.py
[2.664s] -- Up-to-date symlink: /home/ubuntuuser/ros2_ws/install/crazyflie/lib/crazyflie/aideck_streamer.py
[2.664s] -- Up-to-date symlink: /home/ubuntuuser/ros2_ws/install/crazyflie/lib/crazyflie/gui.py
[2.665s] -- Up-to-date symlink: /home/ubuntuuser/ros2_ws/install/crazyflie/lib/crazyflie/flash.py
[2.666s] -- Up-to-date symlink: /home/ubuntuuser/ros2_ws/install/crazyflie/share/crazyflie//launch/launch.py
[2.666s] -- Up-to-date symlink: /home/ubuntuuser/ros2_ws/install/crazyflie/share/crazyflie//launch/launch_teleop2.py
[2.666s] -- Up-to-date symlink: /home/ubuntuuser/ros2_ws/install/crazyflie/share/crazyflie//launch/teleop_launch.py
[2.667s] -- Up-to-date symlink: /home/ubuntuuser/ros2_ws/install/crazyflie/share/crazyflie//config/aideck_streamer.yaml
[2.668s] -- Up-to-date symlink: /home/ubuntuuser/ros2_ws/install/crazyflie/share/crazyflie//config/config.rviz
[2.668s] -- Up-to-date symlink: /home/ubuntuuser/ros2_ws/install/crazyflie/share/crazyflie//config/crazyflies.yaml
[2.669s] -- Up-to-date symlink: /home/ubuntuuser/ros2_ws/install/crazyflie/share/crazyflie//config/motion_capture.yaml
[2.669s] -- Up-to-date symlink: /home/ubuntuuser/ros2_ws/install/crazyflie/share/crazyflie//config/server.yaml
[2.669s] -- Up-to-date symlink: /home/ubuntuuser/ros2_ws/install/crazyflie/share/crazyflie//config/teleop.yaml
[2.670s] -- Up-to-date symlink: /home/ubuntuuser/ros2_ws/install/crazyflie/share/crazyflie//urdf/cf2_assembly.stl
[2.671s] -- Up-to-date symlink: /home/ubuntuuser/ros2_ws/install/crazyflie/share/crazyflie//urdf/cf2_assembly_with_props.dae
[2.671s] -- Up-to-date symlink: /home/ubuntuuser/ros2_ws/install/crazyflie/share/crazyflie//urdf/crazyflie_description.urdf
[2.672s] -- Up-to-date symlink: /home/ubuntuuser/ros2_ws/install/crazyflie/share/ament_index/resource_index/package_run_dependencies/crazyflie
[2.672s] -- Up-to-date symlink: /home/ubuntuuser/ros2_ws/install/crazyflie/share/ament_index/resource_index/parent_prefix_path/crazyflie
[2.673s] -- Up-to-date symlink: /home/ubuntuuser/ros2_ws/install/crazyflie/share/crazyflie/environment/ament_prefix_path.sh
[2.673s] -- Up-to-date symlink: /home/ubuntuuser/ros2_ws/install/crazyflie/share/crazyflie/environment/ament_prefix_path.dsv
[2.674s] -- Up-to-date symlink: /home/ubuntuuser/ros2_ws/install/crazyflie/share/crazyflie/environment/path.sh
[2.674s] -- Up-to-date symlink: /home/ubuntuuser/ros2_ws/install/crazyflie/share/crazyflie/environment/path.dsv
[2.675s] -- Up-to-date symlink: /home/ubuntuuser/ros2_ws/install/crazyflie/share/crazyflie/local_setup.bash
[2.675s] -- Up-to-date symlink: /home/ubuntuuser/ros2_ws/install/crazyflie/share/crazyflie/local_setup.sh
[2.676s] -- Up-to-date symlink: /home/ubuntuuser/ros2_ws/install/crazyflie/share/crazyflie/local_setup.zsh
[2.676s] -- Up-to-date symlink: /home/ubuntuuser/ros2_ws/install/crazyflie/share/crazyflie/local_setup.dsv
[2.677s] -- Symlinking: /home/ubuntuuser/ros2_ws/install/crazyflie/share/crazyflie/package.dsv
[2.701s] -- Up-to-date symlink: /home/ubuntuuser/ros2_ws/install/crazyflie/share/ament_index/resource_index/packages/crazyflie
[2.703s] -- Up-to-date symlink: /home/ubuntuuser/ros2_ws/install/crazyflie/share/crazyflie/cmake/crazyflieConfig.cmake
[2.703s] -- Up-to-date symlink: /home/ubuntuuser/ros2_ws/install/crazyflie/share/crazyflie/cmake/crazyflieConfig-version.cmake
[2.704s] -- Up-to-date symlink: /home/ubuntuuser/ros2_ws/install/crazyflie/share/crazyflie/package.xml
[2.711s] Invoked command in '/home/ubuntuuser/ros2_ws/build/crazyflie' returned '0': CMAKE_PREFIX_PATH=/home/ubuntuuser/ros2_ws/install/crazyflie_interfaces:/home/ubuntuuser/ros2_ws/install/turtlebot3_simulations:/home/ubuntuuser/ros2_ws/install/turtlebot3_gazebo:/home/ubuntuuser/ros2_ws/install/turtlebot3_fake_node:/home/ubuntuuser/ros2_ws/install/crazyflie_sim:/home/ubuntuuser/ros2_ws/install/crazyflie_examples:/home/ubuntuuser/ros2_ws/install/crazyflie:/opt/ros/jazzy/opt/gz_sim_vendor:/opt/ros/jazzy/opt/gz_sensors_vendor:/opt/ros/jazzy/opt/gz_physics_vendor:/opt/ros/jazzy/opt/sdformat_vendor:/opt/ros/jazzy/opt/gz_gui_vendor:/opt/ros/jazzy/opt/gz_transport_vendor:/opt/ros/jazzy/opt/gz_rendering_vendor:/opt/ros/jazzy/opt/gz_plugin_vendor:/opt/ros/jazzy/opt/gz_fuel_tools_vendor:/opt/ros/jazzy/opt/gz_msgs_vendor:/opt/ros/jazzy/opt/gz_common_vendor:/opt/ros/jazzy/opt/gz_math_vendor:/opt/ros/jazzy/opt/gz_utils_vendor:/opt/ros/jazzy/opt/gz_tools_vendor:/opt/ros/jazzy/opt/gz_ogre_next_vendor:/opt/ros/jazzy/opt/gz_dartsim_vendor:/opt/ros/jazzy/opt/gz_cmake_vendor:/home/ubuntuuser/ros2_ws/install/turtlebot_controller:/home/ubuntuuser/ros2_ws/install/crazyflie_py:/home/ubuntuuser/ros2_ws/install/crazyflie_controller:/opt/ros/jazzy DEBUGINFOD_URLS=https://debuginfod.ubuntu.com PYTHONPATH=/home/ubuntuuser/ros2_ws/install/crazyflie_interfaces/lib/python3.12/site-packages:/home/ubuntuuser/ros2_ws/install/turtlebot_controller/lib/python3.12/site-packages:/home/ubuntuuser/ros2_ws/install/crazyflie_sim/lib/python3.12/site-packages:/home/ubuntuuser/ros2_ws/install/crazyflie_examples/lib/python3.12/site-packages:/home/ubuntuuser/ros2_ws/install/crazyflie_py/lib/python3.12/site-packages:/home/ubuntuuser/ros2_ws/install/crazyflie_controller/lib/python3.12/site-packages:/opt/ros/jazzy/lib/python3.12/site-packages /usr/bin/cmake --install /home/ubuntuuser/ros2_ws/build/crazyflie
