[1.294s] Invoking command in '/home/ubuntuuser/ros2_ws/build/crazyflie_py': AMENT_PREFIX_PATH=/home/ubuntuuser/ros2_ws/install/crazyflie_interfaces:${AMENT_PREFIX_PATH} CMAKE_PREFIX_PATH=/home/ubuntuuser/ros2_ws/install/crazyflie_interfaces:${CMAKE_PREFIX_PATH} DEBUGINFOD_URLS=https://debuginfod.ubuntu.com LD_LIBRARY_PATH=/home/ubuntuuser/ros2_ws/install/crazyflie_interfaces/lib:${LD_LIBRARY_PATH} PYTHONPATH=/home/ubuntuuser/ros2_ws/build/crazyflie_py/prefix_override:/usr/lib/python3/dist-packages/colcon_core/task/python/colcon_distutils_commands:/home/ubuntuuser/ros2_ws/install/crazyflie_py/lib/python3.12/site-packages:/home/ubuntuuser/ros2_ws/install/crazyflie_interfaces/lib/python3.12/site-packages:${PYTHONPATH} /usr/bin/python3 -W ignore:setup.py install is deprecated -W ignore:easy_install command is deprecated setup.py develop --editable --build-directory /home/ubuntuuser/ros2_ws/build/crazyflie_py/build --no-deps symlink_data
[1.767s] running develop
[2.075s] running egg_info
[2.076s] creating crazyflie_py.egg-info
[2.105s] writing crazyflie_py.egg-info/PKG-INFO
[2.105s] writing dependency_links to crazyflie_py.egg-info/dependency_links.txt
[2.105s] writing requirements to crazyflie_py.egg-info/requires.txt
[2.105s] writing top-level names to crazyflie_py.egg-info/top_level.txt
[2.106s] writing manifest file 'crazyflie_py.egg-info/SOURCES.txt'
[2.167s] reading manifest file 'crazyflie_py.egg-info/SOURCES.txt'
[2.168s] writing manifest file 'crazyflie_py.egg-info/SOURCES.txt'
[2.198s] running build_ext
[2.198s] Creating /home/ubuntuuser/ros2_ws/install/crazyflie_py/lib/python3.12/site-packages/crazyflie-py.egg-link (link to .)
[2.199s] 
[2.199s] Installed /home/ubuntuuser/ros2_ws/build/crazyflie_py
[2.199s] running symlink_data
[2.199s] creating /home/ubuntuuser/ros2_ws/install/crazyflie_py/share/ament_index
[2.200s] creating /home/ubuntuuser/ros2_ws/install/crazyflie_py/share/ament_index/resource_index
[2.200s] creating /home/ubuntuuser/ros2_ws/install/crazyflie_py/share/ament_index/resource_index/packages
[2.200s] symbolically linking /home/ubuntuuser/ros2_ws/build/crazyflie_py/resource/crazyflie_py -> /home/ubuntuuser/ros2_ws/install/crazyflie_py/share/ament_index/resource_index/packages
[2.200s] symbolically linking /home/ubuntuuser/ros2_ws/build/crazyflie_py/package.xml -> /home/ubuntuuser/ros2_ws/install/crazyflie_py/share/crazyflie_py
[2.246s] Invoked command in '/home/ubuntuuser/ros2_ws/build/crazyflie_py' returned '0': AMENT_PREFIX_PATH=/home/ubuntuuser/ros2_ws/install/crazyflie_interfaces:${AMENT_PREFIX_PATH} CMAKE_PREFIX_PATH=/home/ubuntuuser/ros2_ws/install/crazyflie_interfaces:${CMAKE_PREFIX_PATH} DEBUGINFOD_URLS=https://debuginfod.ubuntu.com LD_LIBRARY_PATH=/home/ubuntuuser/ros2_ws/install/crazyflie_interfaces/lib:${LD_LIBRARY_PATH} PYTHONPATH=/home/ubuntuuser/ros2_ws/build/crazyflie_py/prefix_override:/usr/lib/python3/dist-packages/colcon_core/task/python/colcon_distutils_commands:/home/ubuntuuser/ros2_ws/install/crazyflie_py/lib/python3.12/site-packages:/home/ubuntuuser/ros2_ws/install/crazyflie_interfaces/lib/python3.12/site-packages:${PYTHONPATH} /usr/bin/python3 -W ignore:setup.py install is deprecated -W ignore:easy_install command is deprecated setup.py develop --editable --build-directory /home/ubuntuuser/ros2_ws/build/crazyflie_py/build --no-deps symlink_data
