[3.134s] Invoking command in '/home/ubuntuuser/ros2_ws/src/turtlebot_controller': DEBUGINFOD_URLS=https://debuginfod.ubuntu.com PYTHONPATH=/home/ubuntuuser/ros2_ws/build/turtlebot_controller/prefix_override:/usr/lib/python3/dist-packages/colcon_core/task/python/colcon_distutils_commands:/home/ubuntuuser/ros2_ws/install/turtlebot_controller/lib/python3.12/site-packages:${PYTHONPATH} /usr/bin/python3 -W ignore:setup.py install is deprecated -W ignore:easy_install command is deprecated setup.py egg_info --egg-base ../../build/turtlebot_controller build --build-base /home/ubuntuuser/ros2_ws/build/turtlebot_controller/build install --record /home/ubuntuuser/ros2_ws/build/turtlebot_controller/install.log --single-version-externally-managed install_data
[4.381s] running egg_info
[4.445s] writing ../../build/turtlebot_controller/turtlebot_controller.egg-info/PKG-INFO
[4.451s] writing dependency_links to ../../build/turtlebot_controller/turtlebot_controller.egg-info/dependency_links.txt
[4.452s] writing entry points to ../../build/turtlebot_controller/turtlebot_controller.egg-info/entry_points.txt
[4.453s] writing requirements to ../../build/turtlebot_controller/turtlebot_controller.egg-info/requires.txt
[4.494s] writing top-level names to ../../build/turtlebot_controller/turtlebot_controller.egg-info/top_level.txt
[4.589s] reading manifest file '../../build/turtlebot_controller/turtlebot_controller.egg-info/SOURCES.txt'
[4.592s] writing manifest file '../../build/turtlebot_controller/turtlebot_controller.egg-info/SOURCES.txt'
[4.597s] running build
[4.598s] running build_py
[4.613s] running install
[4.615s] running install_lib
[5.039s] running install_data
[5.041s] running install_egg_info
[5.053s] removing '/home/ubuntuuser/ros2_ws/install/turtlebot_controller/lib/python3.12/site-packages/turtlebot_controller-0.0.0-py3.12.egg-info' (and everything under it)
[5.053s] Copying ../../build/turtlebot_controller/turtlebot_controller.egg-info to /home/ubuntuuser/ros2_ws/install/turtlebot_controller/lib/python3.12/site-packages/turtlebot_controller-0.0.0-py3.12.egg-info
[5.082s] running install_scripts
[5.539s] Installing controller script to /home/ubuntuuser/ros2_ws/install/turtlebot_controller/lib/turtlebot_controller
[5.540s] writing list of installed files to '/home/ubuntuuser/ros2_ws/build/turtlebot_controller/install.log'
[5.646s] Invoked command in '/home/ubuntuuser/ros2_ws/src/turtlebot_controller' returned '0': DEBUGINFOD_URLS=https://debuginfod.ubuntu.com PYTHONPATH=/home/ubuntuuser/ros2_ws/build/turtlebot_controller/prefix_override:/usr/lib/python3/dist-packages/colcon_core/task/python/colcon_distutils_commands:/home/ubuntuuser/ros2_ws/install/turtlebot_controller/lib/python3.12/site-packages:${PYTHONPATH} /usr/bin/python3 -W ignore:setup.py install is deprecated -W ignore:easy_install command is deprecated setup.py egg_info --egg-base ../../build/turtlebot_controller build --build-base /home/ubuntuuser/ros2_ws/build/turtlebot_controller/build install --record /home/ubuntuuser/ros2_ws/build/turtlebot_controller/install.log --single-version-externally-managed install_data
