[2.420s] Invoking command in '/home/ubuntuuser/ros2_ws/src/turtlebot_controller': DEBUGINFOD_URLS=https://debuginfod.ubuntu.com PYTHONPATH=/home/ubuntuuser/ros2_ws/build/turtlebot_controller/prefix_override:/usr/lib/python3/dist-packages/colcon_core/task/python/colcon_distutils_commands:/home/ubuntuuser/ros2_ws/install/turtlebot_controller/lib/python3.12/site-packages:${PYTHONPATH} /usr/bin/python3 -W ignore:setup.py install is deprecated -W ignore:easy_install command is deprecated setup.py egg_info --egg-base ../../build/turtlebot_controller build --build-base /home/ubuntuuser/ros2_ws/build/turtlebot_controller/build install --record /home/ubuntuuser/ros2_ws/build/turtlebot_controller/install.log --single-version-externally-managed install_data
[3.041s] running egg_info
[3.090s] writing ../../build/turtlebot_controller/turtlebot_controller.egg-info/PKG-INFO
[3.092s] writing dependency_links to ../../build/turtlebot_controller/turtlebot_controller.egg-info/dependency_links.txt
[3.094s] writing entry points to ../../build/turtlebot_controller/turtlebot_controller.egg-info/entry_points.txt
[3.095s] writing requirements to ../../build/turtlebot_controller/turtlebot_controller.egg-info/requires.txt
[3.097s] writing top-level names to ../../build/turtlebot_controller/turtlebot_controller.egg-info/top_level.txt
[3.179s] reading manifest file '../../build/turtlebot_controller/turtlebot_controller.egg-info/SOURCES.txt'
[3.180s] writing manifest file '../../build/turtlebot_controller/turtlebot_controller.egg-info/SOURCES.txt'
[3.184s] running build
[3.184s] running build_py
[3.185s] copying turtlebot_controller/controller.py -> /home/ubuntuuser/ros2_ws/build/turtlebot_controller/build/lib/turtlebot_controller
[3.188s] running install
[3.200s] running install_lib
[3.242s] copying /home/ubuntuuser/ros2_ws/build/turtlebot_controller/build/lib/turtlebot_controller/controller.py -> /home/ubuntuuser/ros2_ws/install/turtlebot_controller/lib/python3.12/site-packages/turtlebot_controller
[3.244s] byte-compiling /home/ubuntuuser/ros2_ws/install/turtlebot_controller/lib/python3.12/site-packages/turtlebot_controller/controller.py to controller.cpython-312.pyc
[3.248s] running install_data
[3.249s] running install_egg_info
[3.308s] removing '/home/ubuntuuser/ros2_ws/install/turtlebot_controller/lib/python3.12/site-packages/turtlebot_controller-0.0.0-py3.12.egg-info' (and everything under it)
[3.309s] Copying ../../build/turtlebot_controller/turtlebot_controller.egg-info to /home/ubuntuuser/ros2_ws/install/turtlebot_controller/lib/python3.12/site-packages/turtlebot_controller-0.0.0-py3.12.egg-info
[3.323s] running install_scripts
[3.647s] Installing controller script to /home/ubuntuuser/ros2_ws/install/turtlebot_controller/lib/turtlebot_controller
[3.648s] writing list of installed files to '/home/ubuntuuser/ros2_ws/build/turtlebot_controller/install.log'
[3.781s] Invoked command in '/home/ubuntuuser/ros2_ws/src/turtlebot_controller' returned '0': DEBUGINFOD_URLS=https://debuginfod.ubuntu.com PYTHONPATH=/home/ubuntuuser/ros2_ws/build/turtlebot_controller/prefix_override:/usr/lib/python3/dist-packages/colcon_core/task/python/colcon_distutils_commands:/home/ubuntuuser/ros2_ws/install/turtlebot_controller/lib/python3.12/site-packages:${PYTHONPATH} /usr/bin/python3 -W ignore:setup.py install is deprecated -W ignore:easy_install command is deprecated setup.py egg_info --egg-base ../../build/turtlebot_controller build --build-base /home/ubuntuuser/ros2_ws/build/turtlebot_controller/build install --record /home/ubuntuuser/ros2_ws/build/turtlebot_controller/install.log --single-version-externally-managed install_data
