[0.054s] Invoking command in '/home/ubuntuuser/ros2_ws/build/crazyflie_examples': AMENT_PREFIX_PATH=/home/ubuntuuser/ros2_ws/install/crazyflie_py:/home/ubuntuuser/ros2_ws/install/crazyflie_interfaces:${AMENT_PREFIX_PATH} CMAKE_PREFIX_PATH=/home/ubuntuuser/ros2_ws/install/crazyflie_interfaces:/opt/ros/jazzy/opt/gz_sim_vendor:/opt/ros/jazzy/opt/gz_sensors_vendor:/opt/ros/jazzy/opt/gz_physics_vendor:/opt/ros/jazzy/opt/sdformat_vendor:/opt/ros/jazzy/opt/gz_gui_vendor:/opt/ros/jazzy/opt/gz_transport_vendor:/opt/ros/jazzy/opt/gz_rendering_vendor:/opt/ros/jazzy/opt/gz_plugin_vendor:/opt/ros/jazzy/opt/gz_fuel_tools_vendor:/opt/ros/jazzy/opt/gz_msgs_vendor:/opt/ros/jazzy/opt/gz_common_vendor:/opt/ros/jazzy/opt/gz_math_vendor:/opt/ros/jazzy/opt/gz_utils_vendor:/opt/ros/jazzy/opt/gz_tools_vendor:/opt/ros/jazzy/opt/gz_ogre_next_vendor:/opt/ros/jazzy/opt/gz_dartsim_vendor:/opt/ros/jazzy/opt/gz_cmake_vendor:/home/ubuntuuser/ws/install/test_pkg:/opt/ros/jazzy DEBUGINFOD_URLS=https://debuginfod.ubuntu.com LD_LIBRARY_PATH=/home/ubuntuuser/ros2_ws/install/crazyflie_interfaces/lib:${LD_LIBRARY_PATH} PYTHONPATH=/home/ubuntuuser/ros2_ws/install/crazyflie_py/lib/python3.12/site-packages:/home/ubuntuuser/ros2_ws/install/crazyflie_interfaces/lib/python3.12/site-packages:${PYTHONPATH} /usr/bin/cmake /home/ubuntuuser/ros2_ws/src/crazyswarm2/crazyflie_examples -DCMAKE_INSTALL_PREFIX=/home/ubuntuuser/ros2_ws/install/crazyflie_examples
[0.108s] -- Found ament_cmake: 2.5.4 (/opt/ros/jazzy/share/ament_cmake/cmake)
[0.648s] -- Override CMake install command with custom implementation using symlinks instead of copying resources
[0.824s] -- Found ament_cmake_pytest: 2.5.4 (/opt/ros/jazzy/share/ament_cmake_pytest/cmake)
[2.368s] -- Configuring done (2.3s)
[2.419s] -- Generating done (0.0s)
[2.425s] -- Build files have been written to: /home/ubuntuuser/ros2_ws/build/crazyflie_examples
[2.435s] Invoked command in '/home/ubuntuuser/ros2_ws/build/crazyflie_examples' returned '0': AMENT_PREFIX_PATH=/home/ubuntuuser/ros2_ws/install/crazyflie_py:/home/ubuntuuser/ros2_ws/install/crazyflie_interfaces:${AMENT_PREFIX_PATH} CMAKE_PREFIX_PATH=/home/ubuntuuser/ros2_ws/install/crazyflie_interfaces:/opt/ros/jazzy/opt/gz_sim_vendor:/opt/ros/jazzy/opt/gz_sensors_vendor:/opt/ros/jazzy/opt/gz_physics_vendor:/opt/ros/jazzy/opt/sdformat_vendor:/opt/ros/jazzy/opt/gz_gui_vendor:/opt/ros/jazzy/opt/gz_transport_vendor:/opt/ros/jazzy/opt/gz_rendering_vendor:/opt/ros/jazzy/opt/gz_plugin_vendor:/opt/ros/jazzy/opt/gz_fuel_tools_vendor:/opt/ros/jazzy/opt/gz_msgs_vendor:/opt/ros/jazzy/opt/gz_common_vendor:/opt/ros/jazzy/opt/gz_math_vendor:/opt/ros/jazzy/opt/gz_utils_vendor:/opt/ros/jazzy/opt/gz_tools_vendor:/opt/ros/jazzy/opt/gz_ogre_next_vendor:/opt/ros/jazzy/opt/gz_dartsim_vendor:/opt/ros/jazzy/opt/gz_cmake_vendor:/home/ubuntuuser/ws/install/test_pkg:/opt/ros/jazzy DEBUGINFOD_URLS=https://debuginfod.ubuntu.com LD_LIBRARY_PATH=/home/ubuntuuser/ros2_ws/install/crazyflie_interfaces/lib:${LD_LIBRARY_PATH} PYTHONPATH=/home/ubuntuuser/ros2_ws/install/crazyflie_py/lib/python3.12/site-packages:/home/ubuntuuser/ros2_ws/install/crazyflie_interfaces/lib/python3.12/site-packages:${PYTHONPATH} /usr/bin/cmake /home/ubuntuuser/ros2_ws/src/crazyswarm2/crazyflie_examples -DCMAKE_INSTALL_PREFIX=/home/ubuntuuser/ros2_ws/install/crazyflie_examples
[2.436s] Invoking command in '/home/ubuntuuser/ros2_ws/build/crazyflie_examples': AMENT_PREFIX_PATH=/home/ubuntuuser/ros2_ws/install/crazyflie_py:/home/ubuntuuser/ros2_ws/install/crazyflie_interfaces:${AMENT_PREFIX_PATH} CMAKE_PREFIX_PATH=/home/ubuntuuser/ros2_ws/install/crazyflie_interfaces:/opt/ros/jazzy/opt/gz_sim_vendor:/opt/ros/jazzy/opt/gz_sensors_vendor:/opt/ros/jazzy/opt/gz_physics_vendor:/opt/ros/jazzy/opt/sdformat_vendor:/opt/ros/jazzy/opt/gz_gui_vendor:/opt/ros/jazzy/opt/gz_transport_vendor:/opt/ros/jazzy/opt/gz_rendering_vendor:/opt/ros/jazzy/opt/gz_plugin_vendor:/opt/ros/jazzy/opt/gz_fuel_tools_vendor:/opt/ros/jazzy/opt/gz_msgs_vendor:/opt/ros/jazzy/opt/gz_common_vendor:/opt/ros/jazzy/opt/gz_math_vendor:/opt/ros/jazzy/opt/gz_utils_vendor:/opt/ros/jazzy/opt/gz_tools_vendor:/opt/ros/jazzy/opt/gz_ogre_next_vendor:/opt/ros/jazzy/opt/gz_dartsim_vendor:/opt/ros/jazzy/opt/gz_cmake_vendor:/home/ubuntuuser/ws/install/test_pkg:/opt/ros/jazzy DEBUGINFOD_URLS=https://debuginfod.ubuntu.com LD_LIBRARY_PATH=/home/ubuntuuser/ros2_ws/install/crazyflie_interfaces/lib:${LD_LIBRARY_PATH} PYTHONPATH=/home/ubuntuuser/ros2_ws/install/crazyflie_py/lib/python3.12/site-packages:/home/ubuntuuser/ros2_ws/install/crazyflie_interfaces/lib/python3.12/site-packages:${PYTHONPATH} /usr/bin/cmake --build /home/ubuntuuser/ros2_ws/build/crazyflie_examples -- -j4 -l4
[2.561s] Built target ament_cmake_python_symlink_crazyflie_examples
[2.562s] Built target ament_cmake_python_symlink_crazyflie_examples_setup
[2.895s] running install_scripts
[2.898s] running egg_info
[2.933s] writing crazyflie_examples.egg-info/PKG-INFO
[2.933s] writing dependency_links to crazyflie_examples.egg-info/dependency_links.txt
[2.935s] writing entry points to crazyflie_examples.egg-info/entry_points.txt
[2.936s] writing top-level names to crazyflie_examples.egg-info/top_level.txt
[2.957s] /usr/lib/python3/dist-packages/setuptools/_distutils/cmd.py:66: SetuptoolsDeprecationWarning: setup.py install is deprecated.
[2.957s] !!
[2.957s] 
[2.957s]         ********************************************************************************
[2.957s]         Please avoid running ``setup.py`` directly.
[2.957s]         Instead, use pypa/build, pypa/installer or other
[2.958s]         standards-based tools.
[2.958s] 
[2.958s]         See https://blog.ganssle.io/articles/2021/10/setup-py-deprecated.html for details.
[2.958s]         ********************************************************************************
[2.958s] 
[2.958s] !!
[2.958s]   self.initialize_options()
[2.965s] running egg_info
[3.021s] writing crazyflie_examples.egg-info/PKG-INFO
[3.021s] reading manifest file 'crazyflie_examples.egg-info/SOURCES.txt'
[3.022s] writing dependency_links to crazyflie_examples.egg-info/dependency_links.txt
[3.023s] writing entry points to crazyflie_examples.egg-info/entry_points.txt
[3.024s] writing top-level names to crazyflie_examples.egg-info/top_level.txt
[3.035s] writing manifest file 'crazyflie_examples.egg-info/SOURCES.txt'
[3.079s] reading manifest file 'crazyflie_examples.egg-info/SOURCES.txt'
[3.081s] writing manifest file 'crazyflie_examples.egg-info/SOURCES.txt'
[3.098s] Built target ament_cmake_python_build_crazyflie_examples_egg
[3.223s] Installing arming script to scripts
[3.224s] Installing cmd_full_state script to scripts
[3.224s] Installing figure8 script to scripts
[3.224s] Installing group_mask script to scripts
[3.224s] Installing hello_world script to scripts
[3.225s] Installing infinite_flight script to scripts
[3.226s] Installing multi_trajectory script to scripts
[3.227s] Installing nice_hover script to scripts
[3.228s] Installing set_param script to scripts
[3.229s] Installing swap script to scripts
[3.303s] Built target ament_cmake_python_build_crazyflie_examples_scripts
[3.327s] Invoked command in '/home/ubuntuuser/ros2_ws/build/crazyflie_examples' returned '0': AMENT_PREFIX_PATH=/home/ubuntuuser/ros2_ws/install/crazyflie_py:/home/ubuntuuser/ros2_ws/install/crazyflie_interfaces:${AMENT_PREFIX_PATH} CMAKE_PREFIX_PATH=/home/ubuntuuser/ros2_ws/install/crazyflie_interfaces:/opt/ros/jazzy/opt/gz_sim_vendor:/opt/ros/jazzy/opt/gz_sensors_vendor:/opt/ros/jazzy/opt/gz_physics_vendor:/opt/ros/jazzy/opt/sdformat_vendor:/opt/ros/jazzy/opt/gz_gui_vendor:/opt/ros/jazzy/opt/gz_transport_vendor:/opt/ros/jazzy/opt/gz_rendering_vendor:/opt/ros/jazzy/opt/gz_plugin_vendor:/opt/ros/jazzy/opt/gz_fuel_tools_vendor:/opt/ros/jazzy/opt/gz_msgs_vendor:/opt/ros/jazzy/opt/gz_common_vendor:/opt/ros/jazzy/opt/gz_math_vendor:/opt/ros/jazzy/opt/gz_utils_vendor:/opt/ros/jazzy/opt/gz_tools_vendor:/opt/ros/jazzy/opt/gz_ogre_next_vendor:/opt/ros/jazzy/opt/gz_dartsim_vendor:/opt/ros/jazzy/opt/gz_cmake_vendor:/home/ubuntuuser/ws/install/test_pkg:/opt/ros/jazzy DEBUGINFOD_URLS=https://debuginfod.ubuntu.com LD_LIBRARY_PATH=/home/ubuntuuser/ros2_ws/install/crazyflie_interfaces/lib:${LD_LIBRARY_PATH} PYTHONPATH=/home/ubuntuuser/ros2_ws/install/crazyflie_py/lib/python3.12/site-packages:/home/ubuntuuser/ros2_ws/install/crazyflie_interfaces/lib/python3.12/site-packages:${PYTHONPATH} /usr/bin/cmake --build /home/ubuntuuser/ros2_ws/build/crazyflie_examples -- -j4 -l4
[3.342s] Invoking command in '/home/ubuntuuser/ros2_ws/build/crazyflie_examples': AMENT_PREFIX_PATH=/home/ubuntuuser/ros2_ws/install/crazyflie_py:/home/ubuntuuser/ros2_ws/install/crazyflie_interfaces:${AMENT_PREFIX_PATH} CMAKE_PREFIX_PATH=/home/ubuntuuser/ros2_ws/install/crazyflie_interfaces:/opt/ros/jazzy/opt/gz_sim_vendor:/opt/ros/jazzy/opt/gz_sensors_vendor:/opt/ros/jazzy/opt/gz_physics_vendor:/opt/ros/jazzy/opt/sdformat_vendor:/opt/ros/jazzy/opt/gz_gui_vendor:/opt/ros/jazzy/opt/gz_transport_vendor:/opt/ros/jazzy/opt/gz_rendering_vendor:/opt/ros/jazzy/opt/gz_plugin_vendor:/opt/ros/jazzy/opt/gz_fuel_tools_vendor:/opt/ros/jazzy/opt/gz_msgs_vendor:/opt/ros/jazzy/opt/gz_common_vendor:/opt/ros/jazzy/opt/gz_math_vendor:/opt/ros/jazzy/opt/gz_utils_vendor:/opt/ros/jazzy/opt/gz_tools_vendor:/opt/ros/jazzy/opt/gz_ogre_next_vendor:/opt/ros/jazzy/opt/gz_dartsim_vendor:/opt/ros/jazzy/opt/gz_cmake_vendor:/home/ubuntuuser/ws/install/test_pkg:/opt/ros/jazzy DEBUGINFOD_URLS=https://debuginfod.ubuntu.com LD_LIBRARY_PATH=/home/ubuntuuser/ros2_ws/install/crazyflie_interfaces/lib:${LD_LIBRARY_PATH} PYTHONPATH=/home/ubuntuuser/ros2_ws/install/crazyflie_py/lib/python3.12/site-packages:/home/ubuntuuser/ros2_ws/install/crazyflie_interfaces/lib/python3.12/site-packages:${PYTHONPATH} /usr/bin/cmake --install /home/ubuntuuser/ros2_ws/build/crazyflie_examples
[3.355s] -- Install configuration: ""
[3.355s] -- Execute custom install script
[3.361s] -- Up-to-date symlink: /home/ubuntuuser/ros2_ws/install/crazyflie_examples/share/crazyflie_examples/environment/pythonpath.sh
[3.363s] -- Up-to-date symlink: /home/ubuntuuser/ros2_ws/install/crazyflie_examples/share/crazyflie_examples/environment/pythonpath.dsv
[3.368s] -- Up-to-date symlink: /home/ubuntuuser/ros2_ws/install/crazyflie_examples/lib/python3.12/site-packages/crazyflie_examples-1.0.3-py3.12.egg-info/PKG-INFO
[3.370s] -- Up-to-date symlink: /home/ubuntuuser/ros2_ws/install/crazyflie_examples/lib/python3.12/site-packages/crazyflie_examples-1.0.3-py3.12.egg-info/SOURCES.txt
[3.371s] -- Up-to-date symlink: /home/ubuntuuser/ros2_ws/install/crazyflie_examples/lib/python3.12/site-packages/crazyflie_examples-1.0.3-py3.12.egg-info/dependency_links.txt
[3.373s] -- Up-to-date symlink: /home/ubuntuuser/ros2_ws/install/crazyflie_examples/lib/python3.12/site-packages/crazyflie_examples-1.0.3-py3.12.egg-info/entry_points.txt
[3.374s] -- Up-to-date symlink: /home/ubuntuuser/ros2_ws/install/crazyflie_examples/lib/python3.12/site-packages/crazyflie_examples-1.0.3-py3.12.egg-info/top_level.txt
[3.383s] -- Up-to-date symlink: /home/ubuntuuser/ros2_ws/install/crazyflie_examples/lib/crazyflie_examples//arming
[3.383s] -- Up-to-date symlink: /home/ubuntuuser/ros2_ws/install/crazyflie_examples/lib/crazyflie_examples//cmd_full_state
[3.385s] -- Up-to-date symlink: /home/ubuntuuser/ros2_ws/install/crazyflie_examples/lib/crazyflie_examples//figure8
[3.391s] -- Up-to-date symlink: /home/ubuntuuser/ros2_ws/install/crazyflie_examples/lib/crazyflie_examples//group_mask
[3.393s] -- Up-to-date symlink: /home/ubuntuuser/ros2_ws/install/crazyflie_examples/lib/crazyflie_examples//hello_world
[3.395s] -- Up-to-date symlink: /home/ubuntuuser/ros2_ws/install/crazyflie_examples/lib/crazyflie_examples//infinite_flight
[3.396s] -- Up-to-date symlink: /home/ubuntuuser/ros2_ws/install/crazyflie_examples/lib/crazyflie_examples//multi_trajectory
[3.398s] -- Up-to-date symlink: /home/ubuntuuser/ros2_ws/install/crazyflie_examples/lib/crazyflie_examples//nice_hover
[3.399s] -- Up-to-date symlink: /home/ubuntuuser/ros2_ws/install/crazyflie_examples/lib/crazyflie_examples//set_param
[3.400s] -- Up-to-date symlink: /home/ubuntuuser/ros2_ws/install/crazyflie_examples/lib/crazyflie_examples//swap
[3.404s] -- Up-to-date symlink: /home/ubuntuuser/ros2_ws/install/crazyflie_examples/lib/python3.12/site-packages/crazyflie_examples/__init__.py
[3.405s] -- Up-to-date symlink: /home/ubuntuuser/ros2_ws/install/crazyflie_examples/lib/python3.12/site-packages/crazyflie_examples/arming.py
[3.407s] -- Up-to-date symlink: /home/ubuntuuser/ros2_ws/install/crazyflie_examples/lib/python3.12/site-packages/crazyflie_examples/cmd_full_state.py
[3.409s] -- Up-to-date symlink: /home/ubuntuuser/ros2_ws/install/crazyflie_examples/lib/python3.12/site-packages/crazyflie_examples/data/figure8.csv
[3.411s] -- Up-to-date symlink: /home/ubuntuuser/ros2_ws/install/crazyflie_examples/lib/python3.12/site-packages/crazyflie_examples/data/multi_trajectory/traj0.csv
[3.412s] -- Up-to-date symlink: /home/ubuntuuser/ros2_ws/install/crazyflie_examples/lib/python3.12/site-packages/crazyflie_examples/data/multi_trajectory/traj1.csv
[3.414s] -- Up-to-date symlink: /home/ubuntuuser/ros2_ws/install/crazyflie_examples/lib/python3.12/site-packages/crazyflie_examples/figure8.py
[3.415s] -- Up-to-date symlink: /home/ubuntuuser/ros2_ws/install/crazyflie_examples/lib/python3.12/site-packages/crazyflie_examples/group_mask.py
[3.416s] -- Up-to-date symlink: /home/ubuntuuser/ros2_ws/install/crazyflie_examples/lib/python3.12/site-packages/crazyflie_examples/hello_world.py
[3.417s] -- Up-to-date symlink: /home/ubuntuuser/ros2_ws/install/crazyflie_examples/lib/python3.12/site-packages/crazyflie_examples/infinite_flight.py
[3.420s] -- Up-to-date symlink: /home/ubuntuuser/ros2_ws/install/crazyflie_examples/lib/python3.12/site-packages/crazyflie_examples/multi_trajectory.py
[3.421s] -- Up-to-date symlink: /home/ubuntuuser/ros2_ws/install/crazyflie_examples/lib/python3.12/site-packages/crazyflie_examples/nice_hover.py
[3.421s] -- Up-to-date symlink: /home/ubuntuuser/ros2_ws/install/crazyflie_examples/lib/python3.12/site-packages/crazyflie_examples/set_param.py
[3.422s] -- Up-to-date symlink: /home/ubuntuuser/ros2_ws/install/crazyflie_examples/lib/python3.12/site-packages/crazyflie_examples/swap.py
[3.425s] -- Up-to-date symlink: /home/ubuntuuser/ros2_ws/install/crazyflie_examples/share/crazyflie_examples//config/nav2_params.yaml
[3.426s] -- Up-to-date symlink: /home/ubuntuuser/ros2_ws/install/crazyflie_examples/share/crazyflie_examples//config/nav2_view.rviz
[3.427s] -- Up-to-date symlink: /home/ubuntuuser/ros2_ws/install/crazyflie_examples/share/crazyflie_examples//config/slam_params.yaml
[3.431s] -- Up-to-date symlink: /home/ubuntuuser/ros2_ws/install/crazyflie_examples/share/crazyflie_examples//data/map.data
[3.432s] -- Up-to-date symlink: /home/ubuntuuser/ros2_ws/install/crazyflie_examples/share/crazyflie_examples//data/map.pgm
[3.433s] -- Up-to-date symlink: /home/ubuntuuser/ros2_ws/install/crazyflie_examples/share/crazyflie_examples//data/map.posegraph
[3.435s] -- Up-to-date symlink: /home/ubuntuuser/ros2_ws/install/crazyflie_examples/share/crazyflie_examples//data/map.yaml
[3.439s] -- Up-to-date symlink: /home/ubuntuuser/ros2_ws/install/crazyflie_examples/share/crazyflie_examples//launch/keyboard_velmux_launch.py
[3.441s] -- Up-to-date symlink: /home/ubuntuuser/ros2_ws/install/crazyflie_examples/share/crazyflie_examples//launch/launch.py
[3.444s] -- Up-to-date symlink: /home/ubuntuuser/ros2_ws/install/crazyflie_examples/share/crazyflie_examples//launch/multiranger_mapping_launch.py
[3.445s] -- Up-to-date symlink: /home/ubuntuuser/ros2_ws/install/crazyflie_examples/share/crazyflie_examples//launch/multiranger_nav2_launch.py
[3.446s] -- Up-to-date symlink: /home/ubuntuuser/ros2_ws/install/crazyflie_examples/share/crazyflie_examples//launch/multiranger_simple_mapper_launch.py
[3.451s] -- Up-to-date symlink: /home/ubuntuuser/ros2_ws/install/crazyflie_examples/share/ament_index/resource_index/package_run_dependencies/crazyflie_examples
[3.453s] -- Up-to-date symlink: /home/ubuntuuser/ros2_ws/install/crazyflie_examples/share/ament_index/resource_index/parent_prefix_path/crazyflie_examples
[3.454s] -- Up-to-date symlink: /home/ubuntuuser/ros2_ws/install/crazyflie_examples/share/crazyflie_examples/environment/ament_prefix_path.sh
[3.455s] -- Up-to-date symlink: /home/ubuntuuser/ros2_ws/install/crazyflie_examples/share/crazyflie_examples/environment/ament_prefix_path.dsv
[3.457s] -- Up-to-date symlink: /home/ubuntuuser/ros2_ws/install/crazyflie_examples/share/crazyflie_examples/environment/path.sh
[3.458s] -- Up-to-date symlink: /home/ubuntuuser/ros2_ws/install/crazyflie_examples/share/crazyflie_examples/environment/path.dsv
[3.461s] -- Up-to-date symlink: /home/ubuntuuser/ros2_ws/install/crazyflie_examples/share/crazyflie_examples/local_setup.bash
[3.462s] -- Up-to-date symlink: /home/ubuntuuser/ros2_ws/install/crazyflie_examples/share/crazyflie_examples/local_setup.sh
[3.463s] -- Up-to-date symlink: /home/ubuntuuser/ros2_ws/install/crazyflie_examples/share/crazyflie_examples/local_setup.zsh
[3.465s] -- Up-to-date symlink: /home/ubuntuuser/ros2_ws/install/crazyflie_examples/share/crazyflie_examples/local_setup.dsv
[3.465s] -- Symlinking: /home/ubuntuuser/ros2_ws/install/crazyflie_examples/share/crazyflie_examples/package.dsv
[3.484s] -- Up-to-date symlink: /home/ubuntuuser/ros2_ws/install/crazyflie_examples/share/ament_index/resource_index/packages/crazyflie_examples
[3.486s] -- Up-to-date symlink: /home/ubuntuuser/ros2_ws/install/crazyflie_examples/share/crazyflie_examples/cmake/crazyflie_examplesConfig.cmake
[3.488s] -- Up-to-date symlink: /home/ubuntuuser/ros2_ws/install/crazyflie_examples/share/crazyflie_examples/cmake/crazyflie_examplesConfig-version.cmake
[3.488s] -- Up-to-date symlink: /home/ubuntuuser/ros2_ws/install/crazyflie_examples/share/crazyflie_examples/package.xml
[3.548s] Listing '/home/ubuntuuser/ros2_ws/install/crazyflie_examples/lib/python3.12/site-packages/crazyflie_examples'...
[3.548s] Listing '/home/ubuntuuser/ros2_ws/install/crazyflie_examples/lib/python3.12/site-packages/crazyflie_examples/data'...
[3.548s] Listing '/home/ubuntuuser/ros2_ws/install/crazyflie_examples/lib/python3.12/site-packages/crazyflie_examples/data/multi_trajectory'...
[3.560s] Invoked command in '/home/ubuntuuser/ros2_ws/build/crazyflie_examples' returned '0': AMENT_PREFIX_PATH=/home/ubuntuuser/ros2_ws/install/crazyflie_py:/home/ubuntuuser/ros2_ws/install/crazyflie_interfaces:${AMENT_PREFIX_PATH} CMAKE_PREFIX_PATH=/home/ubuntuuser/ros2_ws/install/crazyflie_interfaces:/opt/ros/jazzy/opt/gz_sim_vendor:/opt/ros/jazzy/opt/gz_sensors_vendor:/opt/ros/jazzy/opt/gz_physics_vendor:/opt/ros/jazzy/opt/sdformat_vendor:/opt/ros/jazzy/opt/gz_gui_vendor:/opt/ros/jazzy/opt/gz_transport_vendor:/opt/ros/jazzy/opt/gz_rendering_vendor:/opt/ros/jazzy/opt/gz_plugin_vendor:/opt/ros/jazzy/opt/gz_fuel_tools_vendor:/opt/ros/jazzy/opt/gz_msgs_vendor:/opt/ros/jazzy/opt/gz_common_vendor:/opt/ros/jazzy/opt/gz_math_vendor:/opt/ros/jazzy/opt/gz_utils_vendor:/opt/ros/jazzy/opt/gz_tools_vendor:/opt/ros/jazzy/opt/gz_ogre_next_vendor:/opt/ros/jazzy/opt/gz_dartsim_vendor:/opt/ros/jazzy/opt/gz_cmake_vendor:/home/ubuntuuser/ws/install/test_pkg:/opt/ros/jazzy DEBUGINFOD_URLS=https://debuginfod.ubuntu.com LD_LIBRARY_PATH=/home/ubuntuuser/ros2_ws/install/crazyflie_interfaces/lib:${LD_LIBRARY_PATH} PYTHONPATH=/home/ubuntuuser/ros2_ws/install/crazyflie_py/lib/python3.12/site-packages:/home/ubuntuuser/ros2_ws/install/crazyflie_interfaces/lib/python3.12/site-packages:${PYTHONPATH} /usr/bin/cmake --install /home/ubuntuuser/ros2_ws/build/crazyflie_examples
