[0.068s] Invoking command in '/home/ubuntuuser/ros2_ws/build/crazyflie_examples': AMENT_PREFIX_PATH=/home/ubuntuuser/ros2_ws/install/crazyflie_py:/home/ubuntuuser/ros2_ws/install/turtlebot_controller:/home/ubuntuuser/ros2_ws/install/turtlebot3_simulations:/home/ubuntuuser/ros2_ws/install/turtlebot3_gazebo:/home/ubuntuuser/ros2_ws/install/turtlebot3_fake_node:/home/ubuntuuser/ros2_ws/install/crazyflie_sim:/home/ubuntuuser/ros2_ws/install/crazyflie_examples:/home/ubuntuuser/ros2_ws/install/crazyflie:/home/ubuntuuser/ros2_ws/install/crazyflie_interfaces:/home/ubuntuuser/ros2_ws/install/crazyflie_controller:/opt/ros/jazzy CMAKE_PREFIX_PATH=/home/ubuntuuser/ros2_ws/install/crazyflie_interfaces:/home/ubuntuuser/ros2_ws/install/turtlebot3_simulations:/home/ubuntuuser/ros2_ws/install/turtlebot3_gazebo:/home/ubuntuuser/ros2_ws/install/turtlebot3_fake_node:/home/ubuntuuser/ros2_ws/install/crazyflie_sim:/home/ubuntuuser/ros2_ws/install/crazyflie_examples:/home/ubuntuuser/ros2_ws/install/crazyflie:/opt/ros/jazzy/opt/gz_sim_vendor:/opt/ros/jazzy/opt/gz_sensors_vendor:/opt/ros/jazzy/opt/gz_physics_vendor:/opt/ros/jazzy/opt/sdformat_vendor:/opt/ros/jazzy/opt/gz_gui_vendor:/opt/ros/jazzy/opt/gz_transport_vendor:/opt/ros/jazzy/opt/gz_rendering_vendor:/opt/ros/jazzy/opt/gz_plugin_vendor:/opt/ros/jazzy/opt/gz_fuel_tools_vendor:/opt/ros/jazzy/opt/gz_msgs_vendor:/opt/ros/jazzy/opt/gz_common_vendor:/opt/ros/jazzy/opt/gz_math_vendor:/opt/ros/jazzy/opt/gz_utils_vendor:/opt/ros/jazzy/opt/gz_tools_vendor:/opt/ros/jazzy/opt/gz_ogre_next_vendor:/opt/ros/jazzy/opt/gz_dartsim_vendor:/opt/ros/jazzy/opt/gz_cmake_vendor:/home/ubuntuuser/ros2_ws/install/turtlebot_controller:/home/ubuntuuser/ros2_ws/install/crazyflie_py:/home/ubuntuuser/ros2_ws/install/crazyflie_controller:/opt/ros/jazzy DEBUGINFOD_URLS=https://debuginfod.ubuntu.com PYTHONPATH=/home/ubuntuuser/ros2_ws/install/crazyflie_py/lib/python3.12/site-packages:/home/ubuntuuser/ros2_ws/install/crazyflie_interfaces/lib/python3.12/site-packages:/home/ubuntuuser/ros2_ws/install/turtlebot_controller/lib/python3.12/site-packages:/home/ubuntuuser/ros2_ws/install/crazyflie_sim/lib/python3.12/site-packages:/home/ubuntuuser/ros2_ws/install/crazyflie_examples/lib/python3.12/site-packages:/home/ubuntuuser/ros2_ws/install/crazyflie_controller/lib/python3.12/site-packages:/opt/ros/jazzy/lib/python3.12/site-packages /usr/bin/cmake --build /home/ubuntuuser/ros2_ws/build/crazyflie_examples -- -j4 -l4
[0.531s] Built target ament_cmake_python_symlink_crazyflie_examples_setup
[0.754s] Built target ament_cmake_python_symlink_crazyflie_examples
[1.866s] running egg_info
[1.946s] writing crazyflie_examples.egg-info/PKG-INFO
[1.949s] writing dependency_links to crazyflie_examples.egg-info/dependency_links.txt
[1.952s] writing entry points to crazyflie_examples.egg-info/entry_points.txt
[1.953s] writing top-level names to crazyflie_examples.egg-info/top_level.txt
[2.325s] reading manifest file 'crazyflie_examples.egg-info/SOURCES.txt'
[2.325s] writing manifest file 'crazyflie_examples.egg-info/SOURCES.txt'
[2.508s] Built target ament_cmake_python_build_crazyflie_examples_egg
[3.941s] running install_scripts
[4.112s] /usr/lib/python3/dist-packages/setuptools/_distutils/cmd.py:66: SetuptoolsDeprecationWarning: setup.py install is deprecated.
[4.112s] !!
[4.112s] 
[4.112s]         ********************************************************************************
[4.113s]         Please avoid running ``setup.py`` directly.
[4.113s]         Instead, use pypa/build, pypa/installer or other
[4.113s]         standards-based tools.
[4.113s] 
[4.113s]         See https://blog.ganssle.io/articles/2021/10/setup-py-deprecated.html for details.
[4.113s]         ********************************************************************************
[4.113s] 
[4.113s] !!
[4.114s]   self.initialize_options()
[4.126s] running egg_info
[4.436s] writing crazyflie_examples.egg-info/PKG-INFO
[4.436s] writing dependency_links to crazyflie_examples.egg-info/dependency_links.txt
[4.440s] writing entry points to crazyflie_examples.egg-info/entry_points.txt
[4.440s] writing top-level names to crazyflie_examples.egg-info/top_level.txt
[4.625s] reading manifest file 'crazyflie_examples.egg-info/SOURCES.txt'
[4.627s] writing manifest file 'crazyflie_examples.egg-info/SOURCES.txt'
[5.152s] Installing arming script to scripts
[5.159s] Installing cmd_full_state script to scripts
[5.160s] Installing figure8 script to scripts
[5.160s] Installing group_mask script to scripts
[5.162s] Installing hello_world script to scripts
[5.170s] Installing infinite_flight script to scripts
[5.175s] Installing multi_trajectory script to scripts
[5.175s] Installing nice_hover script to scripts
[5.176s] Installing set_param script to scripts
[5.183s] Installing swap script to scripts
[5.371s] Built target ament_cmake_python_build_crazyflie_examples_scripts
[5.453s] Invoked command in '/home/ubuntuuser/ros2_ws/build/crazyflie_examples' returned '0': AMENT_PREFIX_PATH=/home/ubuntuuser/ros2_ws/install/crazyflie_py:/home/ubuntuuser/ros2_ws/install/turtlebot_controller:/home/ubuntuuser/ros2_ws/install/turtlebot3_simulations:/home/ubuntuuser/ros2_ws/install/turtlebot3_gazebo:/home/ubuntuuser/ros2_ws/install/turtlebot3_fake_node:/home/ubuntuuser/ros2_ws/install/crazyflie_sim:/home/ubuntuuser/ros2_ws/install/crazyflie_examples:/home/ubuntuuser/ros2_ws/install/crazyflie:/home/ubuntuuser/ros2_ws/install/crazyflie_interfaces:/home/ubuntuuser/ros2_ws/install/crazyflie_controller:/opt/ros/jazzy CMAKE_PREFIX_PATH=/home/ubuntuuser/ros2_ws/install/crazyflie_interfaces:/home/ubuntuuser/ros2_ws/install/turtlebot3_simulations:/home/ubuntuuser/ros2_ws/install/turtlebot3_gazebo:/home/ubuntuuser/ros2_ws/install/turtlebot3_fake_node:/home/ubuntuuser/ros2_ws/install/crazyflie_sim:/home/ubuntuuser/ros2_ws/install/crazyflie_examples:/home/ubuntuuser/ros2_ws/install/crazyflie:/opt/ros/jazzy/opt/gz_sim_vendor:/opt/ros/jazzy/opt/gz_sensors_vendor:/opt/ros/jazzy/opt/gz_physics_vendor:/opt/ros/jazzy/opt/sdformat_vendor:/opt/ros/jazzy/opt/gz_gui_vendor:/opt/ros/jazzy/opt/gz_transport_vendor:/opt/ros/jazzy/opt/gz_rendering_vendor:/opt/ros/jazzy/opt/gz_plugin_vendor:/opt/ros/jazzy/opt/gz_fuel_tools_vendor:/opt/ros/jazzy/opt/gz_msgs_vendor:/opt/ros/jazzy/opt/gz_common_vendor:/opt/ros/jazzy/opt/gz_math_vendor:/opt/ros/jazzy/opt/gz_utils_vendor:/opt/ros/jazzy/opt/gz_tools_vendor:/opt/ros/jazzy/opt/gz_ogre_next_vendor:/opt/ros/jazzy/opt/gz_dartsim_vendor:/opt/ros/jazzy/opt/gz_cmake_vendor:/home/ubuntuuser/ros2_ws/install/turtlebot_controller:/home/ubuntuuser/ros2_ws/install/crazyflie_py:/home/ubuntuuser/ros2_ws/install/crazyflie_controller:/opt/ros/jazzy DEBUGINFOD_URLS=https://debuginfod.ubuntu.com PYTHONPATH=/home/ubuntuuser/ros2_ws/install/crazyflie_py/lib/python3.12/site-packages:/home/ubuntuuser/ros2_ws/install/crazyflie_interfaces/lib/python3.12/site-packages:/home/ubuntuuser/ros2_ws/install/turtlebot_controller/lib/python3.12/site-packages:/home/ubuntuuser/ros2_ws/install/crazyflie_sim/lib/python3.12/site-packages:/home/ubuntuuser/ros2_ws/install/crazyflie_examples/lib/python3.12/site-packages:/home/ubuntuuser/ros2_ws/install/crazyflie_controller/lib/python3.12/site-packages:/opt/ros/jazzy/lib/python3.12/site-packages /usr/bin/cmake --build /home/ubuntuuser/ros2_ws/build/crazyflie_examples -- -j4 -l4
[5.464s] Invoking command in '/home/ubuntuuser/ros2_ws/build/crazyflie_examples': AMENT_PREFIX_PATH=/home/ubuntuuser/ros2_ws/install/crazyflie_py:/home/ubuntuuser/ros2_ws/install/turtlebot_controller:/home/ubuntuuser/ros2_ws/install/turtlebot3_simulations:/home/ubuntuuser/ros2_ws/install/turtlebot3_gazebo:/home/ubuntuuser/ros2_ws/install/turtlebot3_fake_node:/home/ubuntuuser/ros2_ws/install/crazyflie_sim:/home/ubuntuuser/ros2_ws/install/crazyflie_examples:/home/ubuntuuser/ros2_ws/install/crazyflie:/home/ubuntuuser/ros2_ws/install/crazyflie_interfaces:/home/ubuntuuser/ros2_ws/install/crazyflie_controller:/opt/ros/jazzy CMAKE_PREFIX_PATH=/home/ubuntuuser/ros2_ws/install/crazyflie_interfaces:/home/ubuntuuser/ros2_ws/install/turtlebot3_simulations:/home/ubuntuuser/ros2_ws/install/turtlebot3_gazebo:/home/ubuntuuser/ros2_ws/install/turtlebot3_fake_node:/home/ubuntuuser/ros2_ws/install/crazyflie_sim:/home/ubuntuuser/ros2_ws/install/crazyflie_examples:/home/ubuntuuser/ros2_ws/install/crazyflie:/opt/ros/jazzy/opt/gz_sim_vendor:/opt/ros/jazzy/opt/gz_sensors_vendor:/opt/ros/jazzy/opt/gz_physics_vendor:/opt/ros/jazzy/opt/sdformat_vendor:/opt/ros/jazzy/opt/gz_gui_vendor:/opt/ros/jazzy/opt/gz_transport_vendor:/opt/ros/jazzy/opt/gz_rendering_vendor:/opt/ros/jazzy/opt/gz_plugin_vendor:/opt/ros/jazzy/opt/gz_fuel_tools_vendor:/opt/ros/jazzy/opt/gz_msgs_vendor:/opt/ros/jazzy/opt/gz_common_vendor:/opt/ros/jazzy/opt/gz_math_vendor:/opt/ros/jazzy/opt/gz_utils_vendor:/opt/ros/jazzy/opt/gz_tools_vendor:/opt/ros/jazzy/opt/gz_ogre_next_vendor:/opt/ros/jazzy/opt/gz_dartsim_vendor:/opt/ros/jazzy/opt/gz_cmake_vendor:/home/ubuntuuser/ros2_ws/install/turtlebot_controller:/home/ubuntuuser/ros2_ws/install/crazyflie_py:/home/ubuntuuser/ros2_ws/install/crazyflie_controller:/opt/ros/jazzy DEBUGINFOD_URLS=https://debuginfod.ubuntu.com PYTHONPATH=/home/ubuntuuser/ros2_ws/install/crazyflie_py/lib/python3.12/site-packages:/home/ubuntuuser/ros2_ws/install/crazyflie_interfaces/lib/python3.12/site-packages:/home/ubuntuuser/ros2_ws/install/turtlebot_controller/lib/python3.12/site-packages:/home/ubuntuuser/ros2_ws/install/crazyflie_sim/lib/python3.12/site-packages:/home/ubuntuuser/ros2_ws/install/crazyflie_examples/lib/python3.12/site-packages:/home/ubuntuuser/ros2_ws/install/crazyflie_controller/lib/python3.12/site-packages:/opt/ros/jazzy/lib/python3.12/site-packages /usr/bin/cmake --install /home/ubuntuuser/ros2_ws/build/crazyflie_examples
[5.497s] -- Install configuration: ""
[5.500s] -- Execute custom install script
[5.501s] -- Up-to-date symlink: /home/ubuntuuser/ros2_ws/install/crazyflie_examples/share/crazyflie_examples/environment/pythonpath.sh
[5.503s] -- Up-to-date symlink: /home/ubuntuuser/ros2_ws/install/crazyflie_examples/share/crazyflie_examples/environment/pythonpath.dsv
[5.506s] -- Up-to-date symlink: /home/ubuntuuser/ros2_ws/install/crazyflie_examples/lib/python3.12/site-packages/crazyflie_examples-1.0.3-py3.12.egg-info/PKG-INFO
[5.507s] -- Up-to-date symlink: /home/ubuntuuser/ros2_ws/install/crazyflie_examples/lib/python3.12/site-packages/crazyflie_examples-1.0.3-py3.12.egg-info/SOURCES.txt
[5.509s] -- Up-to-date symlink: /home/ubuntuuser/ros2_ws/install/crazyflie_examples/lib/python3.12/site-packages/crazyflie_examples-1.0.3-py3.12.egg-info/dependency_links.txt
[5.509s] -- Up-to-date symlink: /home/ubuntuuser/ros2_ws/install/crazyflie_examples/lib/python3.12/site-packages/crazyflie_examples-1.0.3-py3.12.egg-info/entry_points.txt
[5.511s] -- Up-to-date symlink: /home/ubuntuuser/ros2_ws/install/crazyflie_examples/lib/python3.12/site-packages/crazyflie_examples-1.0.3-py3.12.egg-info/top_level.txt
[5.517s] -- Up-to-date symlink: /home/ubuntuuser/ros2_ws/install/crazyflie_examples/lib/crazyflie_examples//arming
[5.517s] -- Up-to-date symlink: /home/ubuntuuser/ros2_ws/install/crazyflie_examples/lib/crazyflie_examples//cmd_full_state
[5.519s] -- Up-to-date symlink: /home/ubuntuuser/ros2_ws/install/crazyflie_examples/lib/crazyflie_examples//figure8
[5.524s] -- Up-to-date symlink: /home/ubuntuuser/ros2_ws/install/crazyflie_examples/lib/crazyflie_examples//group_mask
[5.539s] -- Up-to-date symlink: /home/ubuntuuser/ros2_ws/install/crazyflie_examples/lib/crazyflie_examples//hello_world
[5.539s] -- Up-to-date symlink: /home/ubuntuuser/ros2_ws/install/crazyflie_examples/lib/crazyflie_examples//infinite_flight
[5.539s] -- Up-to-date symlink: /home/ubuntuuser/ros2_ws/install/crazyflie_examples/lib/crazyflie_examples//multi_trajectory
[5.541s] -- Up-to-date symlink: /home/ubuntuuser/ros2_ws/install/crazyflie_examples/lib/crazyflie_examples//nice_hover
[5.541s] -- Up-to-date symlink: /home/ubuntuuser/ros2_ws/install/crazyflie_examples/lib/crazyflie_examples//set_param
[5.543s] -- Up-to-date symlink: /home/ubuntuuser/ros2_ws/install/crazyflie_examples/lib/crazyflie_examples//swap
[5.548s] -- Up-to-date symlink: /home/ubuntuuser/ros2_ws/install/crazyflie_examples/lib/python3.12/site-packages/crazyflie_examples/__init__.py
[5.549s] -- Up-to-date symlink: /home/ubuntuuser/ros2_ws/install/crazyflie_examples/lib/python3.12/site-packages/crazyflie_examples/arming.py
[5.551s] -- Up-to-date symlink: /home/ubuntuuser/ros2_ws/install/crazyflie_examples/lib/python3.12/site-packages/crazyflie_examples/cmd_full_state.py
[5.552s] -- Up-to-date symlink: /home/ubuntuuser/ros2_ws/install/crazyflie_examples/lib/python3.12/site-packages/crazyflie_examples/data/figure8.csv
[5.554s] -- Up-to-date symlink: /home/ubuntuuser/ros2_ws/install/crazyflie_examples/lib/python3.12/site-packages/crazyflie_examples/data/multi_trajectory/traj0.csv
[5.555s] -- Up-to-date symlink: /home/ubuntuuser/ros2_ws/install/crazyflie_examples/lib/python3.12/site-packages/crazyflie_examples/data/multi_trajectory/traj1.csv
[5.558s] -- Up-to-date symlink: /home/ubuntuuser/ros2_ws/install/crazyflie_examples/lib/python3.12/site-packages/crazyflie_examples/figure8.py
[5.559s] -- Up-to-date symlink: /home/ubuntuuser/ros2_ws/install/crazyflie_examples/lib/python3.12/site-packages/crazyflie_examples/group_mask.py
[5.560s] -- Up-to-date symlink: /home/ubuntuuser/ros2_ws/install/crazyflie_examples/lib/python3.12/site-packages/crazyflie_examples/hello_world.py
[5.561s] -- Up-to-date symlink: /home/ubuntuuser/ros2_ws/install/crazyflie_examples/lib/python3.12/site-packages/crazyflie_examples/infinite_flight.py
[5.563s] -- Up-to-date symlink: /home/ubuntuuser/ros2_ws/install/crazyflie_examples/lib/python3.12/site-packages/crazyflie_examples/multi_trajectory.py
[5.564s] -- Up-to-date symlink: /home/ubuntuuser/ros2_ws/install/crazyflie_examples/lib/python3.12/site-packages/crazyflie_examples/nice_hover.py
[5.565s] -- Up-to-date symlink: /home/ubuntuuser/ros2_ws/install/crazyflie_examples/lib/python3.12/site-packages/crazyflie_examples/set_param.py
[5.565s] -- Up-to-date symlink: /home/ubuntuuser/ros2_ws/install/crazyflie_examples/lib/python3.12/site-packages/crazyflie_examples/swap.py
[5.567s] -- Up-to-date symlink: /home/ubuntuuser/ros2_ws/install/crazyflie_examples/share/crazyflie_examples//config/nav2_params.yaml
[5.568s] -- Up-to-date symlink: /home/ubuntuuser/ros2_ws/install/crazyflie_examples/share/crazyflie_examples//config/nav2_view.rviz
[5.569s] -- Up-to-date symlink: /home/ubuntuuser/ros2_ws/install/crazyflie_examples/share/crazyflie_examples//config/slam_params.yaml
[5.570s] -- Up-to-date symlink: /home/ubuntuuser/ros2_ws/install/crazyflie_examples/share/crazyflie_examples//data/map.data
[5.571s] -- Up-to-date symlink: /home/ubuntuuser/ros2_ws/install/crazyflie_examples/share/crazyflie_examples//data/map.pgm
[5.572s] -- Up-to-date symlink: /home/ubuntuuser/ros2_ws/install/crazyflie_examples/share/crazyflie_examples//data/map.posegraph
[5.577s] -- Up-to-date symlink: /home/ubuntuuser/ros2_ws/install/crazyflie_examples/share/crazyflie_examples//data/map.yaml
[5.578s] -- Up-to-date symlink: /home/ubuntuuser/ros2_ws/install/crazyflie_examples/share/crazyflie_examples//launch/keyboard_velmux_launch.py
[5.579s] -- Up-to-date symlink: /home/ubuntuuser/ros2_ws/install/crazyflie_examples/share/crazyflie_examples//launch/launch.py
[5.580s] -- Up-to-date symlink: /home/ubuntuuser/ros2_ws/install/crazyflie_examples/share/crazyflie_examples//launch/multiranger_mapping_launch.py
[5.581s] -- Up-to-date symlink: /home/ubuntuuser/ros2_ws/install/crazyflie_examples/share/crazyflie_examples//launch/multiranger_nav2_launch.py
[5.582s] -- Up-to-date symlink: /home/ubuntuuser/ros2_ws/install/crazyflie_examples/share/crazyflie_examples//launch/multiranger_simple_mapper_launch.py
[5.583s] -- Up-to-date symlink: /home/ubuntuuser/ros2_ws/install/crazyflie_examples/share/ament_index/resource_index/package_run_dependencies/crazyflie_examples
[5.584s] -- Up-to-date symlink: /home/ubuntuuser/ros2_ws/install/crazyflie_examples/share/ament_index/resource_index/parent_prefix_path/crazyflie_examples
[5.585s] -- Up-to-date symlink: /home/ubuntuuser/ros2_ws/install/crazyflie_examples/share/crazyflie_examples/environment/ament_prefix_path.sh
[5.586s] -- Up-to-date symlink: /home/ubuntuuser/ros2_ws/install/crazyflie_examples/share/crazyflie_examples/environment/ament_prefix_path.dsv
[5.587s] -- Up-to-date symlink: /home/ubuntuuser/ros2_ws/install/crazyflie_examples/share/crazyflie_examples/environment/path.sh
[5.588s] -- Up-to-date symlink: /home/ubuntuuser/ros2_ws/install/crazyflie_examples/share/crazyflie_examples/environment/path.dsv
[5.589s] -- Up-to-date symlink: /home/ubuntuuser/ros2_ws/install/crazyflie_examples/share/crazyflie_examples/local_setup.bash
[5.590s] -- Up-to-date symlink: /home/ubuntuuser/ros2_ws/install/crazyflie_examples/share/crazyflie_examples/local_setup.sh
[5.591s] -- Up-to-date symlink: /home/ubuntuuser/ros2_ws/install/crazyflie_examples/share/crazyflie_examples/local_setup.zsh
[5.592s] -- Up-to-date symlink: /home/ubuntuuser/ros2_ws/install/crazyflie_examples/share/crazyflie_examples/local_setup.dsv
[5.593s] -- Symlinking: /home/ubuntuuser/ros2_ws/install/crazyflie_examples/share/crazyflie_examples/package.dsv
[5.662s] -- Up-to-date symlink: /home/ubuntuuser/ros2_ws/install/crazyflie_examples/share/ament_index/resource_index/packages/crazyflie_examples
[5.663s] -- Up-to-date symlink: /home/ubuntuuser/ros2_ws/install/crazyflie_examples/share/crazyflie_examples/cmake/crazyflie_examplesConfig.cmake
[5.663s] -- Up-to-date symlink: /home/ubuntuuser/ros2_ws/install/crazyflie_examples/share/crazyflie_examples/cmake/crazyflie_examplesConfig-version.cmake
[5.663s] -- Up-to-date symlink: /home/ubuntuuser/ros2_ws/install/crazyflie_examples/share/crazyflie_examples/package.xml
[5.775s] Listing '/home/ubuntuuser/ros2_ws/install/crazyflie_examples/lib/python3.12/site-packages/crazyflie_examples'...
[5.776s] Listing '/home/ubuntuuser/ros2_ws/install/crazyflie_examples/lib/python3.12/site-packages/crazyflie_examples/data'...
[5.776s] Listing '/home/ubuntuuser/ros2_ws/install/crazyflie_examples/lib/python3.12/site-packages/crazyflie_examples/data/multi_trajectory'...
[5.807s] Invoked command in '/home/ubuntuuser/ros2_ws/build/crazyflie_examples' returned '0': AMENT_PREFIX_PATH=/home/ubuntuuser/ros2_ws/install/crazyflie_py:/home/ubuntuuser/ros2_ws/install/turtlebot_controller:/home/ubuntuuser/ros2_ws/install/turtlebot3_simulations:/home/ubuntuuser/ros2_ws/install/turtlebot3_gazebo:/home/ubuntuuser/ros2_ws/install/turtlebot3_fake_node:/home/ubuntuuser/ros2_ws/install/crazyflie_sim:/home/ubuntuuser/ros2_ws/install/crazyflie_examples:/home/ubuntuuser/ros2_ws/install/crazyflie:/home/ubuntuuser/ros2_ws/install/crazyflie_interfaces:/home/ubuntuuser/ros2_ws/install/crazyflie_controller:/opt/ros/jazzy CMAKE_PREFIX_PATH=/home/ubuntuuser/ros2_ws/install/crazyflie_interfaces:/home/ubuntuuser/ros2_ws/install/turtlebot3_simulations:/home/ubuntuuser/ros2_ws/install/turtlebot3_gazebo:/home/ubuntuuser/ros2_ws/install/turtlebot3_fake_node:/home/ubuntuuser/ros2_ws/install/crazyflie_sim:/home/ubuntuuser/ros2_ws/install/crazyflie_examples:/home/ubuntuuser/ros2_ws/install/crazyflie:/opt/ros/jazzy/opt/gz_sim_vendor:/opt/ros/jazzy/opt/gz_sensors_vendor:/opt/ros/jazzy/opt/gz_physics_vendor:/opt/ros/jazzy/opt/sdformat_vendor:/opt/ros/jazzy/opt/gz_gui_vendor:/opt/ros/jazzy/opt/gz_transport_vendor:/opt/ros/jazzy/opt/gz_rendering_vendor:/opt/ros/jazzy/opt/gz_plugin_vendor:/opt/ros/jazzy/opt/gz_fuel_tools_vendor:/opt/ros/jazzy/opt/gz_msgs_vendor:/opt/ros/jazzy/opt/gz_common_vendor:/opt/ros/jazzy/opt/gz_math_vendor:/opt/ros/jazzy/opt/gz_utils_vendor:/opt/ros/jazzy/opt/gz_tools_vendor:/opt/ros/jazzy/opt/gz_ogre_next_vendor:/opt/ros/jazzy/opt/gz_dartsim_vendor:/opt/ros/jazzy/opt/gz_cmake_vendor:/home/ubuntuuser/ros2_ws/install/turtlebot_controller:/home/ubuntuuser/ros2_ws/install/crazyflie_py:/home/ubuntuuser/ros2_ws/install/crazyflie_controller:/opt/ros/jazzy DEBUGINFOD_URLS=https://debuginfod.ubuntu.com PYTHONPATH=/home/ubuntuuser/ros2_ws/install/crazyflie_py/lib/python3.12/site-packages:/home/ubuntuuser/ros2_ws/install/crazyflie_interfaces/lib/python3.12/site-packages:/home/ubuntuuser/ros2_ws/install/turtlebot_controller/lib/python3.12/site-packages:/home/ubuntuuser/ros2_ws/install/crazyflie_sim/lib/python3.12/site-packages:/home/ubuntuuser/ros2_ws/install/crazyflie_examples/lib/python3.12/site-packages:/home/ubuntuuser/ros2_ws/install/crazyflie_controller/lib/python3.12/site-packages:/opt/ros/jazzy/lib/python3.12/site-packages /usr/bin/cmake --install /home/ubuntuuser/ros2_ws/build/crazyflie_examples
