[0.034s] Invoking command in '/home/ubuntuuser/ros2_ws/build/crazyflie': CMAKE_PREFIX_PATH=/home/ubuntuuser/ros2_ws/install/crazyflie_interfaces:/home/ubuntuuser/ros2_ws/install/turtlebot3_simulations:/home/ubuntuuser/ros2_ws/install/turtlebot3_gazebo:/home/ubuntuuser/ros2_ws/install/turtlebot3_fake_node:/home/ubuntuuser/ros2_ws/install/crazyflie_sim:/home/ubuntuuser/ros2_ws/install/crazyflie_examples:/home/ubuntuuser/ros2_ws/install/crazyflie:/opt/ros/jazzy/opt/gz_sim_vendor:/opt/ros/jazzy/opt/gz_sensors_vendor:/opt/ros/jazzy/opt/gz_physics_vendor:/opt/ros/jazzy/opt/sdformat_vendor:/opt/ros/jazzy/opt/gz_gui_vendor:/opt/ros/jazzy/opt/gz_transport_vendor:/opt/ros/jazzy/opt/gz_rendering_vendor:/opt/ros/jazzy/opt/gz_plugin_vendor:/opt/ros/jazzy/opt/gz_fuel_tools_vendor:/opt/ros/jazzy/opt/gz_msgs_vendor:/opt/ros/jazzy/opt/gz_common_vendor:/opt/ros/jazzy/opt/gz_math_vendor:/opt/ros/jazzy/opt/gz_utils_vendor:/opt/ros/jazzy/opt/gz_tools_vendor:/opt/ros/jazzy/opt/gz_ogre_next_vendor:/opt/ros/jazzy/opt/gz_dartsim_vendor:/opt/ros/jazzy/opt/gz_cmake_vendor:/home/ubuntuuser/ros2_ws/install/turtlebot_controller:/home/ubuntuuser/ros2_ws/install/crazyflie_py:/home/ubuntuuser/ros2_ws/install/crazyflie_controller:/opt/ros/jazzy DEBUGINFOD_URLS=https://debuginfod.ubuntu.com PYTHONPATH=/home/ubuntuuser/ros2_ws/install/crazyflie_interfaces/lib/python3.12/site-packages:/home/ubuntuuser/ros2_ws/install/turtlebot_controller/lib/python3.12/site-packages:/home/ubuntuuser/ros2_ws/install/crazyflie_sim/lib/python3.12/site-packages:/home/ubuntuuser/ros2_ws/install/crazyflie_examples/lib/python3.12/site-packages:/home/ubuntuuser/ros2_ws/install/crazyflie_py/lib/python3.12/site-packages:/home/ubuntuuser/ros2_ws/install/crazyflie_controller/lib/python3.12/site-packages:/opt/ros/jazzy/lib/python3.12/site-packages /usr/bin/cmake --build /home/ubuntuuser/ros2_ws/build/crazyflie -- -j4 -l4
[0.176s] [  5%] Built target teleop
[0.234s] [ 27%] Built target crazyflieLinkCpp
[0.295s] [ 35%] Built target crazyflie_cpp
[0.352s] [ 40%] Built target crazyflie_server
[0.420s] [ 45%] Built target listLogVariables
[0.499s] [ 50%] Built target listMemories
[0.555s] [ 55%] Built target reboot
[0.637s] [ 60%] Built target battery
[0.711s] [ 65%] Built target version
[0.769s] [ 70%] Built target console
[0.825s] [ 75%] Built target comCheck
[0.886s] [ 80%] Built target log
[0.955s] [ 85%] Built target downloadUSDLogfile
[1.023s] [ 90%] Built target setParam
[1.080s] [ 95%] Built target listParams
[1.137s] [100%] Built target scan
[1.175s] Invoked command in '/home/ubuntuuser/ros2_ws/build/crazyflie' returned '0': CMAKE_PREFIX_PATH=/home/ubuntuuser/ros2_ws/install/crazyflie_interfaces:/home/ubuntuuser/ros2_ws/install/turtlebot3_simulations:/home/ubuntuuser/ros2_ws/install/turtlebot3_gazebo:/home/ubuntuuser/ros2_ws/install/turtlebot3_fake_node:/home/ubuntuuser/ros2_ws/install/crazyflie_sim:/home/ubuntuuser/ros2_ws/install/crazyflie_examples:/home/ubuntuuser/ros2_ws/install/crazyflie:/opt/ros/jazzy/opt/gz_sim_vendor:/opt/ros/jazzy/opt/gz_sensors_vendor:/opt/ros/jazzy/opt/gz_physics_vendor:/opt/ros/jazzy/opt/sdformat_vendor:/opt/ros/jazzy/opt/gz_gui_vendor:/opt/ros/jazzy/opt/gz_transport_vendor:/opt/ros/jazzy/opt/gz_rendering_vendor:/opt/ros/jazzy/opt/gz_plugin_vendor:/opt/ros/jazzy/opt/gz_fuel_tools_vendor:/opt/ros/jazzy/opt/gz_msgs_vendor:/opt/ros/jazzy/opt/gz_common_vendor:/opt/ros/jazzy/opt/gz_math_vendor:/opt/ros/jazzy/opt/gz_utils_vendor:/opt/ros/jazzy/opt/gz_tools_vendor:/opt/ros/jazzy/opt/gz_ogre_next_vendor:/opt/ros/jazzy/opt/gz_dartsim_vendor:/opt/ros/jazzy/opt/gz_cmake_vendor:/home/ubuntuuser/ros2_ws/install/turtlebot_controller:/home/ubuntuuser/ros2_ws/install/crazyflie_py:/home/ubuntuuser/ros2_ws/install/crazyflie_controller:/opt/ros/jazzy DEBUGINFOD_URLS=https://debuginfod.ubuntu.com PYTHONPATH=/home/ubuntuuser/ros2_ws/install/crazyflie_interfaces/lib/python3.12/site-packages:/home/ubuntuuser/ros2_ws/install/turtlebot_controller/lib/python3.12/site-packages:/home/ubuntuuser/ros2_ws/install/crazyflie_sim/lib/python3.12/site-packages:/home/ubuntuuser/ros2_ws/install/crazyflie_examples/lib/python3.12/site-packages:/home/ubuntuuser/ros2_ws/install/crazyflie_py/lib/python3.12/site-packages:/home/ubuntuuser/ros2_ws/install/crazyflie_controller/lib/python3.12/site-packages:/opt/ros/jazzy/lib/python3.12/site-packages /usr/bin/cmake --build /home/ubuntuuser/ros2_ws/build/crazyflie -- -j4 -l4
[1.175s] Invoking command in '/home/ubuntuuser/ros2_ws/build/crazyflie': CMAKE_PREFIX_PATH=/home/ubuntuuser/ros2_ws/install/crazyflie_interfaces:/home/ubuntuuser/ros2_ws/install/turtlebot3_simulations:/home/ubuntuuser/ros2_ws/install/turtlebot3_gazebo:/home/ubuntuuser/ros2_ws/install/turtlebot3_fake_node:/home/ubuntuuser/ros2_ws/install/crazyflie_sim:/home/ubuntuuser/ros2_ws/install/crazyflie_examples:/home/ubuntuuser/ros2_ws/install/crazyflie:/opt/ros/jazzy/opt/gz_sim_vendor:/opt/ros/jazzy/opt/gz_sensors_vendor:/opt/ros/jazzy/opt/gz_physics_vendor:/opt/ros/jazzy/opt/sdformat_vendor:/opt/ros/jazzy/opt/gz_gui_vendor:/opt/ros/jazzy/opt/gz_transport_vendor:/opt/ros/jazzy/opt/gz_rendering_vendor:/opt/ros/jazzy/opt/gz_plugin_vendor:/opt/ros/jazzy/opt/gz_fuel_tools_vendor:/opt/ros/jazzy/opt/gz_msgs_vendor:/opt/ros/jazzy/opt/gz_common_vendor:/opt/ros/jazzy/opt/gz_math_vendor:/opt/ros/jazzy/opt/gz_utils_vendor:/opt/ros/jazzy/opt/gz_tools_vendor:/opt/ros/jazzy/opt/gz_ogre_next_vendor:/opt/ros/jazzy/opt/gz_dartsim_vendor:/opt/ros/jazzy/opt/gz_cmake_vendor:/home/ubuntuuser/ros2_ws/install/turtlebot_controller:/home/ubuntuuser/ros2_ws/install/crazyflie_py:/home/ubuntuuser/ros2_ws/install/crazyflie_controller:/opt/ros/jazzy DEBUGINFOD_URLS=https://debuginfod.ubuntu.com PYTHONPATH=/home/ubuntuuser/ros2_ws/install/crazyflie_interfaces/lib/python3.12/site-packages:/home/ubuntuuser/ros2_ws/install/turtlebot_controller/lib/python3.12/site-packages:/home/ubuntuuser/ros2_ws/install/crazyflie_sim/lib/python3.12/site-packages:/home/ubuntuuser/ros2_ws/install/crazyflie_examples/lib/python3.12/site-packages:/home/ubuntuuser/ros2_ws/install/crazyflie_py/lib/python3.12/site-packages:/home/ubuntuuser/ros2_ws/install/crazyflie_controller/lib/python3.12/site-packages:/opt/ros/jazzy/lib/python3.12/site-packages /usr/bin/cmake --install /home/ubuntuuser/ros2_ws/build/crazyflie
[1.201s] -- Install configuration: ""
[1.201s] -- Execute custom install script
[1.201s] -- Up-to-date symlink: /home/ubuntuuser/ros2_ws/install/crazyflie/lib/crazyflie/comCheck
[1.201s] -- Up-to-date symlink: /home/ubuntuuser/ros2_ws/install/crazyflie/lib/crazyflie/scan
[1.201s] -- Up-to-date symlink: /home/ubuntuuser/ros2_ws/install/crazyflie/lib/crazyflie/listParams
[1.201s] -- Up-to-date symlink: /home/ubuntuuser/ros2_ws/install/crazyflie/lib/crazyflie/listLogVariables
[1.202s] -- Up-to-date symlink: /home/ubuntuuser/ros2_ws/install/crazyflie/lib/crazyflie/listMemories
[1.202s] -- Up-to-date symlink: /home/ubuntuuser/ros2_ws/install/crazyflie/lib/crazyflie/reboot
[1.202s] -- Up-to-date symlink: /home/ubuntuuser/ros2_ws/install/crazyflie/lib/crazyflie/battery
[1.203s] -- Up-to-date symlink: /home/ubuntuuser/ros2_ws/install/crazyflie/lib/crazyflie/version
[1.203s] -- Up-to-date symlink: /home/ubuntuuser/ros2_ws/install/crazyflie/lib/crazyflie/console
[1.204s] -- Up-to-date symlink: /home/ubuntuuser/ros2_ws/install/crazyflie/lib/crazyflie/log
[1.204s] -- Up-to-date symlink: /home/ubuntuuser/ros2_ws/install/crazyflie/lib/crazyflie/setParam
[1.205s] -- Up-to-date symlink: /home/ubuntuuser/ros2_ws/install/crazyflie/lib/crazyflie/downloadUSDLogfile
[1.205s] -- Up-to-date symlink: /home/ubuntuuser/ros2_ws/install/crazyflie/lib/crazyflie/teleop
[1.205s] -- Up-to-date symlink: /home/ubuntuuser/ros2_ws/install/crazyflie/lib/crazyflie/crazyflie_server
[1.208s] -- Up-to-date symlink: /home/ubuntuuser/ros2_ws/install/crazyflie/lib/crazyflie/crazyflie_server.py
[1.208s] -- Up-to-date symlink: /home/ubuntuuser/ros2_ws/install/crazyflie/lib/crazyflie/chooser.py
[1.208s] -- Up-to-date symlink: /home/ubuntuuser/ros2_ws/install/crazyflie/lib/crazyflie/vel_mux.py
[1.208s] -- Up-to-date symlink: /home/ubuntuuser/ros2_ws/install/crazyflie/lib/crazyflie/cfmult.py
[1.209s] -- Up-to-date symlink: /home/ubuntuuser/ros2_ws/install/crazyflie/lib/crazyflie/simple_mapper_multiranger.py
[1.210s] -- Up-to-date symlink: /home/ubuntuuser/ros2_ws/install/crazyflie/lib/crazyflie/aideck_streamer.py
[1.210s] -- Up-to-date symlink: /home/ubuntuuser/ros2_ws/install/crazyflie/lib/crazyflie/gui.py
[1.211s] -- Up-to-date symlink: /home/ubuntuuser/ros2_ws/install/crazyflie/lib/crazyflie/flash.py
[1.213s] -- Up-to-date symlink: /home/ubuntuuser/ros2_ws/install/crazyflie/share/crazyflie//launch/launch.py
[1.213s] -- Up-to-date symlink: /home/ubuntuuser/ros2_ws/install/crazyflie/share/crazyflie//launch/launch_teleop2.py
[1.214s] -- Up-to-date symlink: /home/ubuntuuser/ros2_ws/install/crazyflie/share/crazyflie//launch/teleop_launch.py
[1.215s] -- Up-to-date symlink: /home/ubuntuuser/ros2_ws/install/crazyflie/share/crazyflie//config/aideck_streamer.yaml
[1.215s] -- Up-to-date symlink: /home/ubuntuuser/ros2_ws/install/crazyflie/share/crazyflie//config/config.rviz
[1.216s] -- Up-to-date symlink: /home/ubuntuuser/ros2_ws/install/crazyflie/share/crazyflie//config/crazyflies.yaml
[1.217s] -- Up-to-date symlink: /home/ubuntuuser/ros2_ws/install/crazyflie/share/crazyflie//config/motion_capture.yaml
[1.217s] -- Up-to-date symlink: /home/ubuntuuser/ros2_ws/install/crazyflie/share/crazyflie//config/server.yaml
[1.217s] -- Up-to-date symlink: /home/ubuntuuser/ros2_ws/install/crazyflie/share/crazyflie//config/teleop.yaml
[1.217s] -- Up-to-date symlink: /home/ubuntuuser/ros2_ws/install/crazyflie/share/crazyflie//urdf/cf2_assembly.stl
[1.217s] -- Up-to-date symlink: /home/ubuntuuser/ros2_ws/install/crazyflie/share/crazyflie//urdf/cf2_assembly_with_props.dae
[1.217s] -- Up-to-date symlink: /home/ubuntuuser/ros2_ws/install/crazyflie/share/crazyflie//urdf/crazyflie_description.urdf
[1.218s] -- Up-to-date symlink: /home/ubuntuuser/ros2_ws/install/crazyflie/share/ament_index/resource_index/package_run_dependencies/crazyflie
[1.218s] -- Up-to-date symlink: /home/ubuntuuser/ros2_ws/install/crazyflie/share/ament_index/resource_index/parent_prefix_path/crazyflie
[1.218s] -- Up-to-date symlink: /home/ubuntuuser/ros2_ws/install/crazyflie/share/crazyflie/environment/ament_prefix_path.sh
[1.218s] -- Up-to-date symlink: /home/ubuntuuser/ros2_ws/install/crazyflie/share/crazyflie/environment/ament_prefix_path.dsv
[1.219s] -- Up-to-date symlink: /home/ubuntuuser/ros2_ws/install/crazyflie/share/crazyflie/environment/path.sh
[1.219s] -- Up-to-date symlink: /home/ubuntuuser/ros2_ws/install/crazyflie/share/crazyflie/environment/path.dsv
[1.219s] -- Up-to-date symlink: /home/ubuntuuser/ros2_ws/install/crazyflie/share/crazyflie/local_setup.bash
[1.220s] -- Up-to-date symlink: /home/ubuntuuser/ros2_ws/install/crazyflie/share/crazyflie/local_setup.sh
[1.220s] -- Up-to-date symlink: /home/ubuntuuser/ros2_ws/install/crazyflie/share/crazyflie/local_setup.zsh
[1.220s] -- Up-to-date symlink: /home/ubuntuuser/ros2_ws/install/crazyflie/share/crazyflie/local_setup.dsv
[1.220s] -- Symlinking: /home/ubuntuuser/ros2_ws/install/crazyflie/share/crazyflie/package.dsv
[1.241s] -- Up-to-date symlink: /home/ubuntuuser/ros2_ws/install/crazyflie/share/ament_index/resource_index/packages/crazyflie
[1.244s] -- Up-to-date symlink: /home/ubuntuuser/ros2_ws/install/crazyflie/share/crazyflie/cmake/crazyflieConfig.cmake
[1.244s] -- Up-to-date symlink: /home/ubuntuuser/ros2_ws/install/crazyflie/share/crazyflie/cmake/crazyflieConfig-version.cmake
[1.244s] -- Up-to-date symlink: /home/ubuntuuser/ros2_ws/install/crazyflie/share/crazyflie/package.xml
[1.247s] Invoked command in '/home/ubuntuuser/ros2_ws/build/crazyflie' returned '0': CMAKE_PREFIX_PATH=/home/ubuntuuser/ros2_ws/install/crazyflie_interfaces:/home/ubuntuuser/ros2_ws/install/turtlebot3_simulations:/home/ubuntuuser/ros2_ws/install/turtlebot3_gazebo:/home/ubuntuuser/ros2_ws/install/turtlebot3_fake_node:/home/ubuntuuser/ros2_ws/install/crazyflie_sim:/home/ubuntuuser/ros2_ws/install/crazyflie_examples:/home/ubuntuuser/ros2_ws/install/crazyflie:/opt/ros/jazzy/opt/gz_sim_vendor:/opt/ros/jazzy/opt/gz_sensors_vendor:/opt/ros/jazzy/opt/gz_physics_vendor:/opt/ros/jazzy/opt/sdformat_vendor:/opt/ros/jazzy/opt/gz_gui_vendor:/opt/ros/jazzy/opt/gz_transport_vendor:/opt/ros/jazzy/opt/gz_rendering_vendor:/opt/ros/jazzy/opt/gz_plugin_vendor:/opt/ros/jazzy/opt/gz_fuel_tools_vendor:/opt/ros/jazzy/opt/gz_msgs_vendor:/opt/ros/jazzy/opt/gz_common_vendor:/opt/ros/jazzy/opt/gz_math_vendor:/opt/ros/jazzy/opt/gz_utils_vendor:/opt/ros/jazzy/opt/gz_tools_vendor:/opt/ros/jazzy/opt/gz_ogre_next_vendor:/opt/ros/jazzy/opt/gz_dartsim_vendor:/opt/ros/jazzy/opt/gz_cmake_vendor:/home/ubuntuuser/ros2_ws/install/turtlebot_controller:/home/ubuntuuser/ros2_ws/install/crazyflie_py:/home/ubuntuuser/ros2_ws/install/crazyflie_controller:/opt/ros/jazzy DEBUGINFOD_URLS=https://debuginfod.ubuntu.com PYTHONPATH=/home/ubuntuuser/ros2_ws/install/crazyflie_interfaces/lib/python3.12/site-packages:/home/ubuntuuser/ros2_ws/install/turtlebot_controller/lib/python3.12/site-packages:/home/ubuntuuser/ros2_ws/install/crazyflie_sim/lib/python3.12/site-packages:/home/ubuntuuser/ros2_ws/install/crazyflie_examples/lib/python3.12/site-packages:/home/ubuntuuser/ros2_ws/install/crazyflie_py/lib/python3.12/site-packages:/home/ubuntuuser/ros2_ws/install/crazyflie_controller/lib/python3.12/site-packages:/opt/ros/jazzy/lib/python3.12/site-packages /usr/bin/cmake --install /home/ubuntuuser/ros2_ws/build/crazyflie
