[0.030s] Invoking command in '/home/ubuntuuser/ros2_ws/build/crazyflie_sim': CMAKE_PREFIX_PATH=/home/ubuntuuser/ros2_ws/install/crazyflie_interfaces:/home/ubuntuuser/ros2_ws/install/turtlebot3_simulations:/home/ubuntuuser/ros2_ws/install/turtlebot3_gazebo:/home/ubuntuuser/ros2_ws/install/turtlebot3_fake_node:/home/ubuntuuser/ros2_ws/install/crazyflie_sim:/home/ubuntuuser/ros2_ws/install/crazyflie_examples:/home/ubuntuuser/ros2_ws/install/crazyflie:/opt/ros/jazzy/opt/gz_sim_vendor:/opt/ros/jazzy/opt/gz_sensors_vendor:/opt/ros/jazzy/opt/gz_physics_vendor:/opt/ros/jazzy/opt/sdformat_vendor:/opt/ros/jazzy/opt/gz_gui_vendor:/opt/ros/jazzy/opt/gz_transport_vendor:/opt/ros/jazzy/opt/gz_rendering_vendor:/opt/ros/jazzy/opt/gz_plugin_vendor:/opt/ros/jazzy/opt/gz_fuel_tools_vendor:/opt/ros/jazzy/opt/gz_msgs_vendor:/opt/ros/jazzy/opt/gz_common_vendor:/opt/ros/jazzy/opt/gz_math_vendor:/opt/ros/jazzy/opt/gz_utils_vendor:/opt/ros/jazzy/opt/gz_tools_vendor:/opt/ros/jazzy/opt/gz_ogre_next_vendor:/opt/ros/jazzy/opt/gz_dartsim_vendor:/opt/ros/jazzy/opt/gz_cmake_vendor:/home/ubuntuuser/ros2_ws/install/turtlebot_controller:/home/ubuntuuser/ros2_ws/install/crazyflie_py:/home/ubuntuuser/ros2_ws/install/crazyflie_controller:/opt/ros/jazzy DEBUGINFOD_URLS=https://debuginfod.ubuntu.com PYTHONPATH=/home/ubuntuuser/ros2_ws/install/crazyflie_interfaces/lib/python3.12/site-packages:/home/ubuntuuser/ros2_ws/install/turtlebot_controller/lib/python3.12/site-packages:/home/ubuntuuser/ros2_ws/install/crazyflie_sim/lib/python3.12/site-packages:/home/ubuntuuser/ros2_ws/install/crazyflie_examples/lib/python3.12/site-packages:/home/ubuntuuser/ros2_ws/install/crazyflie_py/lib/python3.12/site-packages:/home/ubuntuuser/ros2_ws/install/crazyflie_controller/lib/python3.12/site-packages:/opt/ros/jazzy/lib/python3.12/site-packages /usr/bin/cmake --build /home/ubuntuuser/ros2_ws/build/crazyflie_sim -- -j4 -l4
[0.516s] Built target ament_cmake_python_symlink_crazyflie_sim_setup
[0.709s] Built target ament_cmake_python_symlink_crazyflie_sim
[1.536s] running egg_info
[1.537s] writing crazyflie_sim.egg-info/PKG-INFO
[1.537s] writing dependency_links to crazyflie_sim.egg-info/dependency_links.txt
[1.537s] writing entry points to crazyflie_sim.egg-info/entry_points.txt
[1.537s] writing top-level names to crazyflie_sim.egg-info/top_level.txt
[1.610s] reading manifest file 'crazyflie_sim.egg-info/SOURCES.txt'
[1.614s] writing manifest file 'crazyflie_sim.egg-info/SOURCES.txt'
[1.771s] Built target ament_cmake_python_build_crazyflie_sim_egg
[2.607s] running install_scripts
[2.755s] /usr/lib/python3/dist-packages/setuptools/_distutils/cmd.py:66: SetuptoolsDeprecationWarning: setup.py install is deprecated.
[2.755s] !!
[2.755s] 
[2.755s]         ********************************************************************************
[2.755s]         Please avoid running ``setup.py`` directly.
[2.755s]         Instead, use pypa/build, pypa/installer or other
[2.755s]         standards-based tools.
[2.755s] 
[2.755s]         See https://blog.ganssle.io/articles/2021/10/setup-py-deprecated.html for details.
[2.755s]         ********************************************************************************
[2.755s] 
[2.755s] !!
[2.756s]   self.initialize_options()
[2.770s] running egg_info
[2.959s] writing crazyflie_sim.egg-info/PKG-INFO
[2.967s] writing dependency_links to crazyflie_sim.egg-info/dependency_links.txt
[2.971s] writing entry points to crazyflie_sim.egg-info/entry_points.txt
[2.971s] writing top-level names to crazyflie_sim.egg-info/top_level.txt
[3.055s] reading manifest file 'crazyflie_sim.egg-info/SOURCES.txt'
[3.058s] writing manifest file 'crazyflie_sim.egg-info/SOURCES.txt'
[3.433s] Installing crazyflie_server script to scripts
[3.607s] Built target ament_cmake_python_build_crazyflie_sim_scripts
[3.660s] Invoked command in '/home/ubuntuuser/ros2_ws/build/crazyflie_sim' returned '0': CMAKE_PREFIX_PATH=/home/ubuntuuser/ros2_ws/install/crazyflie_interfaces:/home/ubuntuuser/ros2_ws/install/turtlebot3_simulations:/home/ubuntuuser/ros2_ws/install/turtlebot3_gazebo:/home/ubuntuuser/ros2_ws/install/turtlebot3_fake_node:/home/ubuntuuser/ros2_ws/install/crazyflie_sim:/home/ubuntuuser/ros2_ws/install/crazyflie_examples:/home/ubuntuuser/ros2_ws/install/crazyflie:/opt/ros/jazzy/opt/gz_sim_vendor:/opt/ros/jazzy/opt/gz_sensors_vendor:/opt/ros/jazzy/opt/gz_physics_vendor:/opt/ros/jazzy/opt/sdformat_vendor:/opt/ros/jazzy/opt/gz_gui_vendor:/opt/ros/jazzy/opt/gz_transport_vendor:/opt/ros/jazzy/opt/gz_rendering_vendor:/opt/ros/jazzy/opt/gz_plugin_vendor:/opt/ros/jazzy/opt/gz_fuel_tools_vendor:/opt/ros/jazzy/opt/gz_msgs_vendor:/opt/ros/jazzy/opt/gz_common_vendor:/opt/ros/jazzy/opt/gz_math_vendor:/opt/ros/jazzy/opt/gz_utils_vendor:/opt/ros/jazzy/opt/gz_tools_vendor:/opt/ros/jazzy/opt/gz_ogre_next_vendor:/opt/ros/jazzy/opt/gz_dartsim_vendor:/opt/ros/jazzy/opt/gz_cmake_vendor:/home/ubuntuuser/ros2_ws/install/turtlebot_controller:/home/ubuntuuser/ros2_ws/install/crazyflie_py:/home/ubuntuuser/ros2_ws/install/crazyflie_controller:/opt/ros/jazzy DEBUGINFOD_URLS=https://debuginfod.ubuntu.com PYTHONPATH=/home/ubuntuuser/ros2_ws/install/crazyflie_interfaces/lib/python3.12/site-packages:/home/ubuntuuser/ros2_ws/install/turtlebot_controller/lib/python3.12/site-packages:/home/ubuntuuser/ros2_ws/install/crazyflie_sim/lib/python3.12/site-packages:/home/ubuntuuser/ros2_ws/install/crazyflie_examples/lib/python3.12/site-packages:/home/ubuntuuser/ros2_ws/install/crazyflie_py/lib/python3.12/site-packages:/home/ubuntuuser/ros2_ws/install/crazyflie_controller/lib/python3.12/site-packages:/opt/ros/jazzy/lib/python3.12/site-packages /usr/bin/cmake --build /home/ubuntuuser/ros2_ws/build/crazyflie_sim -- -j4 -l4
[3.661s] Invoking command in '/home/ubuntuuser/ros2_ws/build/crazyflie_sim': CMAKE_PREFIX_PATH=/home/ubuntuuser/ros2_ws/install/crazyflie_interfaces:/home/ubuntuuser/ros2_ws/install/turtlebot3_simulations:/home/ubuntuuser/ros2_ws/install/turtlebot3_gazebo:/home/ubuntuuser/ros2_ws/install/turtlebot3_fake_node:/home/ubuntuuser/ros2_ws/install/crazyflie_sim:/home/ubuntuuser/ros2_ws/install/crazyflie_examples:/home/ubuntuuser/ros2_ws/install/crazyflie:/opt/ros/jazzy/opt/gz_sim_vendor:/opt/ros/jazzy/opt/gz_sensors_vendor:/opt/ros/jazzy/opt/gz_physics_vendor:/opt/ros/jazzy/opt/sdformat_vendor:/opt/ros/jazzy/opt/gz_gui_vendor:/opt/ros/jazzy/opt/gz_transport_vendor:/opt/ros/jazzy/opt/gz_rendering_vendor:/opt/ros/jazzy/opt/gz_plugin_vendor:/opt/ros/jazzy/opt/gz_fuel_tools_vendor:/opt/ros/jazzy/opt/gz_msgs_vendor:/opt/ros/jazzy/opt/gz_common_vendor:/opt/ros/jazzy/opt/gz_math_vendor:/opt/ros/jazzy/opt/gz_utils_vendor:/opt/ros/jazzy/opt/gz_tools_vendor:/opt/ros/jazzy/opt/gz_ogre_next_vendor:/opt/ros/jazzy/opt/gz_dartsim_vendor:/opt/ros/jazzy/opt/gz_cmake_vendor:/home/ubuntuuser/ros2_ws/install/turtlebot_controller:/home/ubuntuuser/ros2_ws/install/crazyflie_py:/home/ubuntuuser/ros2_ws/install/crazyflie_controller:/opt/ros/jazzy DEBUGINFOD_URLS=https://debuginfod.ubuntu.com PYTHONPATH=/home/ubuntuuser/ros2_ws/install/crazyflie_interfaces/lib/python3.12/site-packages:/home/ubuntuuser/ros2_ws/install/turtlebot_controller/lib/python3.12/site-packages:/home/ubuntuuser/ros2_ws/install/crazyflie_sim/lib/python3.12/site-packages:/home/ubuntuuser/ros2_ws/install/crazyflie_examples/lib/python3.12/site-packages:/home/ubuntuuser/ros2_ws/install/crazyflie_py/lib/python3.12/site-packages:/home/ubuntuuser/ros2_ws/install/crazyflie_controller/lib/python3.12/site-packages:/opt/ros/jazzy/lib/python3.12/site-packages /usr/bin/cmake --install /home/ubuntuuser/ros2_ws/build/crazyflie_sim
[3.681s] -- Install configuration: ""
[3.684s] -- Execute custom install script
[3.685s] -- Up-to-date symlink: /home/ubuntuuser/ros2_ws/install/crazyflie_sim/share/crazyflie_sim/environment/pythonpath.sh
[3.689s] -- Up-to-date symlink: /home/ubuntuuser/ros2_ws/install/crazyflie_sim/share/crazyflie_sim/environment/pythonpath.dsv
[3.691s] -- Up-to-date symlink: /home/ubuntuuser/ros2_ws/install/crazyflie_sim/lib/python3.12/site-packages/crazyflie_sim-1.0.3-py3.12.egg-info/PKG-INFO
[3.693s] -- Up-to-date symlink: /home/ubuntuuser/ros2_ws/install/crazyflie_sim/lib/python3.12/site-packages/crazyflie_sim-1.0.3-py3.12.egg-info/SOURCES.txt
[3.693s] -- Up-to-date symlink: /home/ubuntuuser/ros2_ws/install/crazyflie_sim/lib/python3.12/site-packages/crazyflie_sim-1.0.3-py3.12.egg-info/dependency_links.txt
[3.694s] -- Up-to-date symlink: /home/ubuntuuser/ros2_ws/install/crazyflie_sim/lib/python3.12/site-packages/crazyflie_sim-1.0.3-py3.12.egg-info/entry_points.txt
[3.695s] -- Up-to-date symlink: /home/ubuntuuser/ros2_ws/install/crazyflie_sim/lib/python3.12/site-packages/crazyflie_sim-1.0.3-py3.12.egg-info/top_level.txt
[3.696s] -- Up-to-date symlink: /home/ubuntuuser/ros2_ws/install/crazyflie_sim/lib/crazyflie_sim//crazyflie_server
[3.698s] -- Up-to-date symlink: /home/ubuntuuser/ros2_ws/install/crazyflie_sim/lib/python3.12/site-packages/crazyflie_sim/__init__.py
[3.699s] -- Up-to-date symlink: /home/ubuntuuser/ros2_ws/install/crazyflie_sim/lib/python3.12/site-packages/crazyflie_sim/backend/data/dynobench/crazyflie2.yaml
[3.700s] -- Up-to-date symlink: /home/ubuntuuser/ros2_ws/install/crazyflie_sim/lib/python3.12/site-packages/crazyflie_sim/backend/data/neuralswarm2/phi_G.pth
[3.700s] -- Up-to-date symlink: /home/ubuntuuser/ros2_ws/install/crazyflie_sim/lib/python3.12/site-packages/crazyflie_sim/backend/data/neuralswarm2/phi_L.pth
[3.701s] -- Up-to-date symlink: /home/ubuntuuser/ros2_ws/install/crazyflie_sim/lib/python3.12/site-packages/crazyflie_sim/backend/data/neuralswarm2/phi_S.pth
[3.702s] -- Up-to-date symlink: /home/ubuntuuser/ros2_ws/install/crazyflie_sim/lib/python3.12/site-packages/crazyflie_sim/backend/data/neuralswarm2/rho_L.pth
[3.704s] -- Up-to-date symlink: /home/ubuntuuser/ros2_ws/install/crazyflie_sim/lib/python3.12/site-packages/crazyflie_sim/backend/data/neuralswarm2/rho_S.pth
[3.704s] -- Up-to-date symlink: /home/ubuntuuser/ros2_ws/install/crazyflie_sim/lib/python3.12/site-packages/crazyflie_sim/backend/data/pinocchio/crazyflie2.urdf
[3.704s] -- Up-to-date symlink: /home/ubuntuuser/ros2_ws/install/crazyflie_sim/lib/python3.12/site-packages/crazyflie_sim/backend/dynobench.py
[3.706s] -- Up-to-date symlink: /home/ubuntuuser/ros2_ws/install/crazyflie_sim/lib/python3.12/site-packages/crazyflie_sim/backend/neuralswarm.py
[3.706s] -- Up-to-date symlink: /home/ubuntuuser/ros2_ws/install/crazyflie_sim/lib/python3.12/site-packages/crazyflie_sim/backend/none.py
[3.707s] -- Up-to-date symlink: /home/ubuntuuser/ros2_ws/install/crazyflie_sim/lib/python3.12/site-packages/crazyflie_sim/backend/np.py
[3.707s] -- Up-to-date symlink: /home/ubuntuuser/ros2_ws/install/crazyflie_sim/lib/python3.12/site-packages/crazyflie_sim/backend/pinocchio.py
[3.708s] -- Up-to-date symlink: /home/ubuntuuser/ros2_ws/install/crazyflie_sim/lib/python3.12/site-packages/crazyflie_sim/crazyflie_server.py
[3.710s] -- Up-to-date symlink: /home/ubuntuuser/ros2_ws/install/crazyflie_sim/lib/python3.12/site-packages/crazyflie_sim/crazyflie_sil.py
[3.710s] -- Up-to-date symlink: /home/ubuntuuser/ros2_ws/install/crazyflie_sim/lib/python3.12/site-packages/crazyflie_sim/sim_data_types.py
[3.711s] -- Up-to-date symlink: /home/ubuntuuser/ros2_ws/install/crazyflie_sim/lib/python3.12/site-packages/crazyflie_sim/visualization/README.md
[3.712s] -- Up-to-date symlink: /home/ubuntuuser/ros2_ws/install/crazyflie_sim/lib/python3.12/site-packages/crazyflie_sim/visualization/blender.py
[3.713s] -- Up-to-date symlink: /home/ubuntuuser/ros2_ws/install/crazyflie_sim/lib/python3.12/site-packages/crazyflie_sim/visualization/data/README.md
[3.714s] -- Up-to-date symlink: /home/ubuntuuser/ros2_ws/install/crazyflie_sim/lib/python3.12/site-packages/crazyflie_sim/visualization/data/env/abandoned_greenhouse.jpg
[3.714s] -- Up-to-date symlink: /home/ubuntuuser/ros2_ws/install/crazyflie_sim/lib/python3.12/site-packages/crazyflie_sim/visualization/data/env/aerodynamics_workshop.jpg
[3.715s] -- Up-to-date symlink: /home/ubuntuuser/ros2_ws/install/crazyflie_sim/lib/python3.12/site-packages/crazyflie_sim/visualization/data/env/aviation_museum.jpg
[3.716s] -- Up-to-date symlink: /home/ubuntuuser/ros2_ws/install/crazyflie_sim/lib/python3.12/site-packages/crazyflie_sim/visualization/data/env/crosswalk.jpg
[3.716s] -- Up-to-date symlink: /home/ubuntuuser/ros2_ws/install/crazyflie_sim/lib/python3.12/site-packages/crazyflie_sim/visualization/data/env/derelict_overpass.jpg
[3.717s] -- Up-to-date symlink: /home/ubuntuuser/ros2_ws/install/crazyflie_sim/lib/python3.12/site-packages/crazyflie_sim/visualization/data/env/env.jpg
[3.717s] -- Up-to-date symlink: /home/ubuntuuser/ros2_ws/install/crazyflie_sim/lib/python3.12/site-packages/crazyflie_sim/visualization/data/env/lago_disola.jpg
[3.719s] -- Up-to-date symlink: /home/ubuntuuser/ros2_ws/install/crazyflie_sim/lib/python3.12/site-packages/crazyflie_sim/visualization/data/env/lake_pier.jpg
[3.719s] -- Up-to-date symlink: /home/ubuntuuser/ros2_ws/install/crazyflie_sim/lib/python3.12/site-packages/crazyflie_sim/visualization/data/env/machine_shop.jpg
[3.721s] -- Up-to-date symlink: /home/ubuntuuser/ros2_ws/install/crazyflie_sim/lib/python3.12/site-packages/crazyflie_sim/visualization/data/env/museumplein.jpg
[3.722s] -- Up-to-date symlink: /home/ubuntuuser/ros2_ws/install/crazyflie_sim/lib/python3.12/site-packages/crazyflie_sim/visualization/data/env/peppermint_powerplant.jpg
[3.723s] -- Up-to-date symlink: /home/ubuntuuser/ros2_ws/install/crazyflie_sim/lib/python3.12/site-packages/crazyflie_sim/visualization/data/env/studio_garden.jpg
[3.724s] -- Up-to-date symlink: /home/ubuntuuser/ros2_ws/install/crazyflie_sim/lib/python3.12/site-packages/crazyflie_sim/visualization/data/model/cf.mtl
[3.724s] -- Up-to-date symlink: /home/ubuntuuser/ros2_ws/install/crazyflie_sim/lib/python3.12/site-packages/crazyflie_sim/visualization/data/model/cf.obj
[3.725s] -- Up-to-date symlink: /home/ubuntuuser/ros2_ws/install/crazyflie_sim/lib/python3.12/site-packages/crazyflie_sim/visualization/pdf.py
[3.725s] -- Up-to-date symlink: /home/ubuntuuser/ros2_ws/install/crazyflie_sim/lib/python3.12/site-packages/crazyflie_sim/visualization/record_states.py
[3.726s] -- Up-to-date symlink: /home/ubuntuuser/ros2_ws/install/crazyflie_sim/lib/python3.12/site-packages/crazyflie_sim/visualization/rviz.py
[3.727s] -- Up-to-date symlink: /home/ubuntuuser/ros2_ws/install/crazyflie_sim/share/ament_index/resource_index/package_run_dependencies/crazyflie_sim
[3.728s] -- Up-to-date symlink: /home/ubuntuuser/ros2_ws/install/crazyflie_sim/share/ament_index/resource_index/parent_prefix_path/crazyflie_sim
[3.729s] -- Up-to-date symlink: /home/ubuntuuser/ros2_ws/install/crazyflie_sim/share/crazyflie_sim/environment/ament_prefix_path.sh
[3.730s] -- Up-to-date symlink: /home/ubuntuuser/ros2_ws/install/crazyflie_sim/share/crazyflie_sim/environment/ament_prefix_path.dsv
[3.730s] -- Up-to-date symlink: /home/ubuntuuser/ros2_ws/install/crazyflie_sim/share/crazyflie_sim/environment/path.sh
[3.731s] -- Up-to-date symlink: /home/ubuntuuser/ros2_ws/install/crazyflie_sim/share/crazyflie_sim/environment/path.dsv
[3.732s] -- Up-to-date symlink: /home/ubuntuuser/ros2_ws/install/crazyflie_sim/share/crazyflie_sim/local_setup.bash
[3.733s] -- Up-to-date symlink: /home/ubuntuuser/ros2_ws/install/crazyflie_sim/share/crazyflie_sim/local_setup.sh
[3.734s] -- Up-to-date symlink: /home/ubuntuuser/ros2_ws/install/crazyflie_sim/share/crazyflie_sim/local_setup.zsh
[3.734s] -- Up-to-date symlink: /home/ubuntuuser/ros2_ws/install/crazyflie_sim/share/crazyflie_sim/local_setup.dsv
[3.744s] -- Symlinking: /home/ubuntuuser/ros2_ws/install/crazyflie_sim/share/crazyflie_sim/package.dsv
[3.766s] -- Up-to-date symlink: /home/ubuntuuser/ros2_ws/install/crazyflie_sim/share/ament_index/resource_index/packages/crazyflie_sim
[3.767s] -- Up-to-date symlink: /home/ubuntuuser/ros2_ws/install/crazyflie_sim/share/crazyflie_sim/cmake/crazyflie_simConfig.cmake
[3.767s] -- Up-to-date symlink: /home/ubuntuuser/ros2_ws/install/crazyflie_sim/share/crazyflie_sim/cmake/crazyflie_simConfig-version.cmake
[3.767s] -- Up-to-date symlink: /home/ubuntuuser/ros2_ws/install/crazyflie_sim/share/crazyflie_sim/package.xml
[3.880s] Listing '/home/ubuntuuser/ros2_ws/install/crazyflie_sim/lib/python3.12/site-packages/crazyflie_sim'...
[3.880s] Listing '/home/ubuntuuser/ros2_ws/install/crazyflie_sim/lib/python3.12/site-packages/crazyflie_sim/backend'...
[3.881s] Listing '/home/ubuntuuser/ros2_ws/install/crazyflie_sim/lib/python3.12/site-packages/crazyflie_sim/backend/data'...
[3.881s] Listing '/home/ubuntuuser/ros2_ws/install/crazyflie_sim/lib/python3.12/site-packages/crazyflie_sim/backend/data/dynobench'...
[3.881s] Listing '/home/ubuntuuser/ros2_ws/install/crazyflie_sim/lib/python3.12/site-packages/crazyflie_sim/backend/data/neuralswarm2'...
[3.881s] Listing '/home/ubuntuuser/ros2_ws/install/crazyflie_sim/lib/python3.12/site-packages/crazyflie_sim/backend/data/pinocchio'...
[3.881s] Listing '/home/ubuntuuser/ros2_ws/install/crazyflie_sim/lib/python3.12/site-packages/crazyflie_sim/visualization'...
[3.881s] Listing '/home/ubuntuuser/ros2_ws/install/crazyflie_sim/lib/python3.12/site-packages/crazyflie_sim/visualization/data'...
[3.881s] Listing '/home/ubuntuuser/ros2_ws/install/crazyflie_sim/lib/python3.12/site-packages/crazyflie_sim/visualization/data/env'...
[3.881s] Listing '/home/ubuntuuser/ros2_ws/install/crazyflie_sim/lib/python3.12/site-packages/crazyflie_sim/visualization/data/model'...
[3.912s] Invoked command in '/home/ubuntuuser/ros2_ws/build/crazyflie_sim' returned '0': CMAKE_PREFIX_PATH=/home/ubuntuuser/ros2_ws/install/crazyflie_interfaces:/home/ubuntuuser/ros2_ws/install/turtlebot3_simulations:/home/ubuntuuser/ros2_ws/install/turtlebot3_gazebo:/home/ubuntuuser/ros2_ws/install/turtlebot3_fake_node:/home/ubuntuuser/ros2_ws/install/crazyflie_sim:/home/ubuntuuser/ros2_ws/install/crazyflie_examples:/home/ubuntuuser/ros2_ws/install/crazyflie:/opt/ros/jazzy/opt/gz_sim_vendor:/opt/ros/jazzy/opt/gz_sensors_vendor:/opt/ros/jazzy/opt/gz_physics_vendor:/opt/ros/jazzy/opt/sdformat_vendor:/opt/ros/jazzy/opt/gz_gui_vendor:/opt/ros/jazzy/opt/gz_transport_vendor:/opt/ros/jazzy/opt/gz_rendering_vendor:/opt/ros/jazzy/opt/gz_plugin_vendor:/opt/ros/jazzy/opt/gz_fuel_tools_vendor:/opt/ros/jazzy/opt/gz_msgs_vendor:/opt/ros/jazzy/opt/gz_common_vendor:/opt/ros/jazzy/opt/gz_math_vendor:/opt/ros/jazzy/opt/gz_utils_vendor:/opt/ros/jazzy/opt/gz_tools_vendor:/opt/ros/jazzy/opt/gz_ogre_next_vendor:/opt/ros/jazzy/opt/gz_dartsim_vendor:/opt/ros/jazzy/opt/gz_cmake_vendor:/home/ubuntuuser/ros2_ws/install/turtlebot_controller:/home/ubuntuuser/ros2_ws/install/crazyflie_py:/home/ubuntuuser/ros2_ws/install/crazyflie_controller:/opt/ros/jazzy DEBUGINFOD_URLS=https://debuginfod.ubuntu.com PYTHONPATH=/home/ubuntuuser/ros2_ws/install/crazyflie_interfaces/lib/python3.12/site-packages:/home/ubuntuuser/ros2_ws/install/turtlebot_controller/lib/python3.12/site-packages:/home/ubuntuuser/ros2_ws/install/crazyflie_sim/lib/python3.12/site-packages:/home/ubuntuuser/ros2_ws/install/crazyflie_examples/lib/python3.12/site-packages:/home/ubuntuuser/ros2_ws/install/crazyflie_py/lib/python3.12/site-packages:/home/ubuntuuser/ros2_ws/install/crazyflie_controller/lib/python3.12/site-packages:/opt/ros/jazzy/lib/python3.12/site-packages /usr/bin/cmake --install /home/ubuntuuser/ros2_ws/build/crazyflie_sim
