[1.829s] Invoking command in '/home/ubuntuuser/ros2_ws/build/crazyflie_py': AMENT_PREFIX_PATH=/home/ubuntuuser/ros2_ws/install/crazyflie_interfaces:${AMENT_PREFIX_PATH} CMAKE_PREFIX_PATH=/home/ubuntuuser/ros2_ws/install/crazyflie_interfaces:${CMAKE_PREFIX_PATH} DEBUGINFOD_URLS=https://debuginfod.ubuntu.com LD_LIBRARY_PATH=/home/ubuntuuser/ros2_ws/install/crazyflie_interfaces/lib:${LD_LIBRARY_PATH} PYTHONPATH=/home/ubuntuuser/ros2_ws/build/crazyflie_py/prefix_override:/usr/lib/python3/dist-packages/colcon_core/task/python/colcon_distutils_commands:/home/ubuntuuser/ros2_ws/install/crazyflie_py/lib/python3.12/site-packages:/home/ubuntuuser/ros2_ws/install/crazyflie_interfaces/lib/python3.12/site-packages:${PYTHONPATH} /usr/bin/python3 -W ignore:setup.py install is deprecated -W ignore:easy_install command is deprecated setup.py develop --uninstall --editable --build-directory /home/ubuntuuser/ros2_ws/build/crazyflie_py/build
[2.467s] running develop
[3.012s] Removing /home/ubuntuuser/ros2_ws/install/crazyflie_py/lib/python3.12/site-packages/crazyflie-py.egg-link (link to .)
[3.098s] Invoked command in '/home/ubuntuuser/ros2_ws/build/crazyflie_py' returned '0': AMENT_PREFIX_PATH=/home/ubuntuuser/ros2_ws/install/crazyflie_interfaces:${AMENT_PREFIX_PATH} CMAKE_PREFIX_PATH=/home/ubuntuuser/ros2_ws/install/crazyflie_interfaces:${CMAKE_PREFIX_PATH} DEBUGINFOD_URLS=https://debuginfod.ubuntu.com LD_LIBRARY_PATH=/home/ubuntuuser/ros2_ws/install/crazyflie_interfaces/lib:${LD_LIBRARY_PATH} PYTHONPATH=/home/ubuntuuser/ros2_ws/build/crazyflie_py/prefix_override:/usr/lib/python3/dist-packages/colcon_core/task/python/colcon_distutils_commands:/home/ubuntuuser/ros2_ws/install/crazyflie_py/lib/python3.12/site-packages:/home/ubuntuuser/ros2_ws/install/crazyflie_interfaces/lib/python3.12/site-packages:${PYTHONPATH} /usr/bin/python3 -W ignore:setup.py install is deprecated -W ignore:easy_install command is deprecated setup.py develop --uninstall --editable --build-directory /home/ubuntuuser/ros2_ws/build/crazyflie_py/build
[3.103s] Invoking command in '/home/ubuntuuser/ros2_ws/src/crazyswarm2/crazyflie_py': AMENT_PREFIX_PATH=/home/ubuntuuser/ros2_ws/install/crazyflie_interfaces:${AMENT_PREFIX_PATH} CMAKE_PREFIX_PATH=/home/ubuntuuser/ros2_ws/install/crazyflie_interfaces:${CMAKE_PREFIX_PATH} DEBUGINFOD_URLS=https://debuginfod.ubuntu.com LD_LIBRARY_PATH=/home/ubuntuuser/ros2_ws/install/crazyflie_interfaces/lib:${LD_LIBRARY_PATH} PYTHONPATH=/home/ubuntuuser/ros2_ws/build/crazyflie_py/prefix_override:/usr/lib/python3/dist-packages/colcon_core/task/python/colcon_distutils_commands:/home/ubuntuuser/ros2_ws/install/crazyflie_py/lib/python3.12/site-packages:/home/ubuntuuser/ros2_ws/install/crazyflie_interfaces/lib/python3.12/site-packages:${PYTHONPATH} /usr/bin/python3 -W ignore:setup.py install is deprecated -W ignore:easy_install command is deprecated setup.py egg_info --egg-base ../../../build/crazyflie_py build --build-base /home/ubuntuuser/ros2_ws/build/crazyflie_py/build install --record /home/ubuntuuser/ros2_ws/build/crazyflie_py/install.log --single-version-externally-managed install_data --force
[3.689s] running egg_info
[3.721s] writing ../../../build/crazyflie_py/crazyflie_py.egg-info/PKG-INFO
[3.724s] writing dependency_links to ../../../build/crazyflie_py/crazyflie_py.egg-info/dependency_links.txt
[3.726s] writing requirements to ../../../build/crazyflie_py/crazyflie_py.egg-info/requires.txt
[3.728s] writing top-level names to ../../../build/crazyflie_py/crazyflie_py.egg-info/top_level.txt
[3.834s] reading manifest file '../../../build/crazyflie_py/crazyflie_py.egg-info/SOURCES.txt'
[3.838s] writing manifest file '../../../build/crazyflie_py/crazyflie_py.egg-info/SOURCES.txt'
[3.840s] running build
[3.842s] running build_py
[3.848s] creating /home/ubuntuuser/ros2_ws/build/crazyflie_py/build
[3.854s] creating /home/ubuntuuser/ros2_ws/build/crazyflie_py/build/lib
[3.855s] creating /home/ubuntuuser/ros2_ws/build/crazyflie_py/build/lib/crazyflie_py
[3.857s] copying crazyflie_py/crazyflie.py -> /home/ubuntuuser/ros2_ws/build/crazyflie_py/build/lib/crazyflie_py
[3.860s] copying crazyflie_py/genericJoystick.py -> /home/ubuntuuser/ros2_ws/build/crazyflie_py/build/lib/crazyflie_py
[3.863s] copying crazyflie_py/util.py -> /home/ubuntuuser/ros2_ws/build/crazyflie_py/build/lib/crazyflie_py
[3.867s] copying crazyflie_py/joystick.py -> /home/ubuntuuser/ros2_ws/build/crazyflie_py/build/lib/crazyflie_py
[3.871s] copying crazyflie_py/__init__.py -> /home/ubuntuuser/ros2_ws/build/crazyflie_py/build/lib/crazyflie_py
[3.875s] copying crazyflie_py/keyboard.py -> /home/ubuntuuser/ros2_ws/build/crazyflie_py/build/lib/crazyflie_py
[3.887s] copying crazyflie_py/uav_trajectory.py -> /home/ubuntuuser/ros2_ws/build/crazyflie_py/build/lib/crazyflie_py
[3.892s] copying crazyflie_py/linuxjsdev.py -> /home/ubuntuuser/ros2_ws/build/crazyflie_py/build/lib/crazyflie_py
[3.896s] copying crazyflie_py/crazyswarm_py.py -> /home/ubuntuuser/ros2_ws/build/crazyflie_py/build/lib/crazyflie_py
[3.900s] running install
[3.920s] running install_lib
[3.964s] creating /home/ubuntuuser/ros2_ws/install/crazyflie_py/lib/python3.12/site-packages/crazyflie_py
[3.966s] copying /home/ubuntuuser/ros2_ws/build/crazyflie_py/build/lib/crazyflie_py/crazyflie.py -> /home/ubuntuuser/ros2_ws/install/crazyflie_py/lib/python3.12/site-packages/crazyflie_py
[3.966s] copying /home/ubuntuuser/ros2_ws/build/crazyflie_py/build/lib/crazyflie_py/genericJoystick.py -> /home/ubuntuuser/ros2_ws/install/crazyflie_py/lib/python3.12/site-packages/crazyflie_py
[3.967s] copying /home/ubuntuuser/ros2_ws/build/crazyflie_py/build/lib/crazyflie_py/util.py -> /home/ubuntuuser/ros2_ws/install/crazyflie_py/lib/python3.12/site-packages/crazyflie_py
[3.967s] copying /home/ubuntuuser/ros2_ws/build/crazyflie_py/build/lib/crazyflie_py/joystick.py -> /home/ubuntuuser/ros2_ws/install/crazyflie_py/lib/python3.12/site-packages/crazyflie_py
[3.967s] copying /home/ubuntuuser/ros2_ws/build/crazyflie_py/build/lib/crazyflie_py/__init__.py -> /home/ubuntuuser/ros2_ws/install/crazyflie_py/lib/python3.12/site-packages/crazyflie_py
[3.967s] copying /home/ubuntuuser/ros2_ws/build/crazyflie_py/build/lib/crazyflie_py/keyboard.py -> /home/ubuntuuser/ros2_ws/install/crazyflie_py/lib/python3.12/site-packages/crazyflie_py
[3.967s] copying /home/ubuntuuser/ros2_ws/build/crazyflie_py/build/lib/crazyflie_py/uav_trajectory.py -> /home/ubuntuuser/ros2_ws/install/crazyflie_py/lib/python3.12/site-packages/crazyflie_py
[3.967s] copying /home/ubuntuuser/ros2_ws/build/crazyflie_py/build/lib/crazyflie_py/linuxjsdev.py -> /home/ubuntuuser/ros2_ws/install/crazyflie_py/lib/python3.12/site-packages/crazyflie_py
[3.967s] copying /home/ubuntuuser/ros2_ws/build/crazyflie_py/build/lib/crazyflie_py/crazyswarm_py.py -> /home/ubuntuuser/ros2_ws/install/crazyflie_py/lib/python3.12/site-packages/crazyflie_py
[3.967s] byte-compiling /home/ubuntuuser/ros2_ws/install/crazyflie_py/lib/python3.12/site-packages/crazyflie_py/crazyflie.py to crazyflie.cpython-312.pyc
[4.014s] byte-compiling /home/ubuntuuser/ros2_ws/install/crazyflie_py/lib/python3.12/site-packages/crazyflie_py/genericJoystick.py to genericJoystick.cpython-312.pyc
[4.014s] byte-compiling /home/ubuntuuser/ros2_ws/install/crazyflie_py/lib/python3.12/site-packages/crazyflie_py/util.py to util.cpython-312.pyc
[4.014s] byte-compiling /home/ubuntuuser/ros2_ws/install/crazyflie_py/lib/python3.12/site-packages/crazyflie_py/joystick.py to joystick.cpython-312.pyc
[4.014s] byte-compiling /home/ubuntuuser/ros2_ws/install/crazyflie_py/lib/python3.12/site-packages/crazyflie_py/__init__.py to __init__.cpython-312.pyc
[4.014s] byte-compiling /home/ubuntuuser/ros2_ws/install/crazyflie_py/lib/python3.12/site-packages/crazyflie_py/keyboard.py to keyboard.cpython-312.pyc
[4.014s] byte-compiling /home/ubuntuuser/ros2_ws/install/crazyflie_py/lib/python3.12/site-packages/crazyflie_py/uav_trajectory.py to uav_trajectory.cpython-312.pyc
[4.014s] byte-compiling /home/ubuntuuser/ros2_ws/install/crazyflie_py/lib/python3.12/site-packages/crazyflie_py/linuxjsdev.py to linuxjsdev.cpython-312.pyc
[4.014s] byte-compiling /home/ubuntuuser/ros2_ws/install/crazyflie_py/lib/python3.12/site-packages/crazyflie_py/crazyswarm_py.py to crazyswarm_py.cpython-312.pyc
[4.015s] running install_data
[4.018s] copying resource/crazyflie_py -> /home/ubuntuuser/ros2_ws/install/crazyflie_py/share/ament_index/resource_index/packages
[4.023s] copying package.xml -> /home/ubuntuuser/ros2_ws/install/crazyflie_py/share/crazyflie_py
[4.025s] running install_egg_info
[4.106s] Copying ../../../build/crazyflie_py/crazyflie_py.egg-info to /home/ubuntuuser/ros2_ws/install/crazyflie_py/lib/python3.12/site-packages/crazyflie_py-1.0.3-py3.12.egg-info
[4.112s] running install_scripts
[4.432s] writing list of installed files to '/home/ubuntuuser/ros2_ws/build/crazyflie_py/install.log'
[4.534s] Invoked command in '/home/ubuntuuser/ros2_ws/src/crazyswarm2/crazyflie_py' returned '0': AMENT_PREFIX_PATH=/home/ubuntuuser/ros2_ws/install/crazyflie_interfaces:${AMENT_PREFIX_PATH} CMAKE_PREFIX_PATH=/home/ubuntuuser/ros2_ws/install/crazyflie_interfaces:${CMAKE_PREFIX_PATH} DEBUGINFOD_URLS=https://debuginfod.ubuntu.com LD_LIBRARY_PATH=/home/ubuntuuser/ros2_ws/install/crazyflie_interfaces/lib:${LD_LIBRARY_PATH} PYTHONPATH=/home/ubuntuuser/ros2_ws/build/crazyflie_py/prefix_override:/usr/lib/python3/dist-packages/colcon_core/task/python/colcon_distutils_commands:/home/ubuntuuser/ros2_ws/install/crazyflie_py/lib/python3.12/site-packages:/home/ubuntuuser/ros2_ws/install/crazyflie_interfaces/lib/python3.12/site-packages:${PYTHONPATH} /usr/bin/python3 -W ignore:setup.py install is deprecated -W ignore:easy_install command is deprecated setup.py egg_info --egg-base ../../../build/crazyflie_py build --build-base /home/ubuntuuser/ros2_ws/build/crazyflie_py/build install --record /home/ubuntuuser/ros2_ws/build/crazyflie_py/install.log --single-version-externally-managed install_data --force
