[0.080s] Invoking command in '/home/ubuntuuser/ros2_ws/build/turtlebot3_gazebo': CMAKE_PREFIX_PATH=${CMAKE_PREFIX_PATH}:/home/ubuntuuser/ws/install/test_pkg:/opt/ros/jazzy DEBUGINFOD_URLS=https://debuginfod.ubuntu.com /usr/bin/cmake /home/ubuntuuser/ros2_ws/src/turtlebot3_simulations/turtlebot3_gazebo -DCMAKE_INSTALL_PREFIX=/home/ubuntuuser/ros2_ws/install/turtlebot3_gazebo
[0.253s] -- Found ament_cmake: 2.5.4 (/opt/ros/jazzy/share/ament_cmake/cmake)
[0.797s] -- Override CMake install command with custom implementation using symlinks instead of copying resources
[0.822s] -- Found ros_gz_sim: 1.0.16 (/opt/ros/jazzy/share/ros_gz_sim/cmake)
[0.894s] -- Found rosidl_generator_c: 4.6.6 (/opt/ros/jazzy/share/rosidl_generator_c/cmake)
[0.909s] -- Found rosidl_generator_cpp: 4.6.6 (/opt/ros/jazzy/share/rosidl_generator_cpp/cmake)
[0.981s] -- Using all available rosidl_typesupport_c: rosidl_typesupport_fastrtps_c;rosidl_typesupport_introspection_c
[1.044s] -- Using all available rosidl_typesupport_cpp: rosidl_typesupport_fastrtps_cpp;rosidl_typesupport_introspection_cpp
[1.366s] -- Found rmw_implementation_cmake: 7.3.2 (/opt/ros/jazzy/share/rmw_implementation_cmake/cmake)
[1.385s] -- Found rmw_fastrtps_cpp: 8.4.3 (/opt/ros/jazzy/share/rmw_fastrtps_cpp/cmake)
[1.634s] -- Using RMW implementation 'rmw_fastrtps_cpp' as default
[2.364s] -- Found nav_msgs: 5.3.6 (/opt/ros/jazzy/share/nav_msgs/cmake)
[2.403s] -- Found sensor_msgs: 5.3.6 (/opt/ros/jazzy/share/sensor_msgs/cmake)
[2.443s] -- Found gz_math_vendor: 0.0.8 (/opt/ros/jazzy/share/gz_math_vendor/cmake)
[2.482s] -- Looking for gz-math7 -- found version 7.5.2
[2.553s] -- Searching for dependencies of gz-math7
[2.567s] -- Looking for gz-utils2 -- found version 2.2.1
[2.567s] -- Searching for dependencies of gz-utils2
[2.591s] -- Found gz_sim_vendor: 0.0.8 (/opt/ros/jazzy/share/gz_sim_vendor/cmake)
[2.738s] -- Looking for gz-sim8 -- found version 8.9.0
[2.738s] -- Searching for dependencies of gz-sim8
[2.746s] -- Looking for sdformat14 -- found version 14.8.0
[2.747s] -- Searching for dependencies of sdformat14
[2.763s] -- Checking for module 'tinyxml2'
[2.877s] --   Found tinyxml2, version 10.0.0
[3.007s] -- Looking for gz-math7 -- found version 7.5.2
[3.008s] -- Looking for gz-utils2 -- found version 2.2.1
[3.008s] -- Searching for dependencies of gz-utils2
[3.008s] -- Searching for <gz-utils2> component [cli]
[3.013s] -- Looking for gz-utils2-cli -- found version 2.2.1
[3.014s] -- Searching for dependencies of gz-utils2-cli
[3.032s] -- Looking for gz-plugin2 -- found version 2.0.4
[3.032s] -- Searching for dependencies of gz-plugin2
[3.033s] -- Looking for gz-utils2 -- found version 2.2.1
[3.039s] -- Searching for <gz-plugin2> component [loader]
[3.044s] -- Looking for gz-plugin2-loader -- found version 2.0.4
[3.046s] -- Searching for dependencies of gz-plugin2-loader
[3.050s] -- Searching for <gz-plugin2> component [register]
[3.055s] -- Looking for gz-plugin2-register -- found version 2.0.4
[3.057s] -- Searching for dependencies of gz-plugin2-register
[3.070s] -- Looking for gz-transport13 -- found version 13.4.1
[3.071s] -- Searching for dependencies of gz-transport13
[3.258s] -- Config-file not installed for ZeroMQ -- checking for pkg-config
[3.273s] -- Checking for module 'libzmq >= 4'
[3.326s] --   Found libzmq, version 4.3.5
[3.490s] -- Checking for module 'uuid'
[3.539s] --   Found uuid, version 2.39.3
[3.655s] -- Looking for gz-utils2 -- found version 2.2.1
[3.664s] -- Looking for gz-msgs10 -- found version 10.3.2
[3.664s] -- Searching for dependencies of gz-msgs10
[3.708s] -- Looking for gz-utils2 -- found version 2.2.1
[3.709s] -- Looking for gz-math7 -- found version 7.5.2
[3.745s] -- Searching for <gz-transport13> component [log]
[3.750s] -- Looking for gz-transport13-log -- found version 13.4.1
[3.750s] -- Searching for dependencies of gz-transport13-log
[3.755s] -- Searching for <gz-transport13> component [parameters]
[3.759s] -- Looking for gz-transport13-parameters -- found version 13.4.1
[3.759s] -- Searching for dependencies of gz-transport13-parameters
[3.764s] -- Looking for gz-msgs10 -- found version 10.3.2
[3.769s] -- Looking for gz-common5 -- found version 5.7.1
[3.770s] -- Searching for dependencies of gz-common5
[3.770s] -- Looking for gz-utils2 -- found version 2.2.1
[3.772s] -- Looking for dlfcn.h - found
[3.772s] -- Looking for libdl - found
[3.793s] -- Searching for <gz-common5> component [av]
[3.798s] -- Looking for gz-common5-av -- found version 5.7.1
[3.799s] -- Searching for dependencies of gz-common5-av
[3.811s] -- Checking for module 'libswscale'
[3.852s] --   Found libswscale, version 7.5.100
[3.968s] -- Checking for module 'libavdevice >= 56.4.100'
[4.008s] --   Found libavdevice, version 60.3.100
[4.173s] -- Checking for module 'libavformat'
[4.225s] --   Found libavformat, version 60.16.100
[4.383s] -- Checking for module 'libavcodec'
[4.441s] --   Found libavcodec, version 60.31.102
[4.611s] -- Checking for module 'libavutil'
[4.669s] --   Found libavutil, version 58.29.100
[4.790s] -- Searching for <gz-common5> component [events]
[4.794s] -- Looking for gz-common5-events -- found version 5.7.1
[4.794s] -- Searching for dependencies of gz-common5-events
[4.796s] -- Looking for gz-math7 -- found version 7.5.2
[4.801s] -- Searching for <gz-common5> component [graphics]
[4.805s] -- Looking for gz-common5-graphics -- found version 5.7.1
[4.805s] -- Searching for dependencies of gz-common5-graphics
[4.807s] -- Looking for gz-math7 -- found version 7.5.2
[4.825s] -- Searching for <gz-common5> component [io]
[4.833s] -- Looking for gz-common5-io -- found version 5.7.1
[4.833s] -- Searching for dependencies of gz-common5-io
[4.836s] -- Searching for <gz-common5> component [profiler]
[4.841s] -- Looking for gz-common5-profiler -- found version 5.7.1
[4.841s] -- Searching for dependencies of gz-common5-profiler
[4.850s] -- Looking for gz-fuel_tools9 -- found version 9.1.1
[4.853s] -- Searching for dependencies of gz-fuel_tools9
[4.995s] -- Checking for module 'jsoncpp'
[5.060s] --   Found jsoncpp, version 1.9.5
[5.259s] -- Checking for module 'yaml-0.1'
[5.306s] --   Found yaml-0.1, version 0.2.5
[5.477s] -- Checking for module 'libzip'
[5.537s] --   Found libzip, version 1.7.3
[5.654s] -- Looking for gz-utils2 -- found version 2.2.1
[5.655s] -- Looking for gz-common5 -- found version 5.7.1
[5.655s] -- Searching for dependencies of gz-common5
[5.656s] -- Looking for gz-utils2 -- found version 2.2.1
[5.657s] -- Looking for dlfcn.h - found
[5.657s] -- Looking for libdl - found
[5.674s] -- Searching for <gz-common5> component [testing]
[5.678s] -- Looking for gz-common5-testing -- found version 5.7.1
[5.679s] -- Searching for dependencies of gz-common5-testing
[5.684s] -- Looking for gz-math7 -- found version 7.5.2
[5.684s] -- Looking for gz-msgs10 -- found version 10.3.2
[5.697s] -- Looking for gz-gui8 -- found version 8.4.0
[5.697s] -- Searching for dependencies of gz-gui8
[5.748s] -- Looking for gz-utils2 -- found version 2.2.1
[5.748s] -- Looking for gz-math7 -- found version 7.5.2
[5.749s] -- Looking for gz-common5 -- found version 5.7.1
[5.750s] -- Looking for gz-plugin2 -- found version 2.0.4
[5.753s] -- Looking for gz-transport13 -- found version 13.4.1
[5.756s] -- Looking for gz-rendering8 -- found version 8.2.2
[5.757s] -- Searching for dependencies of gz-rendering8
[5.757s] -- Looking for gz-math7 -- found version 7.5.2
[5.758s] -- Searching for dependencies of gz-math7
[5.758s] -- Looking for gz-utils2 -- found version 2.2.1
[5.759s] -- Searching for <gz-math7> component [eigen3]
[5.763s] -- Looking for gz-math7-eigen3 -- found version 7.5.2
[5.764s] -- Searching for dependencies of gz-math7-eigen3
[5.784s] -- Looking for gz-common5 -- found version 5.7.1
[5.785s] -- Searching for dependencies of gz-common5
[5.785s] -- Looking for gz-utils2 -- found version 2.2.1
[5.786s] -- Looking for dlfcn.h - found
[5.786s] -- Looking for libdl - found
[5.802s] -- Searching for <gz-common5> component [graphics]
[5.802s] -- Searching for <gz-common5> component [events]
[5.803s] -- Searching for <gz-common5> component [geospatial]
[5.809s] -- Looking for gz-common5-geospatial -- found version 5.7.1
[5.809s] -- Searching for dependencies of gz-common5-geospatial
[5.810s] -- Looking for gz-math7 -- found version 7.5.2
[5.810s] -- Looking for gz-common5 -- found version 5.7.1
[5.816s] -- Looking for gz-plugin2 -- found version 2.0.4
[5.818s] -- Searching for dependencies of gz-plugin2
[5.819s] -- Looking for gz-utils2 -- found version 2.2.1
[5.820s] -- Searching for <gz-plugin2> component [all]
[5.826s] -- Looking for all libraries of gz-plugin2 -- found version 2.0.4
[5.826s] -- Looking for gz-plugin2 -- found version 2.0.4
[5.830s] -- Looking for gz-utils2 -- found version 2.2.1
[5.870s] -- Looking for gz-msgs10 -- found version 10.3.2
[6.092s] -- Looking for gz-physics7 -- found version 7.5.0
[6.095s] -- Searching for dependencies of gz-physics7
[6.096s] -- Looking for gz-common5 -- found version 5.7.1
[6.097s] -- Looking for gz-math7 -- found version 7.5.2
[6.099s] -- Looking for gz-plugin2 -- found version 2.0.4
[6.102s] -- Looking for gz-utils2 -- found version 2.2.1
[6.112s] -- Searching for <gz-physics7> component [heightmap]
[6.117s] -- Looking for gz-physics7-heightmap -- found version 7.5.0
[6.118s] -- Searching for dependencies of gz-physics7-heightmap
[6.119s] -- Looking for gz-common5 -- found version 5.7.1
[6.122s] -- Searching for <gz-physics7> component [mesh]
[6.127s] -- Looking for gz-physics7-mesh -- found version 7.5.0
[6.130s] -- Searching for dependencies of gz-physics7-mesh
[6.131s] -- Looking for gz-common5 -- found version 5.7.1
[6.132s] -- Searching for <gz-physics7> component [sdf]
[6.139s] -- Looking for gz-physics7-sdf -- found version 7.5.0
[6.139s] -- Searching for dependencies of gz-physics7-sdf
[6.140s] -- Looking for sdformat14 -- found version 14.8.0
[6.150s] -- Looking for gz-sensors8 -- found version 8.2.2
[6.150s] -- Searching for dependencies of gz-sensors8
[6.206s] -- Looking for gz-math7 -- found version 7.5.2
[6.206s] -- Looking for gz-common5 -- found version 5.7.1
[6.208s] -- Looking for gz-transport13 -- found version 13.4.1
[6.208s] -- Looking for gz-rendering8 -- found version 8.2.2
[6.209s] -- Looking for gz-msgs10 -- found version 10.3.2
[6.209s] -- Looking for sdformat14 -- found version 14.8.0
[6.216s] -- Searching for <gz-sensors8> component [air_pressure]
[6.220s] -- Looking for gz-sensors8-air_pressure -- found version 8.2.2
[6.225s] -- Searching for dependencies of gz-sensors8-air_pressure
[6.226s] -- Searching for <gz-sensors8> component [air_speed]
[6.232s] -- Looking for gz-sensors8-air_speed -- found version 8.2.2
[6.233s] -- Searching for dependencies of gz-sensors8-air_speed
[6.237s] -- Searching for <gz-sensors8> component [altimeter]
[6.241s] -- Looking for gz-sensors8-altimeter -- found version 8.2.2
[6.243s] -- Searching for dependencies of gz-sensors8-altimeter
[6.247s] -- Searching for <gz-sensors8> component [imu]
[6.253s] -- Looking for gz-sensors8-imu -- found version 8.2.2
[6.253s] -- Searching for dependencies of gz-sensors8-imu
[6.256s] -- Searching for <gz-sensors8> component [force_torque]
[6.261s] -- Looking for gz-sensors8-force_torque -- found version 8.2.2
[6.262s] -- Searching for dependencies of gz-sensors8-force_torque
[6.266s] -- Searching for <gz-sensors8> component [logical_camera]
[6.272s] -- Looking for gz-sensors8-logical_camera -- found version 8.2.2
[6.275s] -- Searching for dependencies of gz-sensors8-logical_camera
[6.279s] -- Searching for <gz-sensors8> component [magnetometer]
[6.286s] -- Looking for gz-sensors8-magnetometer -- found version 8.2.2
[6.286s] -- Searching for dependencies of gz-sensors8-magnetometer
[6.292s] -- Searching for <gz-sensors8> component [navsat]
[6.298s] -- Looking for gz-sensors8-navsat -- found version 8.2.2
[6.304s] -- Searching for dependencies of gz-sensors8-navsat
[6.305s] -- Searching for <gz-sensors8> component [dvl]
[6.311s] -- Looking for gz-sensors8-dvl -- found version 8.2.2
[6.312s] -- Searching for dependencies of gz-sensors8-dvl
[6.313s] -- Looking for gz-sensors8 -- found version 8.2.2
[6.313s] -- Searching for dependencies of gz-sensors8
[6.368s] -- Looking for gz-math7 -- found version 7.5.2
[6.370s] -- Looking for gz-common5 -- found version 5.7.1
[6.372s] -- Looking for gz-transport13 -- found version 13.4.1
[6.380s] -- Looking for gz-rendering8 -- found version 8.2.2
[6.380s] -- Looking for gz-msgs10 -- found version 10.3.2
[6.381s] -- Looking for sdformat14 -- found version 14.8.0
[6.381s] -- Searching for <gz-sensors8> component [rendering]
[6.389s] -- Looking for gz-sensors8-rendering -- found version 8.2.2
[6.389s] -- Searching for dependencies of gz-sensors8-rendering
[6.400s] -- Searching for <gz-sensors8> component [rendering]
[6.401s] -- Searching for <gz-sensors8> component [lidar]
[6.408s] -- Looking for gz-sensors8-lidar -- found version 8.2.2
[6.411s] -- Searching for dependencies of gz-sensors8-lidar
[6.411s] -- Looking for gz-sensors8 -- found version 8.2.2
[6.417s] -- Searching for <gz-sensors8> component [gpu_lidar]
[6.422s] -- Looking for gz-sensors8-gpu_lidar -- found version 8.2.2
[6.422s] -- Searching for dependencies of gz-sensors8-gpu_lidar
[6.423s] -- Looking for gz-sensors8 -- found version 8.2.2
[6.428s] -- Searching for <gz-sensors8> component [camera]
[6.434s] -- Looking for gz-sensors8-camera -- found version 8.2.2
[6.436s] -- Searching for dependencies of gz-sensors8-camera
[6.440s] -- Looking for gz-sensors8 -- found version 8.2.2
[6.448s] -- Searching for <gz-sensors8> component [boundingbox_camera]
[6.457s] -- Looking for gz-sensors8-boundingbox_camera -- found version 8.2.2
[6.457s] -- Searching for dependencies of gz-sensors8-boundingbox_camera
[6.459s] -- Searching for <gz-sensors8> component [segmentation_camera]
[6.466s] -- Looking for gz-sensors8-segmentation_camera -- found version 8.2.2
[6.469s] -- Searching for dependencies of gz-sensors8-segmentation_camera
[6.470s] -- Searching for <gz-sensors8> component [depth_camera]
[6.475s] -- Looking for gz-sensors8-depth_camera -- found version 8.2.2
[6.477s] -- Searching for dependencies of gz-sensors8-depth_camera
[6.477s] -- Looking for gz-sensors8 -- found version 8.2.2
[6.482s] -- Searching for <gz-sensors8> component [rgbd_camera]
[6.495s] -- Looking for gz-sensors8-rgbd_camera -- found version 8.2.2
[6.495s] -- Searching for dependencies of gz-sensors8-rgbd_camera
[6.495s] -- Looking for gz-sensors8 -- found version 8.2.2
[6.497s] -- Searching for <gz-sensors8> component [thermal_camera]
[6.505s] -- Looking for gz-sensors8-thermal_camera -- found version 8.2.2
[6.507s] -- Searching for dependencies of gz-sensors8-thermal_camera
[6.507s] -- Looking for gz-sensors8 -- found version 8.2.2
[6.510s] -- Searching for <gz-sensors8> component [wide_angle_camera]
[6.517s] -- Looking for gz-sensors8-wide_angle_camera -- found version 8.2.2
[6.520s] -- Searching for dependencies of gz-sensors8-wide_angle_camera
[6.524s] -- Looking for gz-rendering8 -- found version 8.2.2
[6.525s] -- Looking for gz-math7 -- found version 7.5.2
[6.527s] -- Looking for gz-utils2 -- found version 2.2.1
[6.592s] -- Looking for gz-plugin2 -- found version 2.0.4
[6.841s] -- Configuring done (6.7s)
[7.023s] Invoked command in '/home/ubuntuuser/ros2_ws/build/turtlebot3_gazebo' returned '-2': CMAKE_PREFIX_PATH=${CMAKE_PREFIX_PATH}:/home/ubuntuuser/ws/install/test_pkg:/opt/ros/jazzy DEBUGINFOD_URLS=https://debuginfod.ubuntu.com /usr/bin/cmake /home/ubuntuuser/ros2_ws/src/turtlebot3_simulations/turtlebot3_gazebo -DCMAKE_INSTALL_PREFIX=/home/ubuntuuser/ros2_ws/install/turtlebot3_gazebo
