[0.066s] Invoking command in '/home/ubuntuuser/ros2_ws/build/crazyflie_examples': AMENT_PREFIX_PATH=/home/ubuntuuser/ros2_ws/install/crazyflie_py:/home/ubuntuuser/ros2_ws/install/turtlebot_controller:/home/ubuntuuser/ros2_ws/install/turtlebot3_simulations:/home/ubuntuuser/ros2_ws/install/turtlebot3_gazebo:/home/ubuntuuser/ros2_ws/install/turtlebot3_fake_node:/home/ubuntuuser/ros2_ws/install/crazyflie_sim:/home/ubuntuuser/ros2_ws/install/crazyflie_examples:/home/ubuntuuser/ros2_ws/install/crazyflie:/home/ubuntuuser/ros2_ws/install/crazyflie_interfaces:/home/ubuntuuser/ros2_ws/install/crazyflie_controller:/opt/ros/jazzy CMAKE_PREFIX_PATH=/home/ubuntuuser/ros2_ws/install/crazyflie_interfaces:/home/ubuntuuser/ros2_ws/install/turtlebot3_simulations:/home/ubuntuuser/ros2_ws/install/turtlebot3_gazebo:/home/ubuntuuser/ros2_ws/install/turtlebot3_fake_node:/home/ubuntuuser/ros2_ws/install/crazyflie_sim:/home/ubuntuuser/ros2_ws/install/crazyflie_examples:/home/ubuntuuser/ros2_ws/install/crazyflie:/opt/ros/jazzy/opt/gz_sim_vendor:/opt/ros/jazzy/opt/gz_sensors_vendor:/opt/ros/jazzy/opt/gz_physics_vendor:/opt/ros/jazzy/opt/sdformat_vendor:/opt/ros/jazzy/opt/gz_gui_vendor:/opt/ros/jazzy/opt/gz_transport_vendor:/opt/ros/jazzy/opt/gz_rendering_vendor:/opt/ros/jazzy/opt/gz_plugin_vendor:/opt/ros/jazzy/opt/gz_fuel_tools_vendor:/opt/ros/jazzy/opt/gz_msgs_vendor:/opt/ros/jazzy/opt/gz_common_vendor:/opt/ros/jazzy/opt/gz_math_vendor:/opt/ros/jazzy/opt/gz_utils_vendor:/opt/ros/jazzy/opt/gz_tools_vendor:/opt/ros/jazzy/opt/gz_ogre_next_vendor:/opt/ros/jazzy/opt/gz_dartsim_vendor:/opt/ros/jazzy/opt/gz_cmake_vendor:/home/ubuntuuser/ros2_ws/install/turtlebot_controller:/home/ubuntuuser/ros2_ws/install/crazyflie_py:/home/ubuntuuser/ros2_ws/install/crazyflie_controller:/opt/ros/jazzy DEBUGINFOD_URLS=https://debuginfod.ubuntu.com PYTHONPATH=/home/ubuntuuser/ros2_ws/install/crazyflie_py/lib/python3.12/site-packages:/home/ubuntuuser/ros2_ws/install/crazyflie_interfaces/lib/python3.12/site-packages:/home/ubuntuuser/ros2_ws/install/turtlebot_controller/lib/python3.12/site-packages:/home/ubuntuuser/ros2_ws/install/crazyflie_sim/lib/python3.12/site-packages:/home/ubuntuuser/ros2_ws/install/crazyflie_examples/lib/python3.12/site-packages:/home/ubuntuuser/ros2_ws/install/crazyflie_controller/lib/python3.12/site-packages:/opt/ros/jazzy/lib/python3.12/site-packages /usr/bin/cmake --build /home/ubuntuuser/ros2_ws/build/crazyflie_examples -- -j4 -l4
[0.342s] Built target ament_cmake_python_symlink_crazyflie_examples_setup
[0.456s] Built target ament_cmake_python_symlink_crazyflie_examples
[0.948s] running egg_info
[1.015s] writing crazyflie_examples.egg-info/PKG-INFO
[1.015s] writing dependency_links to crazyflie_examples.egg-info/dependency_links.txt
[1.016s] writing entry points to crazyflie_examples.egg-info/entry_points.txt
[1.016s] writing top-level names to crazyflie_examples.egg-info/top_level.txt
[1.146s] reading manifest file 'crazyflie_examples.egg-info/SOURCES.txt'
[1.148s] writing manifest file 'crazyflie_examples.egg-info/SOURCES.txt'
[1.298s] Built target ament_cmake_python_build_crazyflie_examples_egg
[1.844s] running install_scripts
[1.920s] /usr/lib/python3/dist-packages/setuptools/_distutils/cmd.py:66: SetuptoolsDeprecationWarning: setup.py install is deprecated.
[1.920s] !!
[1.920s] 
[1.920s]         ********************************************************************************
[1.920s]         Please avoid running ``setup.py`` directly.
[1.920s]         Instead, use pypa/build, pypa/installer or other
[1.920s]         standards-based tools.
[1.921s] 
[1.921s]         See https://blog.ganssle.io/articles/2021/10/setup-py-deprecated.html for details.
[1.921s]         ********************************************************************************
[1.921s] 
[1.921s] !!
[1.921s]   self.initialize_options()
[1.928s] running egg_info
[2.016s] writing crazyflie_examples.egg-info/PKG-INFO
[2.017s] writing dependency_links to crazyflie_examples.egg-info/dependency_links.txt
[2.018s] writing entry points to crazyflie_examples.egg-info/entry_points.txt
[2.021s] writing top-level names to crazyflie_examples.egg-info/top_level.txt
[2.092s] reading manifest file 'crazyflie_examples.egg-info/SOURCES.txt'
[2.094s] writing manifest file 'crazyflie_examples.egg-info/SOURCES.txt'
[2.354s] Installing arming script to scripts
[2.355s] Installing cmd_full_state script to scripts
[2.355s] Installing figure8 script to scripts
[2.357s] Installing group_mask script to scripts
[2.358s] Installing hello_world script to scripts
[2.359s] Installing infinite_flight script to scripts
[2.361s] Installing multi_trajectory script to scripts
[2.365s] Installing nice_hover script to scripts
[2.366s] Installing set_param script to scripts
[2.366s] Installing swap script to scripts
[2.471s] Built target ament_cmake_python_build_crazyflie_examples_scripts
[2.508s] Invoked command in '/home/ubuntuuser/ros2_ws/build/crazyflie_examples' returned '0': AMENT_PREFIX_PATH=/home/ubuntuuser/ros2_ws/install/crazyflie_py:/home/ubuntuuser/ros2_ws/install/turtlebot_controller:/home/ubuntuuser/ros2_ws/install/turtlebot3_simulations:/home/ubuntuuser/ros2_ws/install/turtlebot3_gazebo:/home/ubuntuuser/ros2_ws/install/turtlebot3_fake_node:/home/ubuntuuser/ros2_ws/install/crazyflie_sim:/home/ubuntuuser/ros2_ws/install/crazyflie_examples:/home/ubuntuuser/ros2_ws/install/crazyflie:/home/ubuntuuser/ros2_ws/install/crazyflie_interfaces:/home/ubuntuuser/ros2_ws/install/crazyflie_controller:/opt/ros/jazzy CMAKE_PREFIX_PATH=/home/ubuntuuser/ros2_ws/install/crazyflie_interfaces:/home/ubuntuuser/ros2_ws/install/turtlebot3_simulations:/home/ubuntuuser/ros2_ws/install/turtlebot3_gazebo:/home/ubuntuuser/ros2_ws/install/turtlebot3_fake_node:/home/ubuntuuser/ros2_ws/install/crazyflie_sim:/home/ubuntuuser/ros2_ws/install/crazyflie_examples:/home/ubuntuuser/ros2_ws/install/crazyflie:/opt/ros/jazzy/opt/gz_sim_vendor:/opt/ros/jazzy/opt/gz_sensors_vendor:/opt/ros/jazzy/opt/gz_physics_vendor:/opt/ros/jazzy/opt/sdformat_vendor:/opt/ros/jazzy/opt/gz_gui_vendor:/opt/ros/jazzy/opt/gz_transport_vendor:/opt/ros/jazzy/opt/gz_rendering_vendor:/opt/ros/jazzy/opt/gz_plugin_vendor:/opt/ros/jazzy/opt/gz_fuel_tools_vendor:/opt/ros/jazzy/opt/gz_msgs_vendor:/opt/ros/jazzy/opt/gz_common_vendor:/opt/ros/jazzy/opt/gz_math_vendor:/opt/ros/jazzy/opt/gz_utils_vendor:/opt/ros/jazzy/opt/gz_tools_vendor:/opt/ros/jazzy/opt/gz_ogre_next_vendor:/opt/ros/jazzy/opt/gz_dartsim_vendor:/opt/ros/jazzy/opt/gz_cmake_vendor:/home/ubuntuuser/ros2_ws/install/turtlebot_controller:/home/ubuntuuser/ros2_ws/install/crazyflie_py:/home/ubuntuuser/ros2_ws/install/crazyflie_controller:/opt/ros/jazzy DEBUGINFOD_URLS=https://debuginfod.ubuntu.com PYTHONPATH=/home/ubuntuuser/ros2_ws/install/crazyflie_py/lib/python3.12/site-packages:/home/ubuntuuser/ros2_ws/install/crazyflie_interfaces/lib/python3.12/site-packages:/home/ubuntuuser/ros2_ws/install/turtlebot_controller/lib/python3.12/site-packages:/home/ubuntuuser/ros2_ws/install/crazyflie_sim/lib/python3.12/site-packages:/home/ubuntuuser/ros2_ws/install/crazyflie_examples/lib/python3.12/site-packages:/home/ubuntuuser/ros2_ws/install/crazyflie_controller/lib/python3.12/site-packages:/opt/ros/jazzy/lib/python3.12/site-packages /usr/bin/cmake --build /home/ubuntuuser/ros2_ws/build/crazyflie_examples -- -j4 -l4
[2.510s] Invoking command in '/home/ubuntuuser/ros2_ws/build/crazyflie_examples': AMENT_PREFIX_PATH=/home/ubuntuuser/ros2_ws/install/crazyflie_py:/home/ubuntuuser/ros2_ws/install/turtlebot_controller:/home/ubuntuuser/ros2_ws/install/turtlebot3_simulations:/home/ubuntuuser/ros2_ws/install/turtlebot3_gazebo:/home/ubuntuuser/ros2_ws/install/turtlebot3_fake_node:/home/ubuntuuser/ros2_ws/install/crazyflie_sim:/home/ubuntuuser/ros2_ws/install/crazyflie_examples:/home/ubuntuuser/ros2_ws/install/crazyflie:/home/ubuntuuser/ros2_ws/install/crazyflie_interfaces:/home/ubuntuuser/ros2_ws/install/crazyflie_controller:/opt/ros/jazzy CMAKE_PREFIX_PATH=/home/ubuntuuser/ros2_ws/install/crazyflie_interfaces:/home/ubuntuuser/ros2_ws/install/turtlebot3_simulations:/home/ubuntuuser/ros2_ws/install/turtlebot3_gazebo:/home/ubuntuuser/ros2_ws/install/turtlebot3_fake_node:/home/ubuntuuser/ros2_ws/install/crazyflie_sim:/home/ubuntuuser/ros2_ws/install/crazyflie_examples:/home/ubuntuuser/ros2_ws/install/crazyflie:/opt/ros/jazzy/opt/gz_sim_vendor:/opt/ros/jazzy/opt/gz_sensors_vendor:/opt/ros/jazzy/opt/gz_physics_vendor:/opt/ros/jazzy/opt/sdformat_vendor:/opt/ros/jazzy/opt/gz_gui_vendor:/opt/ros/jazzy/opt/gz_transport_vendor:/opt/ros/jazzy/opt/gz_rendering_vendor:/opt/ros/jazzy/opt/gz_plugin_vendor:/opt/ros/jazzy/opt/gz_fuel_tools_vendor:/opt/ros/jazzy/opt/gz_msgs_vendor:/opt/ros/jazzy/opt/gz_common_vendor:/opt/ros/jazzy/opt/gz_math_vendor:/opt/ros/jazzy/opt/gz_utils_vendor:/opt/ros/jazzy/opt/gz_tools_vendor:/opt/ros/jazzy/opt/gz_ogre_next_vendor:/opt/ros/jazzy/opt/gz_dartsim_vendor:/opt/ros/jazzy/opt/gz_cmake_vendor:/home/ubuntuuser/ros2_ws/install/turtlebot_controller:/home/ubuntuuser/ros2_ws/install/crazyflie_py:/home/ubuntuuser/ros2_ws/install/crazyflie_controller:/opt/ros/jazzy DEBUGINFOD_URLS=https://debuginfod.ubuntu.com PYTHONPATH=/home/ubuntuuser/ros2_ws/install/crazyflie_py/lib/python3.12/site-packages:/home/ubuntuuser/ros2_ws/install/crazyflie_interfaces/lib/python3.12/site-packages:/home/ubuntuuser/ros2_ws/install/turtlebot_controller/lib/python3.12/site-packages:/home/ubuntuuser/ros2_ws/install/crazyflie_sim/lib/python3.12/site-packages:/home/ubuntuuser/ros2_ws/install/crazyflie_examples/lib/python3.12/site-packages:/home/ubuntuuser/ros2_ws/install/crazyflie_controller/lib/python3.12/site-packages:/opt/ros/jazzy/lib/python3.12/site-packages /usr/bin/cmake --install /home/ubuntuuser/ros2_ws/build/crazyflie_examples
[2.536s] -- Install configuration: ""
[2.536s] -- Execute custom install script
[2.537s] -- Up-to-date symlink: /home/ubuntuuser/ros2_ws/install/crazyflie_examples/share/crazyflie_examples/environment/pythonpath.sh
[2.537s] -- Up-to-date symlink: /home/ubuntuuser/ros2_ws/install/crazyflie_examples/share/crazyflie_examples/environment/pythonpath.dsv
[2.538s] -- Up-to-date symlink: /home/ubuntuuser/ros2_ws/install/crazyflie_examples/lib/python3.12/site-packages/crazyflie_examples-1.0.3-py3.12.egg-info/PKG-INFO
[2.539s] -- Up-to-date symlink: /home/ubuntuuser/ros2_ws/install/crazyflie_examples/lib/python3.12/site-packages/crazyflie_examples-1.0.3-py3.12.egg-info/SOURCES.txt
[2.539s] -- Up-to-date symlink: /home/ubuntuuser/ros2_ws/install/crazyflie_examples/lib/python3.12/site-packages/crazyflie_examples-1.0.3-py3.12.egg-info/dependency_links.txt
[2.540s] -- Up-to-date symlink: /home/ubuntuuser/ros2_ws/install/crazyflie_examples/lib/python3.12/site-packages/crazyflie_examples-1.0.3-py3.12.egg-info/entry_points.txt
[2.540s] -- Up-to-date symlink: /home/ubuntuuser/ros2_ws/install/crazyflie_examples/lib/python3.12/site-packages/crazyflie_examples-1.0.3-py3.12.egg-info/top_level.txt
[2.541s] -- Up-to-date symlink: /home/ubuntuuser/ros2_ws/install/crazyflie_examples/lib/crazyflie_examples//arming
[2.541s] -- Up-to-date symlink: /home/ubuntuuser/ros2_ws/install/crazyflie_examples/lib/crazyflie_examples//cmd_full_state
[2.542s] -- Up-to-date symlink: /home/ubuntuuser/ros2_ws/install/crazyflie_examples/lib/crazyflie_examples//figure8
[2.542s] -- Up-to-date symlink: /home/ubuntuuser/ros2_ws/install/crazyflie_examples/lib/crazyflie_examples//group_mask
[2.542s] -- Up-to-date symlink: /home/ubuntuuser/ros2_ws/install/crazyflie_examples/lib/crazyflie_examples//hello_world
[2.543s] -- Up-to-date symlink: /home/ubuntuuser/ros2_ws/install/crazyflie_examples/lib/crazyflie_examples//infinite_flight
[2.543s] -- Up-to-date symlink: /home/ubuntuuser/ros2_ws/install/crazyflie_examples/lib/crazyflie_examples//multi_trajectory
[2.543s] -- Up-to-date symlink: /home/ubuntuuser/ros2_ws/install/crazyflie_examples/lib/crazyflie_examples//nice_hover
[2.544s] -- Up-to-date symlink: /home/ubuntuuser/ros2_ws/install/crazyflie_examples/lib/crazyflie_examples//set_param
[2.544s] -- Up-to-date symlink: /home/ubuntuuser/ros2_ws/install/crazyflie_examples/lib/crazyflie_examples//swap
[2.545s] -- Up-to-date symlink: /home/ubuntuuser/ros2_ws/install/crazyflie_examples/lib/python3.12/site-packages/crazyflie_examples/__init__.py
[2.546s] -- Up-to-date symlink: /home/ubuntuuser/ros2_ws/install/crazyflie_examples/lib/python3.12/site-packages/crazyflie_examples/arming.py
[2.546s] -- Up-to-date symlink: /home/ubuntuuser/ros2_ws/install/crazyflie_examples/lib/python3.12/site-packages/crazyflie_examples/cmd_full_state.py
[2.547s] -- Up-to-date symlink: /home/ubuntuuser/ros2_ws/install/crazyflie_examples/lib/python3.12/site-packages/crazyflie_examples/data/figure8.csv
[2.547s] -- Up-to-date symlink: /home/ubuntuuser/ros2_ws/install/crazyflie_examples/lib/python3.12/site-packages/crazyflie_examples/data/multi_trajectory/traj0.csv
[2.547s] -- Up-to-date symlink: /home/ubuntuuser/ros2_ws/install/crazyflie_examples/lib/python3.12/site-packages/crazyflie_examples/data/multi_trajectory/traj1.csv
[2.548s] -- Up-to-date symlink: /home/ubuntuuser/ros2_ws/install/crazyflie_examples/lib/python3.12/site-packages/crazyflie_examples/figure8.py
[2.548s] -- Up-to-date symlink: /home/ubuntuuser/ros2_ws/install/crazyflie_examples/lib/python3.12/site-packages/crazyflie_examples/group_mask.py
[2.548s] -- Up-to-date symlink: /home/ubuntuuser/ros2_ws/install/crazyflie_examples/lib/python3.12/site-packages/crazyflie_examples/hello_world.py
[2.549s] -- Up-to-date symlink: /home/ubuntuuser/ros2_ws/install/crazyflie_examples/lib/python3.12/site-packages/crazyflie_examples/infinite_flight.py
[2.549s] -- Up-to-date symlink: /home/ubuntuuser/ros2_ws/install/crazyflie_examples/lib/python3.12/site-packages/crazyflie_examples/multi_trajectory.py
[2.550s] -- Up-to-date symlink: /home/ubuntuuser/ros2_ws/install/crazyflie_examples/lib/python3.12/site-packages/crazyflie_examples/nice_hover.py
[2.550s] -- Up-to-date symlink: /home/ubuntuuser/ros2_ws/install/crazyflie_examples/lib/python3.12/site-packages/crazyflie_examples/set_param.py
[2.550s] -- Up-to-date symlink: /home/ubuntuuser/ros2_ws/install/crazyflie_examples/lib/python3.12/site-packages/crazyflie_examples/swap.py
[2.551s] -- Up-to-date symlink: /home/ubuntuuser/ros2_ws/install/crazyflie_examples/share/crazyflie_examples//config/nav2_params.yaml
[2.551s] -- Up-to-date symlink: /home/ubuntuuser/ros2_ws/install/crazyflie_examples/share/crazyflie_examples//config/nav2_view.rviz
[2.552s] -- Up-to-date symlink: /home/ubuntuuser/ros2_ws/install/crazyflie_examples/share/crazyflie_examples//config/slam_params.yaml
[2.552s] -- Up-to-date symlink: /home/ubuntuuser/ros2_ws/install/crazyflie_examples/share/crazyflie_examples//data/map.data
[2.553s] -- Up-to-date symlink: /home/ubuntuuser/ros2_ws/install/crazyflie_examples/share/crazyflie_examples//data/map.pgm
[2.554s] -- Up-to-date symlink: /home/ubuntuuser/ros2_ws/install/crazyflie_examples/share/crazyflie_examples//data/map.posegraph
[2.561s] -- Up-to-date symlink: /home/ubuntuuser/ros2_ws/install/crazyflie_examples/share/crazyflie_examples//data/map.yaml
[2.561s] -- Up-to-date symlink: /home/ubuntuuser/ros2_ws/install/crazyflie_examples/share/crazyflie_examples//launch/keyboard_velmux_launch.py
[2.561s] -- Up-to-date symlink: /home/ubuntuuser/ros2_ws/install/crazyflie_examples/share/crazyflie_examples//launch/launch.py
[2.561s] -- Up-to-date symlink: /home/ubuntuuser/ros2_ws/install/crazyflie_examples/share/crazyflie_examples//launch/multiranger_mapping_launch.py
[2.561s] -- Up-to-date symlink: /home/ubuntuuser/ros2_ws/install/crazyflie_examples/share/crazyflie_examples//launch/multiranger_nav2_launch.py
[2.561s] -- Up-to-date symlink: /home/ubuntuuser/ros2_ws/install/crazyflie_examples/share/crazyflie_examples//launch/multiranger_simple_mapper_launch.py
[2.561s] -- Up-to-date symlink: /home/ubuntuuser/ros2_ws/install/crazyflie_examples/share/ament_index/resource_index/package_run_dependencies/crazyflie_examples
[2.561s] -- Up-to-date symlink: /home/ubuntuuser/ros2_ws/install/crazyflie_examples/share/ament_index/resource_index/parent_prefix_path/crazyflie_examples
[2.561s] -- Up-to-date symlink: /home/ubuntuuser/ros2_ws/install/crazyflie_examples/share/crazyflie_examples/environment/ament_prefix_path.sh
[2.562s] -- Up-to-date symlink: /home/ubuntuuser/ros2_ws/install/crazyflie_examples/share/crazyflie_examples/environment/ament_prefix_path.dsv
[2.562s] -- Up-to-date symlink: /home/ubuntuuser/ros2_ws/install/crazyflie_examples/share/crazyflie_examples/environment/path.sh
[2.562s] -- Up-to-date symlink: /home/ubuntuuser/ros2_ws/install/crazyflie_examples/share/crazyflie_examples/environment/path.dsv
[2.562s] -- Up-to-date symlink: /home/ubuntuuser/ros2_ws/install/crazyflie_examples/share/crazyflie_examples/local_setup.bash
[2.562s] -- Up-to-date symlink: /home/ubuntuuser/ros2_ws/install/crazyflie_examples/share/crazyflie_examples/local_setup.sh
[2.562s] -- Up-to-date symlink: /home/ubuntuuser/ros2_ws/install/crazyflie_examples/share/crazyflie_examples/local_setup.zsh
[2.562s] -- Up-to-date symlink: /home/ubuntuuser/ros2_ws/install/crazyflie_examples/share/crazyflie_examples/local_setup.dsv
[2.562s] -- Symlinking: /home/ubuntuuser/ros2_ws/install/crazyflie_examples/share/crazyflie_examples/package.dsv
[2.580s] -- Up-to-date symlink: /home/ubuntuuser/ros2_ws/install/crazyflie_examples/share/ament_index/resource_index/packages/crazyflie_examples
[2.580s] -- Up-to-date symlink: /home/ubuntuuser/ros2_ws/install/crazyflie_examples/share/crazyflie_examples/cmake/crazyflie_examplesConfig.cmake
[2.581s] -- Up-to-date symlink: /home/ubuntuuser/ros2_ws/install/crazyflie_examples/share/crazyflie_examples/cmake/crazyflie_examplesConfig-version.cmake
[2.581s] -- Up-to-date symlink: /home/ubuntuuser/ros2_ws/install/crazyflie_examples/share/crazyflie_examples/package.xml
[2.644s] Listing '/home/ubuntuuser/ros2_ws/install/crazyflie_examples/lib/python3.12/site-packages/crazyflie_examples'...
[2.644s] Listing '/home/ubuntuuser/ros2_ws/install/crazyflie_examples/lib/python3.12/site-packages/crazyflie_examples/data'...
[2.644s] Listing '/home/ubuntuuser/ros2_ws/install/crazyflie_examples/lib/python3.12/site-packages/crazyflie_examples/data/multi_trajectory'...
[2.665s] Invoked command in '/home/ubuntuuser/ros2_ws/build/crazyflie_examples' returned '0': AMENT_PREFIX_PATH=/home/ubuntuuser/ros2_ws/install/crazyflie_py:/home/ubuntuuser/ros2_ws/install/turtlebot_controller:/home/ubuntuuser/ros2_ws/install/turtlebot3_simulations:/home/ubuntuuser/ros2_ws/install/turtlebot3_gazebo:/home/ubuntuuser/ros2_ws/install/turtlebot3_fake_node:/home/ubuntuuser/ros2_ws/install/crazyflie_sim:/home/ubuntuuser/ros2_ws/install/crazyflie_examples:/home/ubuntuuser/ros2_ws/install/crazyflie:/home/ubuntuuser/ros2_ws/install/crazyflie_interfaces:/home/ubuntuuser/ros2_ws/install/crazyflie_controller:/opt/ros/jazzy CMAKE_PREFIX_PATH=/home/ubuntuuser/ros2_ws/install/crazyflie_interfaces:/home/ubuntuuser/ros2_ws/install/turtlebot3_simulations:/home/ubuntuuser/ros2_ws/install/turtlebot3_gazebo:/home/ubuntuuser/ros2_ws/install/turtlebot3_fake_node:/home/ubuntuuser/ros2_ws/install/crazyflie_sim:/home/ubuntuuser/ros2_ws/install/crazyflie_examples:/home/ubuntuuser/ros2_ws/install/crazyflie:/opt/ros/jazzy/opt/gz_sim_vendor:/opt/ros/jazzy/opt/gz_sensors_vendor:/opt/ros/jazzy/opt/gz_physics_vendor:/opt/ros/jazzy/opt/sdformat_vendor:/opt/ros/jazzy/opt/gz_gui_vendor:/opt/ros/jazzy/opt/gz_transport_vendor:/opt/ros/jazzy/opt/gz_rendering_vendor:/opt/ros/jazzy/opt/gz_plugin_vendor:/opt/ros/jazzy/opt/gz_fuel_tools_vendor:/opt/ros/jazzy/opt/gz_msgs_vendor:/opt/ros/jazzy/opt/gz_common_vendor:/opt/ros/jazzy/opt/gz_math_vendor:/opt/ros/jazzy/opt/gz_utils_vendor:/opt/ros/jazzy/opt/gz_tools_vendor:/opt/ros/jazzy/opt/gz_ogre_next_vendor:/opt/ros/jazzy/opt/gz_dartsim_vendor:/opt/ros/jazzy/opt/gz_cmake_vendor:/home/ubuntuuser/ros2_ws/install/turtlebot_controller:/home/ubuntuuser/ros2_ws/install/crazyflie_py:/home/ubuntuuser/ros2_ws/install/crazyflie_controller:/opt/ros/jazzy DEBUGINFOD_URLS=https://debuginfod.ubuntu.com PYTHONPATH=/home/ubuntuuser/ros2_ws/install/crazyflie_py/lib/python3.12/site-packages:/home/ubuntuuser/ros2_ws/install/crazyflie_interfaces/lib/python3.12/site-packages:/home/ubuntuuser/ros2_ws/install/turtlebot_controller/lib/python3.12/site-packages:/home/ubuntuuser/ros2_ws/install/crazyflie_sim/lib/python3.12/site-packages:/home/ubuntuuser/ros2_ws/install/crazyflie_examples/lib/python3.12/site-packages:/home/ubuntuuser/ros2_ws/install/crazyflie_controller/lib/python3.12/site-packages:/opt/ros/jazzy/lib/python3.12/site-packages /usr/bin/cmake --install /home/ubuntuuser/ros2_ws/build/crazyflie_examples
