[0.692s] Invoking command in '/home/ubuntuuser/ros2_ws/build/crazyflie': CMAKE_PREFIX_PATH=/home/ubuntuuser/ros2_ws/install/crazyflie_interfaces:/home/ubuntuuser/ros2_ws/install/turtlebot3_simulations:/home/ubuntuuser/ros2_ws/install/turtlebot3_gazebo:/home/ubuntuuser/ros2_ws/install/turtlebot3_fake_node:/home/ubuntuuser/ros2_ws/install/crazyflie_sim:/home/ubuntuuser/ros2_ws/install/crazyflie_examples:/home/ubuntuuser/ros2_ws/install/crazyflie:/opt/ros/jazzy/opt/gz_sim_vendor:/opt/ros/jazzy/opt/gz_sensors_vendor:/opt/ros/jazzy/opt/gz_physics_vendor:/opt/ros/jazzy/opt/sdformat_vendor:/opt/ros/jazzy/opt/gz_gui_vendor:/opt/ros/jazzy/opt/gz_transport_vendor:/opt/ros/jazzy/opt/gz_rendering_vendor:/opt/ros/jazzy/opt/gz_plugin_vendor:/opt/ros/jazzy/opt/gz_fuel_tools_vendor:/opt/ros/jazzy/opt/gz_msgs_vendor:/opt/ros/jazzy/opt/gz_common_vendor:/opt/ros/jazzy/opt/gz_math_vendor:/opt/ros/jazzy/opt/gz_utils_vendor:/opt/ros/jazzy/opt/gz_tools_vendor:/opt/ros/jazzy/opt/gz_ogre_next_vendor:/opt/ros/jazzy/opt/gz_dartsim_vendor:/opt/ros/jazzy/opt/gz_cmake_vendor:/home/ubuntuuser/ros2_ws/install/turtlebot_controller:/home/ubuntuuser/ros2_ws/install/crazyflie_py:/home/ubuntuuser/ros2_ws/install/crazyflie_controller:/opt/ros/jazzy DEBUGINFOD_URLS=https://debuginfod.ubuntu.com PYTHONPATH=/home/ubuntuuser/ros2_ws/install/crazyflie_interfaces/lib/python3.12/site-packages:/home/ubuntuuser/ros2_ws/install/turtlebot_controller/lib/python3.12/site-packages:/home/ubuntuuser/ros2_ws/install/crazyflie_sim/lib/python3.12/site-packages:/home/ubuntuuser/ros2_ws/install/crazyflie_examples/lib/python3.12/site-packages:/home/ubuntuuser/ros2_ws/install/crazyflie_py/lib/python3.12/site-packages:/home/ubuntuuser/ros2_ws/install/crazyflie_controller/lib/python3.12/site-packages:/opt/ros/jazzy/lib/python3.12/site-packages /usr/bin/cmake --build /home/ubuntuuser/ros2_ws/build/crazyflie -- -j4 -l4
[1.139s] [  5%] Built target teleop
[1.284s] [ 27%] Built target crazyflieLinkCpp
[1.450s] [ 35%] Built target crazyflie_cpp
[1.724s] [ 40%] Built target crazyflie_server
[1.852s] [ 45%] Built target listLogVariables
[2.013s] [ 50%] Built target listMemories
[2.287s] [ 55%] Built target reboot
[2.468s] [ 60%] Built target battery
[2.606s] [ 65%] Built target version
[2.733s] [ 70%] Built target console
[2.819s] [ 75%] Built target comCheck
[2.890s] [ 80%] Built target log
[3.012s] [ 85%] Built target downloadUSDLogfile
[3.179s] [ 90%] Built target setParam
[3.351s] [ 95%] Built target listParams
[3.545s] [100%] Built target scan
[3.582s] Invoked command in '/home/ubuntuuser/ros2_ws/build/crazyflie' returned '0': CMAKE_PREFIX_PATH=/home/ubuntuuser/ros2_ws/install/crazyflie_interfaces:/home/ubuntuuser/ros2_ws/install/turtlebot3_simulations:/home/ubuntuuser/ros2_ws/install/turtlebot3_gazebo:/home/ubuntuuser/ros2_ws/install/turtlebot3_fake_node:/home/ubuntuuser/ros2_ws/install/crazyflie_sim:/home/ubuntuuser/ros2_ws/install/crazyflie_examples:/home/ubuntuuser/ros2_ws/install/crazyflie:/opt/ros/jazzy/opt/gz_sim_vendor:/opt/ros/jazzy/opt/gz_sensors_vendor:/opt/ros/jazzy/opt/gz_physics_vendor:/opt/ros/jazzy/opt/sdformat_vendor:/opt/ros/jazzy/opt/gz_gui_vendor:/opt/ros/jazzy/opt/gz_transport_vendor:/opt/ros/jazzy/opt/gz_rendering_vendor:/opt/ros/jazzy/opt/gz_plugin_vendor:/opt/ros/jazzy/opt/gz_fuel_tools_vendor:/opt/ros/jazzy/opt/gz_msgs_vendor:/opt/ros/jazzy/opt/gz_common_vendor:/opt/ros/jazzy/opt/gz_math_vendor:/opt/ros/jazzy/opt/gz_utils_vendor:/opt/ros/jazzy/opt/gz_tools_vendor:/opt/ros/jazzy/opt/gz_ogre_next_vendor:/opt/ros/jazzy/opt/gz_dartsim_vendor:/opt/ros/jazzy/opt/gz_cmake_vendor:/home/ubuntuuser/ros2_ws/install/turtlebot_controller:/home/ubuntuuser/ros2_ws/install/crazyflie_py:/home/ubuntuuser/ros2_ws/install/crazyflie_controller:/opt/ros/jazzy DEBUGINFOD_URLS=https://debuginfod.ubuntu.com PYTHONPATH=/home/ubuntuuser/ros2_ws/install/crazyflie_interfaces/lib/python3.12/site-packages:/home/ubuntuuser/ros2_ws/install/turtlebot_controller/lib/python3.12/site-packages:/home/ubuntuuser/ros2_ws/install/crazyflie_sim/lib/python3.12/site-packages:/home/ubuntuuser/ros2_ws/install/crazyflie_examples/lib/python3.12/site-packages:/home/ubuntuuser/ros2_ws/install/crazyflie_py/lib/python3.12/site-packages:/home/ubuntuuser/ros2_ws/install/crazyflie_controller/lib/python3.12/site-packages:/opt/ros/jazzy/lib/python3.12/site-packages /usr/bin/cmake --build /home/ubuntuuser/ros2_ws/build/crazyflie -- -j4 -l4
[3.584s] Invoking command in '/home/ubuntuuser/ros2_ws/build/crazyflie': CMAKE_PREFIX_PATH=/home/ubuntuuser/ros2_ws/install/crazyflie_interfaces:/home/ubuntuuser/ros2_ws/install/turtlebot3_simulations:/home/ubuntuuser/ros2_ws/install/turtlebot3_gazebo:/home/ubuntuuser/ros2_ws/install/turtlebot3_fake_node:/home/ubuntuuser/ros2_ws/install/crazyflie_sim:/home/ubuntuuser/ros2_ws/install/crazyflie_examples:/home/ubuntuuser/ros2_ws/install/crazyflie:/opt/ros/jazzy/opt/gz_sim_vendor:/opt/ros/jazzy/opt/gz_sensors_vendor:/opt/ros/jazzy/opt/gz_physics_vendor:/opt/ros/jazzy/opt/sdformat_vendor:/opt/ros/jazzy/opt/gz_gui_vendor:/opt/ros/jazzy/opt/gz_transport_vendor:/opt/ros/jazzy/opt/gz_rendering_vendor:/opt/ros/jazzy/opt/gz_plugin_vendor:/opt/ros/jazzy/opt/gz_fuel_tools_vendor:/opt/ros/jazzy/opt/gz_msgs_vendor:/opt/ros/jazzy/opt/gz_common_vendor:/opt/ros/jazzy/opt/gz_math_vendor:/opt/ros/jazzy/opt/gz_utils_vendor:/opt/ros/jazzy/opt/gz_tools_vendor:/opt/ros/jazzy/opt/gz_ogre_next_vendor:/opt/ros/jazzy/opt/gz_dartsim_vendor:/opt/ros/jazzy/opt/gz_cmake_vendor:/home/ubuntuuser/ros2_ws/install/turtlebot_controller:/home/ubuntuuser/ros2_ws/install/crazyflie_py:/home/ubuntuuser/ros2_ws/install/crazyflie_controller:/opt/ros/jazzy DEBUGINFOD_URLS=https://debuginfod.ubuntu.com PYTHONPATH=/home/ubuntuuser/ros2_ws/install/crazyflie_interfaces/lib/python3.12/site-packages:/home/ubuntuuser/ros2_ws/install/turtlebot_controller/lib/python3.12/site-packages:/home/ubuntuuser/ros2_ws/install/crazyflie_sim/lib/python3.12/site-packages:/home/ubuntuuser/ros2_ws/install/crazyflie_examples/lib/python3.12/site-packages:/home/ubuntuuser/ros2_ws/install/crazyflie_py/lib/python3.12/site-packages:/home/ubuntuuser/ros2_ws/install/crazyflie_controller/lib/python3.12/site-packages:/opt/ros/jazzy/lib/python3.12/site-packages /usr/bin/cmake --install /home/ubuntuuser/ros2_ws/build/crazyflie
[3.628s] -- Install configuration: ""
[3.629s] -- Execute custom install script
[3.630s] -- Up-to-date symlink: /home/ubuntuuser/ros2_ws/install/crazyflie/lib/crazyflie/comCheck
[3.630s] -- Up-to-date symlink: /home/ubuntuuser/ros2_ws/install/crazyflie/lib/crazyflie/scan
[3.631s] -- Up-to-date symlink: /home/ubuntuuser/ros2_ws/install/crazyflie/lib/crazyflie/listParams
[3.631s] -- Up-to-date symlink: /home/ubuntuuser/ros2_ws/install/crazyflie/lib/crazyflie/listLogVariables
[3.632s] -- Up-to-date symlink: /home/ubuntuuser/ros2_ws/install/crazyflie/lib/crazyflie/listMemories
[3.633s] -- Up-to-date symlink: /home/ubuntuuser/ros2_ws/install/crazyflie/lib/crazyflie/reboot
[3.633s] -- Up-to-date symlink: /home/ubuntuuser/ros2_ws/install/crazyflie/lib/crazyflie/battery
[3.634s] -- Up-to-date symlink: /home/ubuntuuser/ros2_ws/install/crazyflie/lib/crazyflie/version
[3.634s] -- Up-to-date symlink: /home/ubuntuuser/ros2_ws/install/crazyflie/lib/crazyflie/console
[3.635s] -- Up-to-date symlink: /home/ubuntuuser/ros2_ws/install/crazyflie/lib/crazyflie/log
[3.636s] -- Up-to-date symlink: /home/ubuntuuser/ros2_ws/install/crazyflie/lib/crazyflie/setParam
[3.637s] -- Up-to-date symlink: /home/ubuntuuser/ros2_ws/install/crazyflie/lib/crazyflie/downloadUSDLogfile
[3.637s] -- Up-to-date symlink: /home/ubuntuuser/ros2_ws/install/crazyflie/lib/crazyflie/teleop
[3.637s] -- Up-to-date symlink: /home/ubuntuuser/ros2_ws/install/crazyflie/lib/crazyflie/crazyflie_server
[3.637s] -- Up-to-date symlink: /home/ubuntuuser/ros2_ws/install/crazyflie/lib/crazyflie/crazyflie_server.py
[3.637s] -- Up-to-date symlink: /home/ubuntuuser/ros2_ws/install/crazyflie/lib/crazyflie/chooser.py
[3.637s] -- Up-to-date symlink: /home/ubuntuuser/ros2_ws/install/crazyflie/lib/crazyflie/vel_mux.py
[3.637s] -- Up-to-date symlink: /home/ubuntuuser/ros2_ws/install/crazyflie/lib/crazyflie/cfmult.py
[3.637s] -- Up-to-date symlink: /home/ubuntuuser/ros2_ws/install/crazyflie/lib/crazyflie/simple_mapper_multiranger.py
[3.637s] -- Up-to-date symlink: /home/ubuntuuser/ros2_ws/install/crazyflie/lib/crazyflie/aideck_streamer.py
[3.637s] -- Up-to-date symlink: /home/ubuntuuser/ros2_ws/install/crazyflie/lib/crazyflie/gui.py
[3.637s] -- Up-to-date symlink: /home/ubuntuuser/ros2_ws/install/crazyflie/lib/crazyflie/flash.py
[3.639s] -- Up-to-date symlink: /home/ubuntuuser/ros2_ws/install/crazyflie/share/crazyflie//launch/launch.py
[3.639s] -- Up-to-date symlink: /home/ubuntuuser/ros2_ws/install/crazyflie/share/crazyflie//launch/launch_teleop2.py
[3.640s] -- Up-to-date symlink: /home/ubuntuuser/ros2_ws/install/crazyflie/share/crazyflie//launch/teleop_launch.py
[3.640s] -- Up-to-date symlink: /home/ubuntuuser/ros2_ws/install/crazyflie/share/crazyflie//config/aideck_streamer.yaml
[3.641s] -- Up-to-date symlink: /home/ubuntuuser/ros2_ws/install/crazyflie/share/crazyflie//config/config.rviz
[3.642s] -- Up-to-date symlink: /home/ubuntuuser/ros2_ws/install/crazyflie/share/crazyflie//config/crazyflies.yaml
[3.642s] -- Up-to-date symlink: /home/ubuntuuser/ros2_ws/install/crazyflie/share/crazyflie//config/motion_capture.yaml
[3.643s] -- Up-to-date symlink: /home/ubuntuuser/ros2_ws/install/crazyflie/share/crazyflie//config/server.yaml
[3.644s] -- Up-to-date symlink: /home/ubuntuuser/ros2_ws/install/crazyflie/share/crazyflie//config/teleop.yaml
[3.644s] -- Up-to-date symlink: /home/ubuntuuser/ros2_ws/install/crazyflie/share/crazyflie//urdf/cf2_assembly.stl
[3.645s] -- Up-to-date symlink: /home/ubuntuuser/ros2_ws/install/crazyflie/share/crazyflie//urdf/cf2_assembly_with_props.dae
[3.645s] -- Up-to-date symlink: /home/ubuntuuser/ros2_ws/install/crazyflie/share/crazyflie//urdf/crazyflie_description.urdf
[3.645s] -- Up-to-date symlink: /home/ubuntuuser/ros2_ws/install/crazyflie/share/ament_index/resource_index/package_run_dependencies/crazyflie
[3.646s] -- Up-to-date symlink: /home/ubuntuuser/ros2_ws/install/crazyflie/share/ament_index/resource_index/parent_prefix_path/crazyflie
[3.647s] -- Up-to-date symlink: /home/ubuntuuser/ros2_ws/install/crazyflie/share/crazyflie/environment/ament_prefix_path.sh
[3.647s] -- Up-to-date symlink: /home/ubuntuuser/ros2_ws/install/crazyflie/share/crazyflie/environment/ament_prefix_path.dsv
[3.648s] -- Up-to-date symlink: /home/ubuntuuser/ros2_ws/install/crazyflie/share/crazyflie/environment/path.sh
[3.648s] -- Up-to-date symlink: /home/ubuntuuser/ros2_ws/install/crazyflie/share/crazyflie/environment/path.dsv
[3.648s] -- Up-to-date symlink: /home/ubuntuuser/ros2_ws/install/crazyflie/share/crazyflie/local_setup.bash
[3.648s] -- Up-to-date symlink: /home/ubuntuuser/ros2_ws/install/crazyflie/share/crazyflie/local_setup.sh
[3.648s] -- Up-to-date symlink: /home/ubuntuuser/ros2_ws/install/crazyflie/share/crazyflie/local_setup.zsh
[3.648s] -- Up-to-date symlink: /home/ubuntuuser/ros2_ws/install/crazyflie/share/crazyflie/local_setup.dsv
[3.648s] -- Symlinking: /home/ubuntuuser/ros2_ws/install/crazyflie/share/crazyflie/package.dsv
[3.669s] -- Up-to-date symlink: /home/ubuntuuser/ros2_ws/install/crazyflie/share/ament_index/resource_index/packages/crazyflie
[3.669s] -- Up-to-date symlink: /home/ubuntuuser/ros2_ws/install/crazyflie/share/crazyflie/cmake/crazyflieConfig.cmake
[3.670s] -- Up-to-date symlink: /home/ubuntuuser/ros2_ws/install/crazyflie/share/crazyflie/cmake/crazyflieConfig-version.cmake
[3.674s] -- Up-to-date symlink: /home/ubuntuuser/ros2_ws/install/crazyflie/share/crazyflie/package.xml
[3.687s] Invoked command in '/home/ubuntuuser/ros2_ws/build/crazyflie' returned '0': CMAKE_PREFIX_PATH=/home/ubuntuuser/ros2_ws/install/crazyflie_interfaces:/home/ubuntuuser/ros2_ws/install/turtlebot3_simulations:/home/ubuntuuser/ros2_ws/install/turtlebot3_gazebo:/home/ubuntuuser/ros2_ws/install/turtlebot3_fake_node:/home/ubuntuuser/ros2_ws/install/crazyflie_sim:/home/ubuntuuser/ros2_ws/install/crazyflie_examples:/home/ubuntuuser/ros2_ws/install/crazyflie:/opt/ros/jazzy/opt/gz_sim_vendor:/opt/ros/jazzy/opt/gz_sensors_vendor:/opt/ros/jazzy/opt/gz_physics_vendor:/opt/ros/jazzy/opt/sdformat_vendor:/opt/ros/jazzy/opt/gz_gui_vendor:/opt/ros/jazzy/opt/gz_transport_vendor:/opt/ros/jazzy/opt/gz_rendering_vendor:/opt/ros/jazzy/opt/gz_plugin_vendor:/opt/ros/jazzy/opt/gz_fuel_tools_vendor:/opt/ros/jazzy/opt/gz_msgs_vendor:/opt/ros/jazzy/opt/gz_common_vendor:/opt/ros/jazzy/opt/gz_math_vendor:/opt/ros/jazzy/opt/gz_utils_vendor:/opt/ros/jazzy/opt/gz_tools_vendor:/opt/ros/jazzy/opt/gz_ogre_next_vendor:/opt/ros/jazzy/opt/gz_dartsim_vendor:/opt/ros/jazzy/opt/gz_cmake_vendor:/home/ubuntuuser/ros2_ws/install/turtlebot_controller:/home/ubuntuuser/ros2_ws/install/crazyflie_py:/home/ubuntuuser/ros2_ws/install/crazyflie_controller:/opt/ros/jazzy DEBUGINFOD_URLS=https://debuginfod.ubuntu.com PYTHONPATH=/home/ubuntuuser/ros2_ws/install/crazyflie_interfaces/lib/python3.12/site-packages:/home/ubuntuuser/ros2_ws/install/turtlebot_controller/lib/python3.12/site-packages:/home/ubuntuuser/ros2_ws/install/crazyflie_sim/lib/python3.12/site-packages:/home/ubuntuuser/ros2_ws/install/crazyflie_examples/lib/python3.12/site-packages:/home/ubuntuuser/ros2_ws/install/crazyflie_py/lib/python3.12/site-packages:/home/ubuntuuser/ros2_ws/install/crazyflie_controller/lib/python3.12/site-packages:/opt/ros/jazzy/lib/python3.12/site-packages /usr/bin/cmake --install /home/ubuntuuser/ros2_ws/build/crazyflie
