[0.791s] Invoking command in '/home/ubuntuuser/ros2_ws/build/crazyflie': CMAKE_PREFIX_PATH=/home/ubuntuuser/ros2_ws/install/crazyflie_interfaces:/home/ubuntuuser/ros2_ws/install/turtlebot3_simulations:/home/ubuntuuser/ros2_ws/install/turtlebot3_gazebo:/home/ubuntuuser/ros2_ws/install/turtlebot3_fake_node:/home/ubuntuuser/ros2_ws/install/crazyflie_sim:/home/ubuntuuser/ros2_ws/install/crazyflie_examples:/home/ubuntuuser/ros2_ws/install/crazyflie:/opt/ros/jazzy/opt/gz_sim_vendor:/opt/ros/jazzy/opt/gz_sensors_vendor:/opt/ros/jazzy/opt/gz_physics_vendor:/opt/ros/jazzy/opt/sdformat_vendor:/opt/ros/jazzy/opt/gz_gui_vendor:/opt/ros/jazzy/opt/gz_transport_vendor:/opt/ros/jazzy/opt/gz_rendering_vendor:/opt/ros/jazzy/opt/gz_plugin_vendor:/opt/ros/jazzy/opt/gz_fuel_tools_vendor:/opt/ros/jazzy/opt/gz_msgs_vendor:/opt/ros/jazzy/opt/gz_common_vendor:/opt/ros/jazzy/opt/gz_math_vendor:/opt/ros/jazzy/opt/gz_utils_vendor:/opt/ros/jazzy/opt/gz_tools_vendor:/opt/ros/jazzy/opt/gz_ogre_next_vendor:/opt/ros/jazzy/opt/gz_dartsim_vendor:/opt/ros/jazzy/opt/gz_cmake_vendor:/home/ubuntuuser/ros2_ws/install/turtlebot_controller:/home/ubuntuuser/ros2_ws/install/crazyflie_py:/home/ubuntuuser/ros2_ws/install/crazyflie_controller:/opt/ros/jazzy DEBUGINFOD_URLS=https://debuginfod.ubuntu.com PYTHONPATH=/home/ubuntuuser/ros2_ws/install/crazyflie_interfaces/lib/python3.12/site-packages:/home/ubuntuuser/ros2_ws/install/turtlebot_controller/lib/python3.12/site-packages:/home/ubuntuuser/ros2_ws/install/crazyflie_sim/lib/python3.12/site-packages:/home/ubuntuuser/ros2_ws/install/crazyflie_examples/lib/python3.12/site-packages:/home/ubuntuuser/ros2_ws/install/crazyflie_py/lib/python3.12/site-packages:/home/ubuntuuser/ros2_ws/install/crazyflie_controller/lib/python3.12/site-packages:/opt/ros/jazzy/lib/python3.12/site-packages /usr/bin/cmake --build /home/ubuntuuser/ros2_ws/build/crazyflie -- -j4 -l4
[1.619s] [  5%] Built target teleop
[1.862s] [ 27%] Built target crazyflieLinkCpp
[2.027s] [ 35%] Built target crazyflie_cpp
[2.314s] [ 40%] Built target crazyflie_server
[2.586s] [ 45%] Built target listLogVariables
[2.989s] [ 50%] Built target listMemories
[3.207s] [ 55%] Built target reboot
[3.386s] [ 60%] Built target battery
[3.495s] [ 65%] Built target version
[3.665s] [ 70%] Built target console
[3.874s] [ 75%] Built target comCheck
[4.185s] [ 80%] Built target log
[4.443s] [ 85%] Built target downloadUSDLogfile
[4.644s] [ 90%] Built target setParam
[4.829s] [ 95%] Built target listParams
[4.982s] [100%] Built target scan
[5.053s] Invoked command in '/home/ubuntuuser/ros2_ws/build/crazyflie' returned '0': CMAKE_PREFIX_PATH=/home/ubuntuuser/ros2_ws/install/crazyflie_interfaces:/home/ubuntuuser/ros2_ws/install/turtlebot3_simulations:/home/ubuntuuser/ros2_ws/install/turtlebot3_gazebo:/home/ubuntuuser/ros2_ws/install/turtlebot3_fake_node:/home/ubuntuuser/ros2_ws/install/crazyflie_sim:/home/ubuntuuser/ros2_ws/install/crazyflie_examples:/home/ubuntuuser/ros2_ws/install/crazyflie:/opt/ros/jazzy/opt/gz_sim_vendor:/opt/ros/jazzy/opt/gz_sensors_vendor:/opt/ros/jazzy/opt/gz_physics_vendor:/opt/ros/jazzy/opt/sdformat_vendor:/opt/ros/jazzy/opt/gz_gui_vendor:/opt/ros/jazzy/opt/gz_transport_vendor:/opt/ros/jazzy/opt/gz_rendering_vendor:/opt/ros/jazzy/opt/gz_plugin_vendor:/opt/ros/jazzy/opt/gz_fuel_tools_vendor:/opt/ros/jazzy/opt/gz_msgs_vendor:/opt/ros/jazzy/opt/gz_common_vendor:/opt/ros/jazzy/opt/gz_math_vendor:/opt/ros/jazzy/opt/gz_utils_vendor:/opt/ros/jazzy/opt/gz_tools_vendor:/opt/ros/jazzy/opt/gz_ogre_next_vendor:/opt/ros/jazzy/opt/gz_dartsim_vendor:/opt/ros/jazzy/opt/gz_cmake_vendor:/home/ubuntuuser/ros2_ws/install/turtlebot_controller:/home/ubuntuuser/ros2_ws/install/crazyflie_py:/home/ubuntuuser/ros2_ws/install/crazyflie_controller:/opt/ros/jazzy DEBUGINFOD_URLS=https://debuginfod.ubuntu.com PYTHONPATH=/home/ubuntuuser/ros2_ws/install/crazyflie_interfaces/lib/python3.12/site-packages:/home/ubuntuuser/ros2_ws/install/turtlebot_controller/lib/python3.12/site-packages:/home/ubuntuuser/ros2_ws/install/crazyflie_sim/lib/python3.12/site-packages:/home/ubuntuuser/ros2_ws/install/crazyflie_examples/lib/python3.12/site-packages:/home/ubuntuuser/ros2_ws/install/crazyflie_py/lib/python3.12/site-packages:/home/ubuntuuser/ros2_ws/install/crazyflie_controller/lib/python3.12/site-packages:/opt/ros/jazzy/lib/python3.12/site-packages /usr/bin/cmake --build /home/ubuntuuser/ros2_ws/build/crazyflie -- -j4 -l4
[5.053s] Invoking command in '/home/ubuntuuser/ros2_ws/build/crazyflie': CMAKE_PREFIX_PATH=/home/ubuntuuser/ros2_ws/install/crazyflie_interfaces:/home/ubuntuuser/ros2_ws/install/turtlebot3_simulations:/home/ubuntuuser/ros2_ws/install/turtlebot3_gazebo:/home/ubuntuuser/ros2_ws/install/turtlebot3_fake_node:/home/ubuntuuser/ros2_ws/install/crazyflie_sim:/home/ubuntuuser/ros2_ws/install/crazyflie_examples:/home/ubuntuuser/ros2_ws/install/crazyflie:/opt/ros/jazzy/opt/gz_sim_vendor:/opt/ros/jazzy/opt/gz_sensors_vendor:/opt/ros/jazzy/opt/gz_physics_vendor:/opt/ros/jazzy/opt/sdformat_vendor:/opt/ros/jazzy/opt/gz_gui_vendor:/opt/ros/jazzy/opt/gz_transport_vendor:/opt/ros/jazzy/opt/gz_rendering_vendor:/opt/ros/jazzy/opt/gz_plugin_vendor:/opt/ros/jazzy/opt/gz_fuel_tools_vendor:/opt/ros/jazzy/opt/gz_msgs_vendor:/opt/ros/jazzy/opt/gz_common_vendor:/opt/ros/jazzy/opt/gz_math_vendor:/opt/ros/jazzy/opt/gz_utils_vendor:/opt/ros/jazzy/opt/gz_tools_vendor:/opt/ros/jazzy/opt/gz_ogre_next_vendor:/opt/ros/jazzy/opt/gz_dartsim_vendor:/opt/ros/jazzy/opt/gz_cmake_vendor:/home/ubuntuuser/ros2_ws/install/turtlebot_controller:/home/ubuntuuser/ros2_ws/install/crazyflie_py:/home/ubuntuuser/ros2_ws/install/crazyflie_controller:/opt/ros/jazzy DEBUGINFOD_URLS=https://debuginfod.ubuntu.com PYTHONPATH=/home/ubuntuuser/ros2_ws/install/crazyflie_interfaces/lib/python3.12/site-packages:/home/ubuntuuser/ros2_ws/install/turtlebot_controller/lib/python3.12/site-packages:/home/ubuntuuser/ros2_ws/install/crazyflie_sim/lib/python3.12/site-packages:/home/ubuntuuser/ros2_ws/install/crazyflie_examples/lib/python3.12/site-packages:/home/ubuntuuser/ros2_ws/install/crazyflie_py/lib/python3.12/site-packages:/home/ubuntuuser/ros2_ws/install/crazyflie_controller/lib/python3.12/site-packages:/opt/ros/jazzy/lib/python3.12/site-packages /usr/bin/cmake --install /home/ubuntuuser/ros2_ws/build/crazyflie
[5.109s] -- Install configuration: ""
[5.111s] -- Execute custom install script
[5.113s] -- Up-to-date symlink: /home/ubuntuuser/ros2_ws/install/crazyflie/lib/crazyflie/comCheck
[5.114s] -- Up-to-date symlink: /home/ubuntuuser/ros2_ws/install/crazyflie/lib/crazyflie/scan
[5.115s] -- Up-to-date symlink: /home/ubuntuuser/ros2_ws/install/crazyflie/lib/crazyflie/listParams
[5.116s] -- Up-to-date symlink: /home/ubuntuuser/ros2_ws/install/crazyflie/lib/crazyflie/listLogVariables
[5.117s] -- Up-to-date symlink: /home/ubuntuuser/ros2_ws/install/crazyflie/lib/crazyflie/listMemories
[5.118s] -- Up-to-date symlink: /home/ubuntuuser/ros2_ws/install/crazyflie/lib/crazyflie/reboot
[5.119s] -- Up-to-date symlink: /home/ubuntuuser/ros2_ws/install/crazyflie/lib/crazyflie/battery
[5.125s] -- Up-to-date symlink: /home/ubuntuuser/ros2_ws/install/crazyflie/lib/crazyflie/version
[5.125s] -- Up-to-date symlink: /home/ubuntuuser/ros2_ws/install/crazyflie/lib/crazyflie/console
[5.127s] -- Up-to-date symlink: /home/ubuntuuser/ros2_ws/install/crazyflie/lib/crazyflie/log
[5.129s] -- Up-to-date symlink: /home/ubuntuuser/ros2_ws/install/crazyflie/lib/crazyflie/setParam
[5.129s] -- Up-to-date symlink: /home/ubuntuuser/ros2_ws/install/crazyflie/lib/crazyflie/downloadUSDLogfile
[5.130s] -- Up-to-date symlink: /home/ubuntuuser/ros2_ws/install/crazyflie/lib/crazyflie/teleop
[5.131s] -- Up-to-date symlink: /home/ubuntuuser/ros2_ws/install/crazyflie/lib/crazyflie/crazyflie_server
[5.132s] -- Up-to-date symlink: /home/ubuntuuser/ros2_ws/install/crazyflie/lib/crazyflie/crazyflie_server.py
[5.132s] -- Up-to-date symlink: /home/ubuntuuser/ros2_ws/install/crazyflie/lib/crazyflie/chooser.py
[5.134s] -- Up-to-date symlink: /home/ubuntuuser/ros2_ws/install/crazyflie/lib/crazyflie/vel_mux.py
[5.136s] -- Up-to-date symlink: /home/ubuntuuser/ros2_ws/install/crazyflie/lib/crazyflie/cfmult.py
[5.136s] -- Up-to-date symlink: /home/ubuntuuser/ros2_ws/install/crazyflie/lib/crazyflie/simple_mapper_multiranger.py
[5.137s] -- Up-to-date symlink: /home/ubuntuuser/ros2_ws/install/crazyflie/lib/crazyflie/aideck_streamer.py
[5.138s] -- Up-to-date symlink: /home/ubuntuuser/ros2_ws/install/crazyflie/lib/crazyflie/gui.py
[5.139s] -- Up-to-date symlink: /home/ubuntuuser/ros2_ws/install/crazyflie/lib/crazyflie/flash.py
[5.139s] -- Up-to-date symlink: /home/ubuntuuser/ros2_ws/install/crazyflie/share/crazyflie//launch/launch.py
[5.141s] -- Up-to-date symlink: /home/ubuntuuser/ros2_ws/install/crazyflie/share/crazyflie//launch/launch_teleop2.py
[5.143s] -- Up-to-date symlink: /home/ubuntuuser/ros2_ws/install/crazyflie/share/crazyflie//launch/teleop_launch.py
[5.145s] -- Up-to-date symlink: /home/ubuntuuser/ros2_ws/install/crazyflie/share/crazyflie//config/aideck_streamer.yaml
[5.146s] -- Up-to-date symlink: /home/ubuntuuser/ros2_ws/install/crazyflie/share/crazyflie//config/config.rviz
[5.147s] -- Up-to-date symlink: /home/ubuntuuser/ros2_ws/install/crazyflie/share/crazyflie//config/crazyflies.yaml
[5.148s] -- Up-to-date symlink: /home/ubuntuuser/ros2_ws/install/crazyflie/share/crazyflie//config/motion_capture.yaml
[5.149s] -- Up-to-date symlink: /home/ubuntuuser/ros2_ws/install/crazyflie/share/crazyflie//config/server.yaml
[5.151s] -- Up-to-date symlink: /home/ubuntuuser/ros2_ws/install/crazyflie/share/crazyflie//config/teleop.yaml
[5.153s] -- Up-to-date symlink: /home/ubuntuuser/ros2_ws/install/crazyflie/share/crazyflie//urdf/cf2_assembly.stl
[5.153s] -- Up-to-date symlink: /home/ubuntuuser/ros2_ws/install/crazyflie/share/crazyflie//urdf/cf2_assembly_with_props.dae
[5.155s] -- Up-to-date symlink: /home/ubuntuuser/ros2_ws/install/crazyflie/share/crazyflie//urdf/crazyflie_description.urdf
[5.157s] -- Up-to-date symlink: /home/ubuntuuser/ros2_ws/install/crazyflie/share/ament_index/resource_index/package_run_dependencies/crazyflie
[5.158s] -- Up-to-date symlink: /home/ubuntuuser/ros2_ws/install/crazyflie/share/ament_index/resource_index/parent_prefix_path/crazyflie
[5.159s] -- Up-to-date symlink: /home/ubuntuuser/ros2_ws/install/crazyflie/share/crazyflie/environment/ament_prefix_path.sh
[5.159s] -- Up-to-date symlink: /home/ubuntuuser/ros2_ws/install/crazyflie/share/crazyflie/environment/ament_prefix_path.dsv
[5.160s] -- Up-to-date symlink: /home/ubuntuuser/ros2_ws/install/crazyflie/share/crazyflie/environment/path.sh
[5.161s] -- Up-to-date symlink: /home/ubuntuuser/ros2_ws/install/crazyflie/share/crazyflie/environment/path.dsv
[5.162s] -- Up-to-date symlink: /home/ubuntuuser/ros2_ws/install/crazyflie/share/crazyflie/local_setup.bash
[5.163s] -- Up-to-date symlink: /home/ubuntuuser/ros2_ws/install/crazyflie/share/crazyflie/local_setup.sh
[5.164s] -- Up-to-date symlink: /home/ubuntuuser/ros2_ws/install/crazyflie/share/crazyflie/local_setup.zsh
[5.165s] -- Up-to-date symlink: /home/ubuntuuser/ros2_ws/install/crazyflie/share/crazyflie/local_setup.dsv
[5.166s] -- Symlinking: /home/ubuntuuser/ros2_ws/install/crazyflie/share/crazyflie/package.dsv
[5.255s] -- Up-to-date symlink: /home/ubuntuuser/ros2_ws/install/crazyflie/share/ament_index/resource_index/packages/crazyflie
[5.257s] -- Up-to-date symlink: /home/ubuntuuser/ros2_ws/install/crazyflie/share/crazyflie/cmake/crazyflieConfig.cmake
[5.258s] -- Up-to-date symlink: /home/ubuntuuser/ros2_ws/install/crazyflie/share/crazyflie/cmake/crazyflieConfig-version.cmake
[5.259s] -- Up-to-date symlink: /home/ubuntuuser/ros2_ws/install/crazyflie/share/crazyflie/package.xml
[5.275s] Invoked command in '/home/ubuntuuser/ros2_ws/build/crazyflie' returned '0': CMAKE_PREFIX_PATH=/home/ubuntuuser/ros2_ws/install/crazyflie_interfaces:/home/ubuntuuser/ros2_ws/install/turtlebot3_simulations:/home/ubuntuuser/ros2_ws/install/turtlebot3_gazebo:/home/ubuntuuser/ros2_ws/install/turtlebot3_fake_node:/home/ubuntuuser/ros2_ws/install/crazyflie_sim:/home/ubuntuuser/ros2_ws/install/crazyflie_examples:/home/ubuntuuser/ros2_ws/install/crazyflie:/opt/ros/jazzy/opt/gz_sim_vendor:/opt/ros/jazzy/opt/gz_sensors_vendor:/opt/ros/jazzy/opt/gz_physics_vendor:/opt/ros/jazzy/opt/sdformat_vendor:/opt/ros/jazzy/opt/gz_gui_vendor:/opt/ros/jazzy/opt/gz_transport_vendor:/opt/ros/jazzy/opt/gz_rendering_vendor:/opt/ros/jazzy/opt/gz_plugin_vendor:/opt/ros/jazzy/opt/gz_fuel_tools_vendor:/opt/ros/jazzy/opt/gz_msgs_vendor:/opt/ros/jazzy/opt/gz_common_vendor:/opt/ros/jazzy/opt/gz_math_vendor:/opt/ros/jazzy/opt/gz_utils_vendor:/opt/ros/jazzy/opt/gz_tools_vendor:/opt/ros/jazzy/opt/gz_ogre_next_vendor:/opt/ros/jazzy/opt/gz_dartsim_vendor:/opt/ros/jazzy/opt/gz_cmake_vendor:/home/ubuntuuser/ros2_ws/install/turtlebot_controller:/home/ubuntuuser/ros2_ws/install/crazyflie_py:/home/ubuntuuser/ros2_ws/install/crazyflie_controller:/opt/ros/jazzy DEBUGINFOD_URLS=https://debuginfod.ubuntu.com PYTHONPATH=/home/ubuntuuser/ros2_ws/install/crazyflie_interfaces/lib/python3.12/site-packages:/home/ubuntuuser/ros2_ws/install/turtlebot_controller/lib/python3.12/site-packages:/home/ubuntuuser/ros2_ws/install/crazyflie_sim/lib/python3.12/site-packages:/home/ubuntuuser/ros2_ws/install/crazyflie_examples/lib/python3.12/site-packages:/home/ubuntuuser/ros2_ws/install/crazyflie_py/lib/python3.12/site-packages:/home/ubuntuuser/ros2_ws/install/crazyflie_controller/lib/python3.12/site-packages:/opt/ros/jazzy/lib/python3.12/site-packages /usr/bin/cmake --install /home/ubuntuuser/ros2_ws/build/crazyflie
