[0.124s] Invoking command in '/home/ubuntuuser/ros2_ws/build/crazyflie_sim': CMAKE_PREFIX_PATH=/home/ubuntuuser/ros2_ws/install/crazyflie_interfaces:/home/ubuntuuser/ros2_ws/install/turtlebot3_simulations:/home/ubuntuuser/ros2_ws/install/turtlebot3_gazebo:/home/ubuntuuser/ros2_ws/install/turtlebot3_fake_node:/home/ubuntuuser/ros2_ws/install/crazyflie_sim:/home/ubuntuuser/ros2_ws/install/crazyflie_examples:/home/ubuntuuser/ros2_ws/install/crazyflie:/opt/ros/jazzy/opt/gz_sim_vendor:/opt/ros/jazzy/opt/gz_sensors_vendor:/opt/ros/jazzy/opt/gz_physics_vendor:/opt/ros/jazzy/opt/sdformat_vendor:/opt/ros/jazzy/opt/gz_gui_vendor:/opt/ros/jazzy/opt/gz_transport_vendor:/opt/ros/jazzy/opt/gz_rendering_vendor:/opt/ros/jazzy/opt/gz_plugin_vendor:/opt/ros/jazzy/opt/gz_fuel_tools_vendor:/opt/ros/jazzy/opt/gz_msgs_vendor:/opt/ros/jazzy/opt/gz_common_vendor:/opt/ros/jazzy/opt/gz_math_vendor:/opt/ros/jazzy/opt/gz_utils_vendor:/opt/ros/jazzy/opt/gz_tools_vendor:/opt/ros/jazzy/opt/gz_ogre_next_vendor:/opt/ros/jazzy/opt/gz_dartsim_vendor:/opt/ros/jazzy/opt/gz_cmake_vendor:/home/ubuntuuser/ros2_ws/install/turtlebot_controller:/home/ubuntuuser/ros2_ws/install/crazyflie_py:/home/ubuntuuser/ros2_ws/install/crazyflie_controller:/opt/ros/jazzy DEBUGINFOD_URLS=https://debuginfod.ubuntu.com PYTHONPATH=/home/ubuntuuser/ros2_ws/install/crazyflie_interfaces/lib/python3.12/site-packages:/home/ubuntuuser/ros2_ws/install/turtlebot_controller/lib/python3.12/site-packages:/home/ubuntuuser/ros2_ws/install/crazyflie_sim/lib/python3.12/site-packages:/home/ubuntuuser/ros2_ws/install/crazyflie_examples/lib/python3.12/site-packages:/home/ubuntuuser/ros2_ws/install/crazyflie_py/lib/python3.12/site-packages:/home/ubuntuuser/ros2_ws/install/crazyflie_controller/lib/python3.12/site-packages:/opt/ros/jazzy/lib/python3.12/site-packages /usr/bin/cmake --build /home/ubuntuuser/ros2_ws/build/crazyflie_sim -- -j4 -l4
[0.413s] Built target ament_cmake_python_symlink_crazyflie_sim_setup
[0.556s] Built target ament_cmake_python_symlink_crazyflie_sim
[0.995s] running install_scripts
[1.054s] /usr/lib/python3/dist-packages/setuptools/_distutils/cmd.py:66: SetuptoolsDeprecationWarning: setup.py install is deprecated.
[1.090s] !!
[1.090s] 
[1.090s]         ********************************************************************************
[1.090s]         Please avoid running ``setup.py`` directly.
[1.090s]         Instead, use pypa/build, pypa/installer or other
[1.090s]         standards-based tools.
[1.090s] 
[1.090s]         See https://blog.ganssle.io/articles/2021/10/setup-py-deprecated.html for details.
[1.091s]         ********************************************************************************
[1.091s] 
[1.091s] !!
[1.091s]   self.initialize_options()
[1.091s] running egg_info
[1.151s] writing crazyflie_sim.egg-info/PKG-INFO
[1.153s] writing dependency_links to crazyflie_sim.egg-info/dependency_links.txt
[1.155s] writing entry points to crazyflie_sim.egg-info/entry_points.txt
[1.157s] writing top-level names to crazyflie_sim.egg-info/top_level.txt
[1.256s] reading manifest file 'crazyflie_sim.egg-info/SOURCES.txt'
[1.256s] writing manifest file 'crazyflie_sim.egg-info/SOURCES.txt'
[1.292s] running egg_info
[1.342s] writing crazyflie_sim.egg-info/PKG-INFO
[1.343s] writing dependency_links to crazyflie_sim.egg-info/dependency_links.txt
[1.346s] writing entry points to crazyflie_sim.egg-info/entry_points.txt
[1.348s] writing top-level names to crazyflie_sim.egg-info/top_level.txt
[1.443s] reading manifest file 'crazyflie_sim.egg-info/SOURCES.txt'
[1.456s] writing manifest file 'crazyflie_sim.egg-info/SOURCES.txt'
[1.462s] Installing crazyflie_server script to scripts
[1.539s] Built target ament_cmake_python_build_crazyflie_sim_egg
[1.595s] Built target ament_cmake_python_build_crazyflie_sim_scripts
[1.634s] Invoked command in '/home/ubuntuuser/ros2_ws/build/crazyflie_sim' returned '0': CMAKE_PREFIX_PATH=/home/ubuntuuser/ros2_ws/install/crazyflie_interfaces:/home/ubuntuuser/ros2_ws/install/turtlebot3_simulations:/home/ubuntuuser/ros2_ws/install/turtlebot3_gazebo:/home/ubuntuuser/ros2_ws/install/turtlebot3_fake_node:/home/ubuntuuser/ros2_ws/install/crazyflie_sim:/home/ubuntuuser/ros2_ws/install/crazyflie_examples:/home/ubuntuuser/ros2_ws/install/crazyflie:/opt/ros/jazzy/opt/gz_sim_vendor:/opt/ros/jazzy/opt/gz_sensors_vendor:/opt/ros/jazzy/opt/gz_physics_vendor:/opt/ros/jazzy/opt/sdformat_vendor:/opt/ros/jazzy/opt/gz_gui_vendor:/opt/ros/jazzy/opt/gz_transport_vendor:/opt/ros/jazzy/opt/gz_rendering_vendor:/opt/ros/jazzy/opt/gz_plugin_vendor:/opt/ros/jazzy/opt/gz_fuel_tools_vendor:/opt/ros/jazzy/opt/gz_msgs_vendor:/opt/ros/jazzy/opt/gz_common_vendor:/opt/ros/jazzy/opt/gz_math_vendor:/opt/ros/jazzy/opt/gz_utils_vendor:/opt/ros/jazzy/opt/gz_tools_vendor:/opt/ros/jazzy/opt/gz_ogre_next_vendor:/opt/ros/jazzy/opt/gz_dartsim_vendor:/opt/ros/jazzy/opt/gz_cmake_vendor:/home/ubuntuuser/ros2_ws/install/turtlebot_controller:/home/ubuntuuser/ros2_ws/install/crazyflie_py:/home/ubuntuuser/ros2_ws/install/crazyflie_controller:/opt/ros/jazzy DEBUGINFOD_URLS=https://debuginfod.ubuntu.com PYTHONPATH=/home/ubuntuuser/ros2_ws/install/crazyflie_interfaces/lib/python3.12/site-packages:/home/ubuntuuser/ros2_ws/install/turtlebot_controller/lib/python3.12/site-packages:/home/ubuntuuser/ros2_ws/install/crazyflie_sim/lib/python3.12/site-packages:/home/ubuntuuser/ros2_ws/install/crazyflie_examples/lib/python3.12/site-packages:/home/ubuntuuser/ros2_ws/install/crazyflie_py/lib/python3.12/site-packages:/home/ubuntuuser/ros2_ws/install/crazyflie_controller/lib/python3.12/site-packages:/opt/ros/jazzy/lib/python3.12/site-packages /usr/bin/cmake --build /home/ubuntuuser/ros2_ws/build/crazyflie_sim -- -j4 -l4
[1.637s] Invoking command in '/home/ubuntuuser/ros2_ws/build/crazyflie_sim': CMAKE_PREFIX_PATH=/home/ubuntuuser/ros2_ws/install/crazyflie_interfaces:/home/ubuntuuser/ros2_ws/install/turtlebot3_simulations:/home/ubuntuuser/ros2_ws/install/turtlebot3_gazebo:/home/ubuntuuser/ros2_ws/install/turtlebot3_fake_node:/home/ubuntuuser/ros2_ws/install/crazyflie_sim:/home/ubuntuuser/ros2_ws/install/crazyflie_examples:/home/ubuntuuser/ros2_ws/install/crazyflie:/opt/ros/jazzy/opt/gz_sim_vendor:/opt/ros/jazzy/opt/gz_sensors_vendor:/opt/ros/jazzy/opt/gz_physics_vendor:/opt/ros/jazzy/opt/sdformat_vendor:/opt/ros/jazzy/opt/gz_gui_vendor:/opt/ros/jazzy/opt/gz_transport_vendor:/opt/ros/jazzy/opt/gz_rendering_vendor:/opt/ros/jazzy/opt/gz_plugin_vendor:/opt/ros/jazzy/opt/gz_fuel_tools_vendor:/opt/ros/jazzy/opt/gz_msgs_vendor:/opt/ros/jazzy/opt/gz_common_vendor:/opt/ros/jazzy/opt/gz_math_vendor:/opt/ros/jazzy/opt/gz_utils_vendor:/opt/ros/jazzy/opt/gz_tools_vendor:/opt/ros/jazzy/opt/gz_ogre_next_vendor:/opt/ros/jazzy/opt/gz_dartsim_vendor:/opt/ros/jazzy/opt/gz_cmake_vendor:/home/ubuntuuser/ros2_ws/install/turtlebot_controller:/home/ubuntuuser/ros2_ws/install/crazyflie_py:/home/ubuntuuser/ros2_ws/install/crazyflie_controller:/opt/ros/jazzy DEBUGINFOD_URLS=https://debuginfod.ubuntu.com PYTHONPATH=/home/ubuntuuser/ros2_ws/install/crazyflie_interfaces/lib/python3.12/site-packages:/home/ubuntuuser/ros2_ws/install/turtlebot_controller/lib/python3.12/site-packages:/home/ubuntuuser/ros2_ws/install/crazyflie_sim/lib/python3.12/site-packages:/home/ubuntuuser/ros2_ws/install/crazyflie_examples/lib/python3.12/site-packages:/home/ubuntuuser/ros2_ws/install/crazyflie_py/lib/python3.12/site-packages:/home/ubuntuuser/ros2_ws/install/crazyflie_controller/lib/python3.12/site-packages:/opt/ros/jazzy/lib/python3.12/site-packages /usr/bin/cmake --install /home/ubuntuuser/ros2_ws/build/crazyflie_sim
[1.661s] -- Install configuration: ""
[1.662s] -- Execute custom install script
[1.664s] -- Up-to-date symlink: /home/ubuntuuser/ros2_ws/install/crazyflie_sim/share/crazyflie_sim/environment/pythonpath.sh
[1.666s] -- Up-to-date symlink: /home/ubuntuuser/ros2_ws/install/crazyflie_sim/share/crazyflie_sim/environment/pythonpath.dsv
[1.668s] -- Up-to-date symlink: /home/ubuntuuser/ros2_ws/install/crazyflie_sim/lib/python3.12/site-packages/crazyflie_sim-1.0.3-py3.12.egg-info/PKG-INFO
[1.670s] -- Up-to-date symlink: /home/ubuntuuser/ros2_ws/install/crazyflie_sim/lib/python3.12/site-packages/crazyflie_sim-1.0.3-py3.12.egg-info/SOURCES.txt
[1.671s] -- Up-to-date symlink: /home/ubuntuuser/ros2_ws/install/crazyflie_sim/lib/python3.12/site-packages/crazyflie_sim-1.0.3-py3.12.egg-info/dependency_links.txt
[1.672s] -- Up-to-date symlink: /home/ubuntuuser/ros2_ws/install/crazyflie_sim/lib/python3.12/site-packages/crazyflie_sim-1.0.3-py3.12.egg-info/entry_points.txt
[1.674s] -- Up-to-date symlink: /home/ubuntuuser/ros2_ws/install/crazyflie_sim/lib/python3.12/site-packages/crazyflie_sim-1.0.3-py3.12.egg-info/top_level.txt
[1.675s] -- Up-to-date symlink: /home/ubuntuuser/ros2_ws/install/crazyflie_sim/lib/crazyflie_sim//crazyflie_server
[1.681s] -- Up-to-date symlink: /home/ubuntuuser/ros2_ws/install/crazyflie_sim/lib/python3.12/site-packages/crazyflie_sim/__init__.py
[1.681s] -- Up-to-date symlink: /home/ubuntuuser/ros2_ws/install/crazyflie_sim/lib/python3.12/site-packages/crazyflie_sim/backend/data/dynobench/crazyflie2.yaml
[1.681s] -- Up-to-date symlink: /home/ubuntuuser/ros2_ws/install/crazyflie_sim/lib/python3.12/site-packages/crazyflie_sim/backend/data/neuralswarm2/phi_G.pth
[1.681s] -- Up-to-date symlink: /home/ubuntuuser/ros2_ws/install/crazyflie_sim/lib/python3.12/site-packages/crazyflie_sim/backend/data/neuralswarm2/phi_L.pth
[1.681s] -- Up-to-date symlink: /home/ubuntuuser/ros2_ws/install/crazyflie_sim/lib/python3.12/site-packages/crazyflie_sim/backend/data/neuralswarm2/phi_S.pth
[1.682s] -- Up-to-date symlink: /home/ubuntuuser/ros2_ws/install/crazyflie_sim/lib/python3.12/site-packages/crazyflie_sim/backend/data/neuralswarm2/rho_L.pth
[1.684s] -- Up-to-date symlink: /home/ubuntuuser/ros2_ws/install/crazyflie_sim/lib/python3.12/site-packages/crazyflie_sim/backend/data/neuralswarm2/rho_S.pth
[1.686s] -- Up-to-date symlink: /home/ubuntuuser/ros2_ws/install/crazyflie_sim/lib/python3.12/site-packages/crazyflie_sim/backend/data/pinocchio/crazyflie2.urdf
[1.687s] -- Up-to-date symlink: /home/ubuntuuser/ros2_ws/install/crazyflie_sim/lib/python3.12/site-packages/crazyflie_sim/backend/dynobench.py
[1.687s] -- Up-to-date symlink: /home/ubuntuuser/ros2_ws/install/crazyflie_sim/lib/python3.12/site-packages/crazyflie_sim/backend/neuralswarm.py
[1.687s] -- Up-to-date symlink: /home/ubuntuuser/ros2_ws/install/crazyflie_sim/lib/python3.12/site-packages/crazyflie_sim/backend/none.py
[1.688s] -- Up-to-date symlink: /home/ubuntuuser/ros2_ws/install/crazyflie_sim/lib/python3.12/site-packages/crazyflie_sim/backend/np.py
[1.689s] -- Up-to-date symlink: /home/ubuntuuser/ros2_ws/install/crazyflie_sim/lib/python3.12/site-packages/crazyflie_sim/backend/pinocchio.py
[1.691s] -- Up-to-date symlink: /home/ubuntuuser/ros2_ws/install/crazyflie_sim/lib/python3.12/site-packages/crazyflie_sim/crazyflie_server.py
[1.691s] -- Up-to-date symlink: /home/ubuntuuser/ros2_ws/install/crazyflie_sim/lib/python3.12/site-packages/crazyflie_sim/crazyflie_sil.py
[1.693s] -- Up-to-date symlink: /home/ubuntuuser/ros2_ws/install/crazyflie_sim/lib/python3.12/site-packages/crazyflie_sim/sim_data_types.py
[1.696s] -- Up-to-date symlink: /home/ubuntuuser/ros2_ws/install/crazyflie_sim/lib/python3.12/site-packages/crazyflie_sim/visualization/README.md
[1.696s] -- Up-to-date symlink: /home/ubuntuuser/ros2_ws/install/crazyflie_sim/lib/python3.12/site-packages/crazyflie_sim/visualization/blender.py
[1.696s] -- Up-to-date symlink: /home/ubuntuuser/ros2_ws/install/crazyflie_sim/lib/python3.12/site-packages/crazyflie_sim/visualization/data/README.md
[1.696s] -- Up-to-date symlink: /home/ubuntuuser/ros2_ws/install/crazyflie_sim/lib/python3.12/site-packages/crazyflie_sim/visualization/data/env/abandoned_greenhouse.jpg
[1.696s] -- Up-to-date symlink: /home/ubuntuuser/ros2_ws/install/crazyflie_sim/lib/python3.12/site-packages/crazyflie_sim/visualization/data/env/aerodynamics_workshop.jpg
[1.696s] -- Up-to-date symlink: /home/ubuntuuser/ros2_ws/install/crazyflie_sim/lib/python3.12/site-packages/crazyflie_sim/visualization/data/env/aviation_museum.jpg
[1.698s] -- Up-to-date symlink: /home/ubuntuuser/ros2_ws/install/crazyflie_sim/lib/python3.12/site-packages/crazyflie_sim/visualization/data/env/crosswalk.jpg
[1.701s] -- Up-to-date symlink: /home/ubuntuuser/ros2_ws/install/crazyflie_sim/lib/python3.12/site-packages/crazyflie_sim/visualization/data/env/derelict_overpass.jpg
[1.701s] -- Up-to-date symlink: /home/ubuntuuser/ros2_ws/install/crazyflie_sim/lib/python3.12/site-packages/crazyflie_sim/visualization/data/env/env.jpg
[1.701s] -- Up-to-date symlink: /home/ubuntuuser/ros2_ws/install/crazyflie_sim/lib/python3.12/site-packages/crazyflie_sim/visualization/data/env/lago_disola.jpg
[1.701s] -- Up-to-date symlink: /home/ubuntuuser/ros2_ws/install/crazyflie_sim/lib/python3.12/site-packages/crazyflie_sim/visualization/data/env/lake_pier.jpg
[1.702s] -- Up-to-date symlink: /home/ubuntuuser/ros2_ws/install/crazyflie_sim/lib/python3.12/site-packages/crazyflie_sim/visualization/data/env/machine_shop.jpg
[1.704s] -- Up-to-date symlink: /home/ubuntuuser/ros2_ws/install/crazyflie_sim/lib/python3.12/site-packages/crazyflie_sim/visualization/data/env/museumplein.jpg
[1.705s] -- Up-to-date symlink: /home/ubuntuuser/ros2_ws/install/crazyflie_sim/lib/python3.12/site-packages/crazyflie_sim/visualization/data/env/peppermint_powerplant.jpg
[1.707s] -- Up-to-date symlink: /home/ubuntuuser/ros2_ws/install/crazyflie_sim/lib/python3.12/site-packages/crazyflie_sim/visualization/data/env/studio_garden.jpg
[1.707s] -- Up-to-date symlink: /home/ubuntuuser/ros2_ws/install/crazyflie_sim/lib/python3.12/site-packages/crazyflie_sim/visualization/data/model/cf.mtl
[1.709s] -- Up-to-date symlink: /home/ubuntuuser/ros2_ws/install/crazyflie_sim/lib/python3.12/site-packages/crazyflie_sim/visualization/data/model/cf.obj
[1.711s] -- Up-to-date symlink: /home/ubuntuuser/ros2_ws/install/crazyflie_sim/lib/python3.12/site-packages/crazyflie_sim/visualization/pdf.py
[1.713s] -- Up-to-date symlink: /home/ubuntuuser/ros2_ws/install/crazyflie_sim/lib/python3.12/site-packages/crazyflie_sim/visualization/record_states.py
[1.715s] -- Up-to-date symlink: /home/ubuntuuser/ros2_ws/install/crazyflie_sim/lib/python3.12/site-packages/crazyflie_sim/visualization/rviz.py
[1.718s] -- Up-to-date symlink: /home/ubuntuuser/ros2_ws/install/crazyflie_sim/share/ament_index/resource_index/package_run_dependencies/crazyflie_sim
[1.719s] -- Up-to-date symlink: /home/ubuntuuser/ros2_ws/install/crazyflie_sim/share/ament_index/resource_index/parent_prefix_path/crazyflie_sim
[1.719s] -- Up-to-date symlink: /home/ubuntuuser/ros2_ws/install/crazyflie_sim/share/crazyflie_sim/environment/ament_prefix_path.sh
[1.719s] -- Up-to-date symlink: /home/ubuntuuser/ros2_ws/install/crazyflie_sim/share/crazyflie_sim/environment/ament_prefix_path.dsv
[1.719s] -- Up-to-date symlink: /home/ubuntuuser/ros2_ws/install/crazyflie_sim/share/crazyflie_sim/environment/path.sh
[1.719s] -- Up-to-date symlink: /home/ubuntuuser/ros2_ws/install/crazyflie_sim/share/crazyflie_sim/environment/path.dsv
[1.720s] -- Up-to-date symlink: /home/ubuntuuser/ros2_ws/install/crazyflie_sim/share/crazyflie_sim/local_setup.bash
[1.721s] -- Up-to-date symlink: /home/ubuntuuser/ros2_ws/install/crazyflie_sim/share/crazyflie_sim/local_setup.sh
[1.723s] -- Up-to-date symlink: /home/ubuntuuser/ros2_ws/install/crazyflie_sim/share/crazyflie_sim/local_setup.zsh
[1.725s] -- Up-to-date symlink: /home/ubuntuuser/ros2_ws/install/crazyflie_sim/share/crazyflie_sim/local_setup.dsv
[1.727s] -- Symlinking: /home/ubuntuuser/ros2_ws/install/crazyflie_sim/share/crazyflie_sim/package.dsv
[1.772s] -- Up-to-date symlink: /home/ubuntuuser/ros2_ws/install/crazyflie_sim/share/ament_index/resource_index/packages/crazyflie_sim
[1.773s] -- Up-to-date symlink: /home/ubuntuuser/ros2_ws/install/crazyflie_sim/share/crazyflie_sim/cmake/crazyflie_simConfig.cmake
[1.775s] -- Up-to-date symlink: /home/ubuntuuser/ros2_ws/install/crazyflie_sim/share/crazyflie_sim/cmake/crazyflie_simConfig-version.cmake
[1.775s] -- Up-to-date symlink: /home/ubuntuuser/ros2_ws/install/crazyflie_sim/share/crazyflie_sim/package.xml
[1.841s] Listing '/home/ubuntuuser/ros2_ws/install/crazyflie_sim/lib/python3.12/site-packages/crazyflie_sim'...
[1.841s] Listing '/home/ubuntuuser/ros2_ws/install/crazyflie_sim/lib/python3.12/site-packages/crazyflie_sim/backend'...
[1.841s] Listing '/home/ubuntuuser/ros2_ws/install/crazyflie_sim/lib/python3.12/site-packages/crazyflie_sim/backend/data'...
[1.841s] Listing '/home/ubuntuuser/ros2_ws/install/crazyflie_sim/lib/python3.12/site-packages/crazyflie_sim/backend/data/dynobench'...
[1.841s] Listing '/home/ubuntuuser/ros2_ws/install/crazyflie_sim/lib/python3.12/site-packages/crazyflie_sim/backend/data/neuralswarm2'...
[1.841s] Listing '/home/ubuntuuser/ros2_ws/install/crazyflie_sim/lib/python3.12/site-packages/crazyflie_sim/backend/data/pinocchio'...
[1.841s] Listing '/home/ubuntuuser/ros2_ws/install/crazyflie_sim/lib/python3.12/site-packages/crazyflie_sim/visualization'...
[1.841s] Listing '/home/ubuntuuser/ros2_ws/install/crazyflie_sim/lib/python3.12/site-packages/crazyflie_sim/visualization/data'...
[1.841s] Listing '/home/ubuntuuser/ros2_ws/install/crazyflie_sim/lib/python3.12/site-packages/crazyflie_sim/visualization/data/env'...
[1.841s] Listing '/home/ubuntuuser/ros2_ws/install/crazyflie_sim/lib/python3.12/site-packages/crazyflie_sim/visualization/data/model'...
[1.861s] Invoked command in '/home/ubuntuuser/ros2_ws/build/crazyflie_sim' returned '0': CMAKE_PREFIX_PATH=/home/ubuntuuser/ros2_ws/install/crazyflie_interfaces:/home/ubuntuuser/ros2_ws/install/turtlebot3_simulations:/home/ubuntuuser/ros2_ws/install/turtlebot3_gazebo:/home/ubuntuuser/ros2_ws/install/turtlebot3_fake_node:/home/ubuntuuser/ros2_ws/install/crazyflie_sim:/home/ubuntuuser/ros2_ws/install/crazyflie_examples:/home/ubuntuuser/ros2_ws/install/crazyflie:/opt/ros/jazzy/opt/gz_sim_vendor:/opt/ros/jazzy/opt/gz_sensors_vendor:/opt/ros/jazzy/opt/gz_physics_vendor:/opt/ros/jazzy/opt/sdformat_vendor:/opt/ros/jazzy/opt/gz_gui_vendor:/opt/ros/jazzy/opt/gz_transport_vendor:/opt/ros/jazzy/opt/gz_rendering_vendor:/opt/ros/jazzy/opt/gz_plugin_vendor:/opt/ros/jazzy/opt/gz_fuel_tools_vendor:/opt/ros/jazzy/opt/gz_msgs_vendor:/opt/ros/jazzy/opt/gz_common_vendor:/opt/ros/jazzy/opt/gz_math_vendor:/opt/ros/jazzy/opt/gz_utils_vendor:/opt/ros/jazzy/opt/gz_tools_vendor:/opt/ros/jazzy/opt/gz_ogre_next_vendor:/opt/ros/jazzy/opt/gz_dartsim_vendor:/opt/ros/jazzy/opt/gz_cmake_vendor:/home/ubuntuuser/ros2_ws/install/turtlebot_controller:/home/ubuntuuser/ros2_ws/install/crazyflie_py:/home/ubuntuuser/ros2_ws/install/crazyflie_controller:/opt/ros/jazzy DEBUGINFOD_URLS=https://debuginfod.ubuntu.com PYTHONPATH=/home/ubuntuuser/ros2_ws/install/crazyflie_interfaces/lib/python3.12/site-packages:/home/ubuntuuser/ros2_ws/install/turtlebot_controller/lib/python3.12/site-packages:/home/ubuntuuser/ros2_ws/install/crazyflie_sim/lib/python3.12/site-packages:/home/ubuntuuser/ros2_ws/install/crazyflie_examples/lib/python3.12/site-packages:/home/ubuntuuser/ros2_ws/install/crazyflie_py/lib/python3.12/site-packages:/home/ubuntuuser/ros2_ws/install/crazyflie_controller/lib/python3.12/site-packages:/opt/ros/jazzy/lib/python3.12/site-packages /usr/bin/cmake --install /home/ubuntuuser/ros2_ws/build/crazyflie_sim
