[0.107s] Invoking command in '/home/ubuntuuser/ros2_ws/build/crazyflie_examples': AMENT_PREFIX_PATH=/home/ubuntuuser/ros2_ws/install/crazyflie_py:/home/ubuntuuser/ros2_ws/install/crazyflie_interfaces:${AMENT_PREFIX_PATH} CMAKE_PREFIX_PATH=/home/ubuntuuser/ros2_ws/install/crazyflie_interfaces:/opt/ros/jazzy/opt/gz_sim_vendor:/opt/ros/jazzy/opt/gz_sensors_vendor:/opt/ros/jazzy/opt/gz_physics_vendor:/opt/ros/jazzy/opt/sdformat_vendor:/opt/ros/jazzy/opt/gz_gui_vendor:/opt/ros/jazzy/opt/gz_transport_vendor:/opt/ros/jazzy/opt/gz_rendering_vendor:/opt/ros/jazzy/opt/gz_plugin_vendor:/opt/ros/jazzy/opt/gz_fuel_tools_vendor:/opt/ros/jazzy/opt/gz_msgs_vendor:/opt/ros/jazzy/opt/gz_common_vendor:/opt/ros/jazzy/opt/gz_math_vendor:/opt/ros/jazzy/opt/gz_utils_vendor:/opt/ros/jazzy/opt/gz_tools_vendor:/opt/ros/jazzy/opt/gz_ogre_next_vendor:/opt/ros/jazzy/opt/gz_dartsim_vendor:/opt/ros/jazzy/opt/gz_cmake_vendor:/opt/ros/jazzy DEBUGINFOD_URLS=https://debuginfod.ubuntu.com LD_LIBRARY_PATH=/home/ubuntuuser/ros2_ws/install/crazyflie_interfaces/lib:${LD_LIBRARY_PATH} PYTHONPATH=/home/ubuntuuser/ros2_ws/install/crazyflie_py/lib/python3.12/site-packages:/home/ubuntuuser/ros2_ws/install/crazyflie_interfaces/lib/python3.12/site-packages:${PYTHONPATH} /usr/bin/cmake --build /home/ubuntuuser/ros2_ws/build/crazyflie_examples -- -j4 -l4
[0.549s] Built target ament_cmake_python_symlink_crazyflie_examples
[0.560s] Built target ament_cmake_python_symlink_crazyflie_examples_setup
[1.305s] running install_scripts
[1.319s] running egg_info
[1.374s] writing crazyflie_examples.egg-info/PKG-INFO
[1.376s] writing dependency_links to crazyflie_examples.egg-info/dependency_links.txt
[1.377s] writing entry points to crazyflie_examples.egg-info/entry_points.txt
[1.379s] writing top-level names to crazyflie_examples.egg-info/top_level.txt
[1.429s] /usr/lib/python3/dist-packages/setuptools/_distutils/cmd.py:66: SetuptoolsDeprecationWarning: setup.py install is deprecated.
[1.430s] !!
[1.430s] 
[1.430s]         ********************************************************************************
[1.430s]         Please avoid running ``setup.py`` directly.
[1.430s]         Instead, use pypa/build, pypa/installer or other
[1.430s]         standards-based tools.
[1.431s] 
[1.431s]         See https://blog.ganssle.io/articles/2021/10/setup-py-deprecated.html for details.
[1.431s]         ********************************************************************************
[1.431s] 
[1.431s] !!
[1.431s]   self.initialize_options()
[1.446s] running egg_info
[1.550s] writing crazyflie_examples.egg-info/PKG-INFO
[1.553s] reading manifest file 'crazyflie_examples.egg-info/SOURCES.txt'
[1.553s] writing dependency_links to crazyflie_examples.egg-info/dependency_links.txt
[1.558s] writing entry points to crazyflie_examples.egg-info/entry_points.txt
[1.559s] writing top-level names to crazyflie_examples.egg-info/top_level.txt
[1.590s] writing manifest file 'crazyflie_examples.egg-info/SOURCES.txt'
[1.681s] reading manifest file 'crazyflie_examples.egg-info/SOURCES.txt'
[1.684s] writing manifest file 'crazyflie_examples.egg-info/SOURCES.txt'
[1.686s] Built target ament_cmake_python_build_crazyflie_examples_egg
[2.003s] Installing arming script to scripts
[2.006s] Installing cmd_full_state script to scripts
[2.009s] Installing figure8 script to scripts
[2.015s] Installing group_mask script to scripts
[2.017s] Installing hello_world script to scripts
[2.017s] Installing infinite_flight script to scripts
[2.020s] Installing multi_trajectory script to scripts
[2.026s] Installing nice_hover script to scripts
[2.026s] Installing set_param script to scripts
[2.026s] Installing swap script to scripts
[2.147s] Built target ament_cmake_python_build_crazyflie_examples_scripts
[2.199s] Invoked command in '/home/ubuntuuser/ros2_ws/build/crazyflie_examples' returned '0': AMENT_PREFIX_PATH=/home/ubuntuuser/ros2_ws/install/crazyflie_py:/home/ubuntuuser/ros2_ws/install/crazyflie_interfaces:${AMENT_PREFIX_PATH} CMAKE_PREFIX_PATH=/home/ubuntuuser/ros2_ws/install/crazyflie_interfaces:/opt/ros/jazzy/opt/gz_sim_vendor:/opt/ros/jazzy/opt/gz_sensors_vendor:/opt/ros/jazzy/opt/gz_physics_vendor:/opt/ros/jazzy/opt/sdformat_vendor:/opt/ros/jazzy/opt/gz_gui_vendor:/opt/ros/jazzy/opt/gz_transport_vendor:/opt/ros/jazzy/opt/gz_rendering_vendor:/opt/ros/jazzy/opt/gz_plugin_vendor:/opt/ros/jazzy/opt/gz_fuel_tools_vendor:/opt/ros/jazzy/opt/gz_msgs_vendor:/opt/ros/jazzy/opt/gz_common_vendor:/opt/ros/jazzy/opt/gz_math_vendor:/opt/ros/jazzy/opt/gz_utils_vendor:/opt/ros/jazzy/opt/gz_tools_vendor:/opt/ros/jazzy/opt/gz_ogre_next_vendor:/opt/ros/jazzy/opt/gz_dartsim_vendor:/opt/ros/jazzy/opt/gz_cmake_vendor:/opt/ros/jazzy DEBUGINFOD_URLS=https://debuginfod.ubuntu.com LD_LIBRARY_PATH=/home/ubuntuuser/ros2_ws/install/crazyflie_interfaces/lib:${LD_LIBRARY_PATH} PYTHONPATH=/home/ubuntuuser/ros2_ws/install/crazyflie_py/lib/python3.12/site-packages:/home/ubuntuuser/ros2_ws/install/crazyflie_interfaces/lib/python3.12/site-packages:${PYTHONPATH} /usr/bin/cmake --build /home/ubuntuuser/ros2_ws/build/crazyflie_examples -- -j4 -l4
[2.254s] Invoking command in '/home/ubuntuuser/ros2_ws/build/crazyflie_examples': AMENT_PREFIX_PATH=/home/ubuntuuser/ros2_ws/install/crazyflie_py:/home/ubuntuuser/ros2_ws/install/crazyflie_interfaces:${AMENT_PREFIX_PATH} CMAKE_PREFIX_PATH=/home/ubuntuuser/ros2_ws/install/crazyflie_interfaces:/opt/ros/jazzy/opt/gz_sim_vendor:/opt/ros/jazzy/opt/gz_sensors_vendor:/opt/ros/jazzy/opt/gz_physics_vendor:/opt/ros/jazzy/opt/sdformat_vendor:/opt/ros/jazzy/opt/gz_gui_vendor:/opt/ros/jazzy/opt/gz_transport_vendor:/opt/ros/jazzy/opt/gz_rendering_vendor:/opt/ros/jazzy/opt/gz_plugin_vendor:/opt/ros/jazzy/opt/gz_fuel_tools_vendor:/opt/ros/jazzy/opt/gz_msgs_vendor:/opt/ros/jazzy/opt/gz_common_vendor:/opt/ros/jazzy/opt/gz_math_vendor:/opt/ros/jazzy/opt/gz_utils_vendor:/opt/ros/jazzy/opt/gz_tools_vendor:/opt/ros/jazzy/opt/gz_ogre_next_vendor:/opt/ros/jazzy/opt/gz_dartsim_vendor:/opt/ros/jazzy/opt/gz_cmake_vendor:/opt/ros/jazzy DEBUGINFOD_URLS=https://debuginfod.ubuntu.com LD_LIBRARY_PATH=/home/ubuntuuser/ros2_ws/install/crazyflie_interfaces/lib:${LD_LIBRARY_PATH} PYTHONPATH=/home/ubuntuuser/ros2_ws/install/crazyflie_py/lib/python3.12/site-packages:/home/ubuntuuser/ros2_ws/install/crazyflie_interfaces/lib/python3.12/site-packages:${PYTHONPATH} /usr/bin/cmake --install /home/ubuntuuser/ros2_ws/build/crazyflie_examples
[2.286s] -- Install configuration: ""
[2.292s] -- Execute custom install script
[2.304s] -- Up-to-date symlink: /home/ubuntuuser/ros2_ws/install/crazyflie_examples/share/crazyflie_examples/environment/pythonpath.sh
[2.306s] -- Up-to-date symlink: /home/ubuntuuser/ros2_ws/install/crazyflie_examples/share/crazyflie_examples/environment/pythonpath.dsv
[2.321s] -- Up-to-date symlink: /home/ubuntuuser/ros2_ws/install/crazyflie_examples/lib/python3.12/site-packages/crazyflie_examples-1.0.3-py3.12.egg-info/PKG-INFO
[2.326s] -- Up-to-date symlink: /home/ubuntuuser/ros2_ws/install/crazyflie_examples/lib/python3.12/site-packages/crazyflie_examples-1.0.3-py3.12.egg-info/SOURCES.txt
[2.332s] -- Up-to-date symlink: /home/ubuntuuser/ros2_ws/install/crazyflie_examples/lib/python3.12/site-packages/crazyflie_examples-1.0.3-py3.12.egg-info/dependency_links.txt
[2.333s] -- Up-to-date symlink: /home/ubuntuuser/ros2_ws/install/crazyflie_examples/lib/python3.12/site-packages/crazyflie_examples-1.0.3-py3.12.egg-info/entry_points.txt
[2.336s] -- Up-to-date symlink: /home/ubuntuuser/ros2_ws/install/crazyflie_examples/lib/python3.12/site-packages/crazyflie_examples-1.0.3-py3.12.egg-info/top_level.txt
[2.345s] -- Up-to-date symlink: /home/ubuntuuser/ros2_ws/install/crazyflie_examples/lib/crazyflie_examples//arming
[2.349s] -- Up-to-date symlink: /home/ubuntuuser/ros2_ws/install/crazyflie_examples/lib/crazyflie_examples//cmd_full_state
[2.352s] -- Up-to-date symlink: /home/ubuntuuser/ros2_ws/install/crazyflie_examples/lib/crazyflie_examples//figure8
[2.355s] -- Up-to-date symlink: /home/ubuntuuser/ros2_ws/install/crazyflie_examples/lib/crazyflie_examples//group_mask
[2.358s] -- Up-to-date symlink: /home/ubuntuuser/ros2_ws/install/crazyflie_examples/lib/crazyflie_examples//hello_world
[2.360s] -- Up-to-date symlink: /home/ubuntuuser/ros2_ws/install/crazyflie_examples/lib/crazyflie_examples//infinite_flight
[2.364s] -- Up-to-date symlink: /home/ubuntuuser/ros2_ws/install/crazyflie_examples/lib/crazyflie_examples//multi_trajectory
[2.366s] -- Up-to-date symlink: /home/ubuntuuser/ros2_ws/install/crazyflie_examples/lib/crazyflie_examples//nice_hover
[2.369s] -- Up-to-date symlink: /home/ubuntuuser/ros2_ws/install/crazyflie_examples/lib/crazyflie_examples//set_param
[2.372s] -- Up-to-date symlink: /home/ubuntuuser/ros2_ws/install/crazyflie_examples/lib/crazyflie_examples//swap
[2.380s] -- Up-to-date symlink: /home/ubuntuuser/ros2_ws/install/crazyflie_examples/lib/python3.12/site-packages/crazyflie_examples/__init__.py
[2.383s] -- Up-to-date symlink: /home/ubuntuuser/ros2_ws/install/crazyflie_examples/lib/python3.12/site-packages/crazyflie_examples/arming.py
[2.387s] -- Up-to-date symlink: /home/ubuntuuser/ros2_ws/install/crazyflie_examples/lib/python3.12/site-packages/crazyflie_examples/cmd_full_state.py
[2.391s] -- Up-to-date symlink: /home/ubuntuuser/ros2_ws/install/crazyflie_examples/lib/python3.12/site-packages/crazyflie_examples/data/figure8.csv
[2.395s] -- Up-to-date symlink: /home/ubuntuuser/ros2_ws/install/crazyflie_examples/lib/python3.12/site-packages/crazyflie_examples/data/multi_trajectory/traj0.csv
[2.398s] -- Up-to-date symlink: /home/ubuntuuser/ros2_ws/install/crazyflie_examples/lib/python3.12/site-packages/crazyflie_examples/data/multi_trajectory/traj1.csv
[2.400s] -- Up-to-date symlink: /home/ubuntuuser/ros2_ws/install/crazyflie_examples/lib/python3.12/site-packages/crazyflie_examples/figure8.py
[2.403s] -- Up-to-date symlink: /home/ubuntuuser/ros2_ws/install/crazyflie_examples/lib/python3.12/site-packages/crazyflie_examples/group_mask.py
[2.408s] -- Up-to-date symlink: /home/ubuntuuser/ros2_ws/install/crazyflie_examples/lib/python3.12/site-packages/crazyflie_examples/hello_world.py
[2.410s] -- Up-to-date symlink: /home/ubuntuuser/ros2_ws/install/crazyflie_examples/lib/python3.12/site-packages/crazyflie_examples/infinite_flight.py
[2.411s] -- Up-to-date symlink: /home/ubuntuuser/ros2_ws/install/crazyflie_examples/lib/python3.12/site-packages/crazyflie_examples/multi_trajectory.py
[2.414s] -- Up-to-date symlink: /home/ubuntuuser/ros2_ws/install/crazyflie_examples/lib/python3.12/site-packages/crazyflie_examples/nice_hover.py
[2.416s] -- Up-to-date symlink: /home/ubuntuuser/ros2_ws/install/crazyflie_examples/lib/python3.12/site-packages/crazyflie_examples/set_param.py
[2.424s] -- Up-to-date symlink: /home/ubuntuuser/ros2_ws/install/crazyflie_examples/lib/python3.12/site-packages/crazyflie_examples/swap.py
[2.431s] -- Up-to-date symlink: /home/ubuntuuser/ros2_ws/install/crazyflie_examples/share/crazyflie_examples//config/nav2_params.yaml
[2.433s] -- Up-to-date symlink: /home/ubuntuuser/ros2_ws/install/crazyflie_examples/share/crazyflie_examples//config/nav2_view.rviz
[2.437s] -- Up-to-date symlink: /home/ubuntuuser/ros2_ws/install/crazyflie_examples/share/crazyflie_examples//config/slam_params.yaml
[2.448s] -- Up-to-date symlink: /home/ubuntuuser/ros2_ws/install/crazyflie_examples/share/crazyflie_examples//data/map.data
[2.450s] -- Up-to-date symlink: /home/ubuntuuser/ros2_ws/install/crazyflie_examples/share/crazyflie_examples//data/map.pgm
[2.454s] -- Up-to-date symlink: /home/ubuntuuser/ros2_ws/install/crazyflie_examples/share/crazyflie_examples//data/map.posegraph
[2.455s] -- Up-to-date symlink: /home/ubuntuuser/ros2_ws/install/crazyflie_examples/share/crazyflie_examples//data/map.yaml
[2.461s] -- Up-to-date symlink: /home/ubuntuuser/ros2_ws/install/crazyflie_examples/share/crazyflie_examples//launch/keyboard_velmux_launch.py
[2.464s] -- Up-to-date symlink: /home/ubuntuuser/ros2_ws/install/crazyflie_examples/share/crazyflie_examples//launch/launch.py
[2.467s] -- Up-to-date symlink: /home/ubuntuuser/ros2_ws/install/crazyflie_examples/share/crazyflie_examples//launch/multiranger_mapping_launch.py
[2.469s] -- Up-to-date symlink: /home/ubuntuuser/ros2_ws/install/crazyflie_examples/share/crazyflie_examples//launch/multiranger_nav2_launch.py
[2.472s] -- Up-to-date symlink: /home/ubuntuuser/ros2_ws/install/crazyflie_examples/share/crazyflie_examples//launch/multiranger_simple_mapper_launch.py
[2.481s] -- Up-to-date symlink: /home/ubuntuuser/ros2_ws/install/crazyflie_examples/share/ament_index/resource_index/package_run_dependencies/crazyflie_examples
[2.486s] -- Up-to-date symlink: /home/ubuntuuser/ros2_ws/install/crazyflie_examples/share/ament_index/resource_index/parent_prefix_path/crazyflie_examples
[2.488s] -- Up-to-date symlink: /home/ubuntuuser/ros2_ws/install/crazyflie_examples/share/crazyflie_examples/environment/ament_prefix_path.sh
[2.491s] -- Up-to-date symlink: /home/ubuntuuser/ros2_ws/install/crazyflie_examples/share/crazyflie_examples/environment/ament_prefix_path.dsv
[2.494s] -- Up-to-date symlink: /home/ubuntuuser/ros2_ws/install/crazyflie_examples/share/crazyflie_examples/environment/path.sh
[2.496s] -- Up-to-date symlink: /home/ubuntuuser/ros2_ws/install/crazyflie_examples/share/crazyflie_examples/environment/path.dsv
[2.499s] -- Up-to-date symlink: /home/ubuntuuser/ros2_ws/install/crazyflie_examples/share/crazyflie_examples/local_setup.bash
[2.502s] -- Up-to-date symlink: /home/ubuntuuser/ros2_ws/install/crazyflie_examples/share/crazyflie_examples/local_setup.sh
[2.506s] -- Up-to-date symlink: /home/ubuntuuser/ros2_ws/install/crazyflie_examples/share/crazyflie_examples/local_setup.zsh
[2.507s] -- Up-to-date symlink: /home/ubuntuuser/ros2_ws/install/crazyflie_examples/share/crazyflie_examples/local_setup.dsv
[2.507s] -- Symlinking: /home/ubuntuuser/ros2_ws/install/crazyflie_examples/share/crazyflie_examples/package.dsv
[2.555s] -- Up-to-date symlink: /home/ubuntuuser/ros2_ws/install/crazyflie_examples/share/ament_index/resource_index/packages/crazyflie_examples
[2.560s] -- Up-to-date symlink: /home/ubuntuuser/ros2_ws/install/crazyflie_examples/share/crazyflie_examples/cmake/crazyflie_examplesConfig.cmake
[2.562s] -- Up-to-date symlink: /home/ubuntuuser/ros2_ws/install/crazyflie_examples/share/crazyflie_examples/cmake/crazyflie_examplesConfig-version.cmake
[2.565s] -- Up-to-date symlink: /home/ubuntuuser/ros2_ws/install/crazyflie_examples/share/crazyflie_examples/package.xml
[2.734s] Listing '/home/ubuntuuser/ros2_ws/install/crazyflie_examples/lib/python3.12/site-packages/crazyflie_examples'...
[2.736s] Listing '/home/ubuntuuser/ros2_ws/install/crazyflie_examples/lib/python3.12/site-packages/crazyflie_examples/data'...
[2.736s] Listing '/home/ubuntuuser/ros2_ws/install/crazyflie_examples/lib/python3.12/site-packages/crazyflie_examples/data/multi_trajectory'...
[2.781s] Invoked command in '/home/ubuntuuser/ros2_ws/build/crazyflie_examples' returned '0': AMENT_PREFIX_PATH=/home/ubuntuuser/ros2_ws/install/crazyflie_py:/home/ubuntuuser/ros2_ws/install/crazyflie_interfaces:${AMENT_PREFIX_PATH} CMAKE_PREFIX_PATH=/home/ubuntuuser/ros2_ws/install/crazyflie_interfaces:/opt/ros/jazzy/opt/gz_sim_vendor:/opt/ros/jazzy/opt/gz_sensors_vendor:/opt/ros/jazzy/opt/gz_physics_vendor:/opt/ros/jazzy/opt/sdformat_vendor:/opt/ros/jazzy/opt/gz_gui_vendor:/opt/ros/jazzy/opt/gz_transport_vendor:/opt/ros/jazzy/opt/gz_rendering_vendor:/opt/ros/jazzy/opt/gz_plugin_vendor:/opt/ros/jazzy/opt/gz_fuel_tools_vendor:/opt/ros/jazzy/opt/gz_msgs_vendor:/opt/ros/jazzy/opt/gz_common_vendor:/opt/ros/jazzy/opt/gz_math_vendor:/opt/ros/jazzy/opt/gz_utils_vendor:/opt/ros/jazzy/opt/gz_tools_vendor:/opt/ros/jazzy/opt/gz_ogre_next_vendor:/opt/ros/jazzy/opt/gz_dartsim_vendor:/opt/ros/jazzy/opt/gz_cmake_vendor:/opt/ros/jazzy DEBUGINFOD_URLS=https://debuginfod.ubuntu.com LD_LIBRARY_PATH=/home/ubuntuuser/ros2_ws/install/crazyflie_interfaces/lib:${LD_LIBRARY_PATH} PYTHONPATH=/home/ubuntuuser/ros2_ws/install/crazyflie_py/lib/python3.12/site-packages:/home/ubuntuuser/ros2_ws/install/crazyflie_interfaces/lib/python3.12/site-packages:${PYTHONPATH} /usr/bin/cmake --install /home/ubuntuuser/ros2_ws/build/crazyflie_examples
