[0.617s] Invoking command in '/home/ubuntuuser/ros2_ws/build/crazyflie_sim': CMAKE_PREFIX_PATH=/home/ubuntuuser/ros2_ws/install/crazyflie_interfaces:/home/ubuntuuser/ros2_ws/install/turtlebot3_simulations:/home/ubuntuuser/ros2_ws/install/turtlebot3_gazebo:/home/ubuntuuser/ros2_ws/install/turtlebot3_fake_node:/home/ubuntuuser/ros2_ws/install/crazyflie_sim:/home/ubuntuuser/ros2_ws/install/crazyflie_examples:/home/ubuntuuser/ros2_ws/install/crazyflie:/opt/ros/jazzy/opt/gz_sim_vendor:/opt/ros/jazzy/opt/gz_sensors_vendor:/opt/ros/jazzy/opt/gz_physics_vendor:/opt/ros/jazzy/opt/sdformat_vendor:/opt/ros/jazzy/opt/gz_gui_vendor:/opt/ros/jazzy/opt/gz_transport_vendor:/opt/ros/jazzy/opt/gz_rendering_vendor:/opt/ros/jazzy/opt/gz_plugin_vendor:/opt/ros/jazzy/opt/gz_fuel_tools_vendor:/opt/ros/jazzy/opt/gz_msgs_vendor:/opt/ros/jazzy/opt/gz_common_vendor:/opt/ros/jazzy/opt/gz_math_vendor:/opt/ros/jazzy/opt/gz_utils_vendor:/opt/ros/jazzy/opt/gz_tools_vendor:/opt/ros/jazzy/opt/gz_ogre_next_vendor:/opt/ros/jazzy/opt/gz_dartsim_vendor:/opt/ros/jazzy/opt/gz_cmake_vendor:/home/ubuntuuser/ros2_ws/install/turtlebot_controller:/home/ubuntuuser/ros2_ws/install/crazyflie_py:/home/ubuntuuser/ros2_ws/install/crazyflie_controller:/opt/ros/jazzy DEBUGINFOD_URLS=https://debuginfod.ubuntu.com PYTHONPATH=/home/ubuntuuser/ros2_ws/install/crazyflie_interfaces/lib/python3.12/site-packages:/home/ubuntuuser/ros2_ws/install/turtlebot_controller/lib/python3.12/site-packages:/home/ubuntuuser/ros2_ws/install/crazyflie_sim/lib/python3.12/site-packages:/home/ubuntuuser/ros2_ws/install/crazyflie_examples/lib/python3.12/site-packages:/home/ubuntuuser/ros2_ws/install/crazyflie_py/lib/python3.12/site-packages:/home/ubuntuuser/ros2_ws/install/crazyflie_controller/lib/python3.12/site-packages:/opt/ros/jazzy/lib/python3.12/site-packages /usr/bin/cmake --build /home/ubuntuuser/ros2_ws/build/crazyflie_sim -- -j4 -l4
[0.965s] Built target ament_cmake_python_symlink_crazyflie_sim_setup
[1.094s] Built target ament_cmake_python_symlink_crazyflie_sim
[1.676s] running egg_info
[1.739s] writing crazyflie_sim.egg-info/PKG-INFO
[1.741s] writing dependency_links to crazyflie_sim.egg-info/dependency_links.txt
[1.743s] writing entry points to crazyflie_sim.egg-info/entry_points.txt
[1.745s] writing top-level names to crazyflie_sim.egg-info/top_level.txt
[1.897s] reading manifest file 'crazyflie_sim.egg-info/SOURCES.txt'
[1.901s] writing manifest file 'crazyflie_sim.egg-info/SOURCES.txt'
[2.111s] Built target ament_cmake_python_build_crazyflie_sim_egg
[2.758s] running install_scripts
[2.829s] /usr/lib/python3/dist-packages/setuptools/_distutils/cmd.py:66: SetuptoolsDeprecationWarning: setup.py install is deprecated.
[2.829s] !!
[2.829s] 
[2.830s]         ********************************************************************************
[2.830s]         Please avoid running ``setup.py`` directly.
[2.830s]         Instead, use pypa/build, pypa/installer or other
[2.830s]         standards-based tools.
[2.830s] 
[2.830s]         See https://blog.ganssle.io/articles/2021/10/setup-py-deprecated.html for details.
[2.830s]         ********************************************************************************
[2.830s] 
[2.830s] !!
[2.830s]   self.initialize_options()
[2.839s] running egg_info
[2.920s] writing crazyflie_sim.egg-info/PKG-INFO
[2.921s] writing dependency_links to crazyflie_sim.egg-info/dependency_links.txt
[2.921s] writing entry points to crazyflie_sim.egg-info/entry_points.txt
[2.926s] writing top-level names to crazyflie_sim.egg-info/top_level.txt
[3.011s] reading manifest file 'crazyflie_sim.egg-info/SOURCES.txt'
[3.013s] writing manifest file 'crazyflie_sim.egg-info/SOURCES.txt'
[3.260s] Installing crazyflie_server script to scripts
[3.369s] Built target ament_cmake_python_build_crazyflie_sim_scripts
[3.426s] Invoked command in '/home/ubuntuuser/ros2_ws/build/crazyflie_sim' returned '0': CMAKE_PREFIX_PATH=/home/ubuntuuser/ros2_ws/install/crazyflie_interfaces:/home/ubuntuuser/ros2_ws/install/turtlebot3_simulations:/home/ubuntuuser/ros2_ws/install/turtlebot3_gazebo:/home/ubuntuuser/ros2_ws/install/turtlebot3_fake_node:/home/ubuntuuser/ros2_ws/install/crazyflie_sim:/home/ubuntuuser/ros2_ws/install/crazyflie_examples:/home/ubuntuuser/ros2_ws/install/crazyflie:/opt/ros/jazzy/opt/gz_sim_vendor:/opt/ros/jazzy/opt/gz_sensors_vendor:/opt/ros/jazzy/opt/gz_physics_vendor:/opt/ros/jazzy/opt/sdformat_vendor:/opt/ros/jazzy/opt/gz_gui_vendor:/opt/ros/jazzy/opt/gz_transport_vendor:/opt/ros/jazzy/opt/gz_rendering_vendor:/opt/ros/jazzy/opt/gz_plugin_vendor:/opt/ros/jazzy/opt/gz_fuel_tools_vendor:/opt/ros/jazzy/opt/gz_msgs_vendor:/opt/ros/jazzy/opt/gz_common_vendor:/opt/ros/jazzy/opt/gz_math_vendor:/opt/ros/jazzy/opt/gz_utils_vendor:/opt/ros/jazzy/opt/gz_tools_vendor:/opt/ros/jazzy/opt/gz_ogre_next_vendor:/opt/ros/jazzy/opt/gz_dartsim_vendor:/opt/ros/jazzy/opt/gz_cmake_vendor:/home/ubuntuuser/ros2_ws/install/turtlebot_controller:/home/ubuntuuser/ros2_ws/install/crazyflie_py:/home/ubuntuuser/ros2_ws/install/crazyflie_controller:/opt/ros/jazzy DEBUGINFOD_URLS=https://debuginfod.ubuntu.com PYTHONPATH=/home/ubuntuuser/ros2_ws/install/crazyflie_interfaces/lib/python3.12/site-packages:/home/ubuntuuser/ros2_ws/install/turtlebot_controller/lib/python3.12/site-packages:/home/ubuntuuser/ros2_ws/install/crazyflie_sim/lib/python3.12/site-packages:/home/ubuntuuser/ros2_ws/install/crazyflie_examples/lib/python3.12/site-packages:/home/ubuntuuser/ros2_ws/install/crazyflie_py/lib/python3.12/site-packages:/home/ubuntuuser/ros2_ws/install/crazyflie_controller/lib/python3.12/site-packages:/opt/ros/jazzy/lib/python3.12/site-packages /usr/bin/cmake --build /home/ubuntuuser/ros2_ws/build/crazyflie_sim -- -j4 -l4
[3.427s] Invoking command in '/home/ubuntuuser/ros2_ws/build/crazyflie_sim': CMAKE_PREFIX_PATH=/home/ubuntuuser/ros2_ws/install/crazyflie_interfaces:/home/ubuntuuser/ros2_ws/install/turtlebot3_simulations:/home/ubuntuuser/ros2_ws/install/turtlebot3_gazebo:/home/ubuntuuser/ros2_ws/install/turtlebot3_fake_node:/home/ubuntuuser/ros2_ws/install/crazyflie_sim:/home/ubuntuuser/ros2_ws/install/crazyflie_examples:/home/ubuntuuser/ros2_ws/install/crazyflie:/opt/ros/jazzy/opt/gz_sim_vendor:/opt/ros/jazzy/opt/gz_sensors_vendor:/opt/ros/jazzy/opt/gz_physics_vendor:/opt/ros/jazzy/opt/sdformat_vendor:/opt/ros/jazzy/opt/gz_gui_vendor:/opt/ros/jazzy/opt/gz_transport_vendor:/opt/ros/jazzy/opt/gz_rendering_vendor:/opt/ros/jazzy/opt/gz_plugin_vendor:/opt/ros/jazzy/opt/gz_fuel_tools_vendor:/opt/ros/jazzy/opt/gz_msgs_vendor:/opt/ros/jazzy/opt/gz_common_vendor:/opt/ros/jazzy/opt/gz_math_vendor:/opt/ros/jazzy/opt/gz_utils_vendor:/opt/ros/jazzy/opt/gz_tools_vendor:/opt/ros/jazzy/opt/gz_ogre_next_vendor:/opt/ros/jazzy/opt/gz_dartsim_vendor:/opt/ros/jazzy/opt/gz_cmake_vendor:/home/ubuntuuser/ros2_ws/install/turtlebot_controller:/home/ubuntuuser/ros2_ws/install/crazyflie_py:/home/ubuntuuser/ros2_ws/install/crazyflie_controller:/opt/ros/jazzy DEBUGINFOD_URLS=https://debuginfod.ubuntu.com PYTHONPATH=/home/ubuntuuser/ros2_ws/install/crazyflie_interfaces/lib/python3.12/site-packages:/home/ubuntuuser/ros2_ws/install/turtlebot_controller/lib/python3.12/site-packages:/home/ubuntuuser/ros2_ws/install/crazyflie_sim/lib/python3.12/site-packages:/home/ubuntuuser/ros2_ws/install/crazyflie_examples/lib/python3.12/site-packages:/home/ubuntuuser/ros2_ws/install/crazyflie_py/lib/python3.12/site-packages:/home/ubuntuuser/ros2_ws/install/crazyflie_controller/lib/python3.12/site-packages:/opt/ros/jazzy/lib/python3.12/site-packages /usr/bin/cmake --install /home/ubuntuuser/ros2_ws/build/crazyflie_sim
[3.458s] -- Install configuration: ""
[3.459s] -- Execute custom install script
[3.460s] -- Up-to-date symlink: /home/ubuntuuser/ros2_ws/install/crazyflie_sim/share/crazyflie_sim/environment/pythonpath.sh
[3.460s] -- Up-to-date symlink: /home/ubuntuuser/ros2_ws/install/crazyflie_sim/share/crazyflie_sim/environment/pythonpath.dsv
[3.461s] -- Up-to-date symlink: /home/ubuntuuser/ros2_ws/install/crazyflie_sim/lib/python3.12/site-packages/crazyflie_sim-1.0.3-py3.12.egg-info/PKG-INFO
[3.461s] -- Up-to-date symlink: /home/ubuntuuser/ros2_ws/install/crazyflie_sim/lib/python3.12/site-packages/crazyflie_sim-1.0.3-py3.12.egg-info/SOURCES.txt
[3.462s] -- Up-to-date symlink: /home/ubuntuuser/ros2_ws/install/crazyflie_sim/lib/python3.12/site-packages/crazyflie_sim-1.0.3-py3.12.egg-info/dependency_links.txt
[3.463s] -- Up-to-date symlink: /home/ubuntuuser/ros2_ws/install/crazyflie_sim/lib/python3.12/site-packages/crazyflie_sim-1.0.3-py3.12.egg-info/entry_points.txt
[3.463s] -- Up-to-date symlink: /home/ubuntuuser/ros2_ws/install/crazyflie_sim/lib/python3.12/site-packages/crazyflie_sim-1.0.3-py3.12.egg-info/top_level.txt
[3.463s] -- Up-to-date symlink: /home/ubuntuuser/ros2_ws/install/crazyflie_sim/lib/crazyflie_sim//crazyflie_server
[3.469s] -- Up-to-date symlink: /home/ubuntuuser/ros2_ws/install/crazyflie_sim/lib/python3.12/site-packages/crazyflie_sim/__init__.py
[3.470s] -- Up-to-date symlink: /home/ubuntuuser/ros2_ws/install/crazyflie_sim/lib/python3.12/site-packages/crazyflie_sim/backend/data/dynobench/crazyflie2.yaml
[3.471s] -- Up-to-date symlink: /home/ubuntuuser/ros2_ws/install/crazyflie_sim/lib/python3.12/site-packages/crazyflie_sim/backend/data/neuralswarm2/phi_G.pth
[3.471s] -- Up-to-date symlink: /home/ubuntuuser/ros2_ws/install/crazyflie_sim/lib/python3.12/site-packages/crazyflie_sim/backend/data/neuralswarm2/phi_L.pth
[3.471s] -- Up-to-date symlink: /home/ubuntuuser/ros2_ws/install/crazyflie_sim/lib/python3.12/site-packages/crazyflie_sim/backend/data/neuralswarm2/phi_S.pth
[3.472s] -- Up-to-date symlink: /home/ubuntuuser/ros2_ws/install/crazyflie_sim/lib/python3.12/site-packages/crazyflie_sim/backend/data/neuralswarm2/rho_L.pth
[3.472s] -- Up-to-date symlink: /home/ubuntuuser/ros2_ws/install/crazyflie_sim/lib/python3.12/site-packages/crazyflie_sim/backend/data/neuralswarm2/rho_S.pth
[3.472s] -- Up-to-date symlink: /home/ubuntuuser/ros2_ws/install/crazyflie_sim/lib/python3.12/site-packages/crazyflie_sim/backend/data/pinocchio/crazyflie2.urdf
[3.474s] -- Up-to-date symlink: /home/ubuntuuser/ros2_ws/install/crazyflie_sim/lib/python3.12/site-packages/crazyflie_sim/backend/dynobench.py
[3.474s] -- Up-to-date symlink: /home/ubuntuuser/ros2_ws/install/crazyflie_sim/lib/python3.12/site-packages/crazyflie_sim/backend/neuralswarm.py
[3.475s] -- Up-to-date symlink: /home/ubuntuuser/ros2_ws/install/crazyflie_sim/lib/python3.12/site-packages/crazyflie_sim/backend/none.py
[3.477s] -- Up-to-date symlink: /home/ubuntuuser/ros2_ws/install/crazyflie_sim/lib/python3.12/site-packages/crazyflie_sim/backend/np.py
[3.479s] -- Up-to-date symlink: /home/ubuntuuser/ros2_ws/install/crazyflie_sim/lib/python3.12/site-packages/crazyflie_sim/backend/pinocchio.py
[3.480s] -- Up-to-date symlink: /home/ubuntuuser/ros2_ws/install/crazyflie_sim/lib/python3.12/site-packages/crazyflie_sim/crazyflie_server.py
[3.481s] -- Up-to-date symlink: /home/ubuntuuser/ros2_ws/install/crazyflie_sim/lib/python3.12/site-packages/crazyflie_sim/crazyflie_sil.py
[3.482s] -- Up-to-date symlink: /home/ubuntuuser/ros2_ws/install/crazyflie_sim/lib/python3.12/site-packages/crazyflie_sim/sim_data_types.py
[3.486s] -- Up-to-date symlink: /home/ubuntuuser/ros2_ws/install/crazyflie_sim/lib/python3.12/site-packages/crazyflie_sim/visualization/README.md
[3.487s] -- Up-to-date symlink: /home/ubuntuuser/ros2_ws/install/crazyflie_sim/lib/python3.12/site-packages/crazyflie_sim/visualization/blender.py
[3.488s] -- Up-to-date symlink: /home/ubuntuuser/ros2_ws/install/crazyflie_sim/lib/python3.12/site-packages/crazyflie_sim/visualization/data/README.md
[3.488s] -- Up-to-date symlink: /home/ubuntuuser/ros2_ws/install/crazyflie_sim/lib/python3.12/site-packages/crazyflie_sim/visualization/data/env/abandoned_greenhouse.jpg
[3.488s] -- Up-to-date symlink: /home/ubuntuuser/ros2_ws/install/crazyflie_sim/lib/python3.12/site-packages/crazyflie_sim/visualization/data/env/aerodynamics_workshop.jpg
[3.488s] -- Up-to-date symlink: /home/ubuntuuser/ros2_ws/install/crazyflie_sim/lib/python3.12/site-packages/crazyflie_sim/visualization/data/env/aviation_museum.jpg
[3.488s] -- Up-to-date symlink: /home/ubuntuuser/ros2_ws/install/crazyflie_sim/lib/python3.12/site-packages/crazyflie_sim/visualization/data/env/crosswalk.jpg
[3.490s] -- Up-to-date symlink: /home/ubuntuuser/ros2_ws/install/crazyflie_sim/lib/python3.12/site-packages/crazyflie_sim/visualization/data/env/derelict_overpass.jpg
[3.490s] -- Up-to-date symlink: /home/ubuntuuser/ros2_ws/install/crazyflie_sim/lib/python3.12/site-packages/crazyflie_sim/visualization/data/env/env.jpg
[3.490s] -- Up-to-date symlink: /home/ubuntuuser/ros2_ws/install/crazyflie_sim/lib/python3.12/site-packages/crazyflie_sim/visualization/data/env/lago_disola.jpg
[3.490s] -- Up-to-date symlink: /home/ubuntuuser/ros2_ws/install/crazyflie_sim/lib/python3.12/site-packages/crazyflie_sim/visualization/data/env/lake_pier.jpg
[3.490s] -- Up-to-date symlink: /home/ubuntuuser/ros2_ws/install/crazyflie_sim/lib/python3.12/site-packages/crazyflie_sim/visualization/data/env/machine_shop.jpg
[3.490s] -- Up-to-date symlink: /home/ubuntuuser/ros2_ws/install/crazyflie_sim/lib/python3.12/site-packages/crazyflie_sim/visualization/data/env/museumplein.jpg
[3.490s] -- Up-to-date symlink: /home/ubuntuuser/ros2_ws/install/crazyflie_sim/lib/python3.12/site-packages/crazyflie_sim/visualization/data/env/peppermint_powerplant.jpg
[3.490s] -- Up-to-date symlink: /home/ubuntuuser/ros2_ws/install/crazyflie_sim/lib/python3.12/site-packages/crazyflie_sim/visualization/data/env/studio_garden.jpg
[3.491s] -- Up-to-date symlink: /home/ubuntuuser/ros2_ws/install/crazyflie_sim/lib/python3.12/site-packages/crazyflie_sim/visualization/data/model/cf.mtl
[3.491s] -- Up-to-date symlink: /home/ubuntuuser/ros2_ws/install/crazyflie_sim/lib/python3.12/site-packages/crazyflie_sim/visualization/data/model/cf.obj
[3.491s] -- Up-to-date symlink: /home/ubuntuuser/ros2_ws/install/crazyflie_sim/lib/python3.12/site-packages/crazyflie_sim/visualization/pdf.py
[3.491s] -- Up-to-date symlink: /home/ubuntuuser/ros2_ws/install/crazyflie_sim/lib/python3.12/site-packages/crazyflie_sim/visualization/record_states.py
[3.491s] -- Up-to-date symlink: /home/ubuntuuser/ros2_ws/install/crazyflie_sim/lib/python3.12/site-packages/crazyflie_sim/visualization/rviz.py
[3.491s] -- Up-to-date symlink: /home/ubuntuuser/ros2_ws/install/crazyflie_sim/share/ament_index/resource_index/package_run_dependencies/crazyflie_sim
[3.491s] -- Up-to-date symlink: /home/ubuntuuser/ros2_ws/install/crazyflie_sim/share/ament_index/resource_index/parent_prefix_path/crazyflie_sim
[3.491s] -- Up-to-date symlink: /home/ubuntuuser/ros2_ws/install/crazyflie_sim/share/crazyflie_sim/environment/ament_prefix_path.sh
[3.491s] -- Up-to-date symlink: /home/ubuntuuser/ros2_ws/install/crazyflie_sim/share/crazyflie_sim/environment/ament_prefix_path.dsv
[3.491s] -- Up-to-date symlink: /home/ubuntuuser/ros2_ws/install/crazyflie_sim/share/crazyflie_sim/environment/path.sh
[3.491s] -- Up-to-date symlink: /home/ubuntuuser/ros2_ws/install/crazyflie_sim/share/crazyflie_sim/environment/path.dsv
[3.491s] -- Up-to-date symlink: /home/ubuntuuser/ros2_ws/install/crazyflie_sim/share/crazyflie_sim/local_setup.bash
[3.491s] -- Up-to-date symlink: /home/ubuntuuser/ros2_ws/install/crazyflie_sim/share/crazyflie_sim/local_setup.sh
[3.491s] -- Up-to-date symlink: /home/ubuntuuser/ros2_ws/install/crazyflie_sim/share/crazyflie_sim/local_setup.zsh
[3.492s] -- Up-to-date symlink: /home/ubuntuuser/ros2_ws/install/crazyflie_sim/share/crazyflie_sim/local_setup.dsv
[3.492s] -- Symlinking: /home/ubuntuuser/ros2_ws/install/crazyflie_sim/share/crazyflie_sim/package.dsv
[3.513s] -- Up-to-date symlink: /home/ubuntuuser/ros2_ws/install/crazyflie_sim/share/ament_index/resource_index/packages/crazyflie_sim
[3.513s] -- Up-to-date symlink: /home/ubuntuuser/ros2_ws/install/crazyflie_sim/share/crazyflie_sim/cmake/crazyflie_simConfig.cmake
[3.513s] -- Up-to-date symlink: /home/ubuntuuser/ros2_ws/install/crazyflie_sim/share/crazyflie_sim/cmake/crazyflie_simConfig-version.cmake
[3.513s] -- Up-to-date symlink: /home/ubuntuuser/ros2_ws/install/crazyflie_sim/share/crazyflie_sim/package.xml
[3.606s] Listing '/home/ubuntuuser/ros2_ws/install/crazyflie_sim/lib/python3.12/site-packages/crazyflie_sim'...
[3.606s] Listing '/home/ubuntuuser/ros2_ws/install/crazyflie_sim/lib/python3.12/site-packages/crazyflie_sim/backend'...
[3.607s] Listing '/home/ubuntuuser/ros2_ws/install/crazyflie_sim/lib/python3.12/site-packages/crazyflie_sim/backend/data'...
[3.607s] Listing '/home/ubuntuuser/ros2_ws/install/crazyflie_sim/lib/python3.12/site-packages/crazyflie_sim/backend/data/dynobench'...
[3.607s] Listing '/home/ubuntuuser/ros2_ws/install/crazyflie_sim/lib/python3.12/site-packages/crazyflie_sim/backend/data/neuralswarm2'...
[3.607s] Listing '/home/ubuntuuser/ros2_ws/install/crazyflie_sim/lib/python3.12/site-packages/crazyflie_sim/backend/data/pinocchio'...
[3.607s] Listing '/home/ubuntuuser/ros2_ws/install/crazyflie_sim/lib/python3.12/site-packages/crazyflie_sim/visualization'...
[3.607s] Listing '/home/ubuntuuser/ros2_ws/install/crazyflie_sim/lib/python3.12/site-packages/crazyflie_sim/visualization/data'...
[3.608s] Listing '/home/ubuntuuser/ros2_ws/install/crazyflie_sim/lib/python3.12/site-packages/crazyflie_sim/visualization/data/env'...
[3.608s] Listing '/home/ubuntuuser/ros2_ws/install/crazyflie_sim/lib/python3.12/site-packages/crazyflie_sim/visualization/data/model'...
[3.624s] Invoked command in '/home/ubuntuuser/ros2_ws/build/crazyflie_sim' returned '0': CMAKE_PREFIX_PATH=/home/ubuntuuser/ros2_ws/install/crazyflie_interfaces:/home/ubuntuuser/ros2_ws/install/turtlebot3_simulations:/home/ubuntuuser/ros2_ws/install/turtlebot3_gazebo:/home/ubuntuuser/ros2_ws/install/turtlebot3_fake_node:/home/ubuntuuser/ros2_ws/install/crazyflie_sim:/home/ubuntuuser/ros2_ws/install/crazyflie_examples:/home/ubuntuuser/ros2_ws/install/crazyflie:/opt/ros/jazzy/opt/gz_sim_vendor:/opt/ros/jazzy/opt/gz_sensors_vendor:/opt/ros/jazzy/opt/gz_physics_vendor:/opt/ros/jazzy/opt/sdformat_vendor:/opt/ros/jazzy/opt/gz_gui_vendor:/opt/ros/jazzy/opt/gz_transport_vendor:/opt/ros/jazzy/opt/gz_rendering_vendor:/opt/ros/jazzy/opt/gz_plugin_vendor:/opt/ros/jazzy/opt/gz_fuel_tools_vendor:/opt/ros/jazzy/opt/gz_msgs_vendor:/opt/ros/jazzy/opt/gz_common_vendor:/opt/ros/jazzy/opt/gz_math_vendor:/opt/ros/jazzy/opt/gz_utils_vendor:/opt/ros/jazzy/opt/gz_tools_vendor:/opt/ros/jazzy/opt/gz_ogre_next_vendor:/opt/ros/jazzy/opt/gz_dartsim_vendor:/opt/ros/jazzy/opt/gz_cmake_vendor:/home/ubuntuuser/ros2_ws/install/turtlebot_controller:/home/ubuntuuser/ros2_ws/install/crazyflie_py:/home/ubuntuuser/ros2_ws/install/crazyflie_controller:/opt/ros/jazzy DEBUGINFOD_URLS=https://debuginfod.ubuntu.com PYTHONPATH=/home/ubuntuuser/ros2_ws/install/crazyflie_interfaces/lib/python3.12/site-packages:/home/ubuntuuser/ros2_ws/install/turtlebot_controller/lib/python3.12/site-packages:/home/ubuntuuser/ros2_ws/install/crazyflie_sim/lib/python3.12/site-packages:/home/ubuntuuser/ros2_ws/install/crazyflie_examples/lib/python3.12/site-packages:/home/ubuntuuser/ros2_ws/install/crazyflie_py/lib/python3.12/site-packages:/home/ubuntuuser/ros2_ws/install/crazyflie_controller/lib/python3.12/site-packages:/opt/ros/jazzy/lib/python3.12/site-packages /usr/bin/cmake --install /home/ubuntuuser/ros2_ws/build/crazyflie_sim
