[3.808s] Invoking command in '/home/ubuntuuser/ros2_ws/src/turtlebot_controller': DEBUGINFOD_URLS=https://debuginfod.ubuntu.com PYTHONPATH=/home/ubuntuuser/ros2_ws/build/turtlebot_controller/prefix_override:/usr/lib/python3/dist-packages/colcon_core/task/python/colcon_distutils_commands:/home/ubuntuuser/ros2_ws/install/turtlebot_controller/lib/python3.12/site-packages:${PYTHONPATH} /usr/bin/python3 -W ignore:setup.py install is deprecated -W ignore:easy_install command is deprecated setup.py egg_info --egg-base ../../build/turtlebot_controller build --build-base /home/ubuntuuser/ros2_ws/build/turtlebot_controller/build install --record /home/ubuntuuser/ros2_ws/build/turtlebot_controller/install.log --single-version-externally-managed install_data
[4.936s] running egg_info
[4.991s] writing ../../build/turtlebot_controller/turtlebot_controller.egg-info/PKG-INFO
[4.991s] writing dependency_links to ../../build/turtlebot_controller/turtlebot_controller.egg-info/dependency_links.txt
[4.995s] writing entry points to ../../build/turtlebot_controller/turtlebot_controller.egg-info/entry_points.txt
[4.995s] writing requirements to ../../build/turtlebot_controller/turtlebot_controller.egg-info/requires.txt
[4.996s] writing top-level names to ../../build/turtlebot_controller/turtlebot_controller.egg-info/top_level.txt
[5.113s] reading manifest file '../../build/turtlebot_controller/turtlebot_controller.egg-info/SOURCES.txt'
[5.115s] writing manifest file '../../build/turtlebot_controller/turtlebot_controller.egg-info/SOURCES.txt'
[5.117s] running build
[5.118s] running build_py
[5.121s] running install
[5.138s] running install_lib
[5.221s] running install_data
[5.222s] running install_egg_info
[5.296s] removing '/home/ubuntuuser/ros2_ws/install/turtlebot_controller/lib/python3.12/site-packages/turtlebot_controller-0.0.0-py3.12.egg-info' (and everything under it)
[5.297s] Copying ../../build/turtlebot_controller/turtlebot_controller.egg-info to /home/ubuntuuser/ros2_ws/install/turtlebot_controller/lib/python3.12/site-packages/turtlebot_controller-0.0.0-py3.12.egg-info
[5.300s] running install_scripts
[6.003s] Installing controller script to /home/ubuntuuser/ros2_ws/install/turtlebot_controller/lib/turtlebot_controller
[6.004s] writing list of installed files to '/home/ubuntuuser/ros2_ws/build/turtlebot_controller/install.log'
[6.135s] Invoked command in '/home/ubuntuuser/ros2_ws/src/turtlebot_controller' returned '0': DEBUGINFOD_URLS=https://debuginfod.ubuntu.com PYTHONPATH=/home/ubuntuuser/ros2_ws/build/turtlebot_controller/prefix_override:/usr/lib/python3/dist-packages/colcon_core/task/python/colcon_distutils_commands:/home/ubuntuuser/ros2_ws/install/turtlebot_controller/lib/python3.12/site-packages:${PYTHONPATH} /usr/bin/python3 -W ignore:setup.py install is deprecated -W ignore:easy_install command is deprecated setup.py egg_info --egg-base ../../build/turtlebot_controller build --build-base /home/ubuntuuser/ros2_ws/build/turtlebot_controller/build install --record /home/ubuntuuser/ros2_ws/build/turtlebot_controller/install.log --single-version-externally-managed install_data
