running egg_info
creating ../../build/crazyflie_controller/crazyflie_controller.egg-info
writing ../../build/crazyflie_controller/crazyflie_controller.egg-info/PKG-INFO
writing dependency_links to ../../build/crazyflie_controller/crazyflie_controller.egg-info/dependency_links.txt
writing requirements to ../../build/crazyflie_controller/crazyflie_controller.egg-info/requires.txt
writing top-level names to ../../build/crazyflie_controller/crazyflie_controller.egg-info/top_level.txt
writing manifest file '../../build/crazyflie_controller/crazyflie_controller.egg-info/SOURCES.txt'
reading manifest file '../../build/crazyflie_controller/crazyflie_controller.egg-info/SOURCES.txt'
writing manifest file '../../build/crazyflie_controller/crazyflie_controller.egg-info/SOURCES.txt'
running build
running build_py
creating /home/ubuntuuser/ros2_ws/build/crazyflie_controller/build
creating /home/ubuntuuser/ros2_ws/build/crazyflie_controller/build/lib
creating /home/ubuntuuser/ros2_ws/build/crazyflie_controller/build/lib/crazyflie_controller
copying crazyflie_controller/__init__.py -> /home/ubuntuuser/ros2_ws/build/crazyflie_controller/build/lib/crazyflie_controller
running install
running install_lib
creating /home/ubuntuuser/ros2_ws/install/crazyflie_controller/lib/python3.12/site-packages/crazyflie_controller
copying /home/ubuntuuser/ros2_ws/build/crazyflie_controller/build/lib/crazyflie_controller/__init__.py -> /home/ubuntuuser/ros2_ws/install/crazyflie_controller/lib/python3.12/site-packages/crazyflie_controller
byte-compiling /home/ubuntuuser/ros2_ws/install/crazyflie_controller/lib/python3.12/site-packages/crazyflie_controller/__init__.py to __init__.cpython-312.pyc
running install_data
creating /home/ubuntuuser/ros2_ws/install/crazyflie_controller/share/ament_index
creating /home/ubuntuuser/ros2_ws/install/crazyflie_controller/share/ament_index/resource_index
creating /home/ubuntuuser/ros2_ws/install/crazyflie_controller/share/ament_index/resource_index/packages
copying resource/crazyflie_controller -> /home/ubuntuuser/ros2_ws/install/crazyflie_controller/share/ament_index/resource_index/packages
copying package.xml -> /home/ubuntuuser/ros2_ws/install/crazyflie_controller/share/crazyflie_controller
running install_egg_info
Copying ../../build/crazyflie_controller/crazyflie_controller.egg-info to /home/ubuntuuser/ros2_ws/install/crazyflie_controller/lib/python3.12/site-packages/crazyflie_controller-0.0.0-py3.12.egg-info
running install_scripts
writing list of installed files to '/home/ubuntuuser/ros2_ws/build/crazyflie_controller/install.log'
