[7.617s] Invoking command in '/home/ubuntuuser/ros2_ws/src/crazyflie_controller': DEBUGINFOD_URLS=https://debuginfod.ubuntu.com PYTHONPATH=/home/ubuntuuser/ros2_ws/build/crazyflie_controller/prefix_override:/usr/lib/python3/dist-packages/colcon_core/task/python/colcon_distutils_commands:/home/ubuntuuser/ros2_ws/install/crazyflie_controller/lib/python3.12/site-packages:${PYTHONPATH} /usr/bin/python3 -W ignore:setup.py install is deprecated -W ignore:easy_install command is deprecated setup.py egg_info --egg-base ../../build/crazyflie_controller build --build-base /home/ubuntuuser/ros2_ws/build/crazyflie_controller/build install --record /home/ubuntuuser/ros2_ws/build/crazyflie_controller/install.log --single-version-externally-managed install_data
[8.396s] running egg_info
[8.396s] creating ../../build/crazyflie_controller/crazyflie_controller.egg-info
[8.557s] writing ../../build/crazyflie_controller/crazyflie_controller.egg-info/PKG-INFO
[8.558s] writing dependency_links to ../../build/crazyflie_controller/crazyflie_controller.egg-info/dependency_links.txt
[8.558s] writing requirements to ../../build/crazyflie_controller/crazyflie_controller.egg-info/requires.txt
[8.558s] writing top-level names to ../../build/crazyflie_controller/crazyflie_controller.egg-info/top_level.txt
[8.558s] writing manifest file '../../build/crazyflie_controller/crazyflie_controller.egg-info/SOURCES.txt'
[8.776s] reading manifest file '../../build/crazyflie_controller/crazyflie_controller.egg-info/SOURCES.txt'
[8.780s] writing manifest file '../../build/crazyflie_controller/crazyflie_controller.egg-info/SOURCES.txt'
[8.780s] running build
[8.786s] running build_py
[8.791s] creating /home/ubuntuuser/ros2_ws/build/crazyflie_controller/build
[8.791s] creating /home/ubuntuuser/ros2_ws/build/crazyflie_controller/build/lib
[8.791s] creating /home/ubuntuuser/ros2_ws/build/crazyflie_controller/build/lib/crazyflie_controller
[8.791s] copying crazyflie_controller/__init__.py -> /home/ubuntuuser/ros2_ws/build/crazyflie_controller/build/lib/crazyflie_controller
[8.792s] running install
[8.834s] running install_lib
[8.878s] creating /home/ubuntuuser/ros2_ws/install/crazyflie_controller/lib/python3.12/site-packages/crazyflie_controller
[8.880s] copying /home/ubuntuuser/ros2_ws/build/crazyflie_controller/build/lib/crazyflie_controller/__init__.py -> /home/ubuntuuser/ros2_ws/install/crazyflie_controller/lib/python3.12/site-packages/crazyflie_controller
[8.897s] byte-compiling /home/ubuntuuser/ros2_ws/install/crazyflie_controller/lib/python3.12/site-packages/crazyflie_controller/__init__.py to __init__.cpython-312.pyc
[8.902s] running install_data
[8.902s] creating /home/ubuntuuser/ros2_ws/install/crazyflie_controller/share/ament_index
[8.904s] creating /home/ubuntuuser/ros2_ws/install/crazyflie_controller/share/ament_index/resource_index
[8.904s] creating /home/ubuntuuser/ros2_ws/install/crazyflie_controller/share/ament_index/resource_index/packages
[8.904s] copying resource/crazyflie_controller -> /home/ubuntuuser/ros2_ws/install/crazyflie_controller/share/ament_index/resource_index/packages
[8.904s] copying package.xml -> /home/ubuntuuser/ros2_ws/install/crazyflie_controller/share/crazyflie_controller
[8.906s] running install_egg_info
[8.956s] Copying ../../build/crazyflie_controller/crazyflie_controller.egg-info to /home/ubuntuuser/ros2_ws/install/crazyflie_controller/lib/python3.12/site-packages/crazyflie_controller-0.0.0-py3.12.egg-info
[8.979s] running install_scripts
[9.749s] writing list of installed files to '/home/ubuntuuser/ros2_ws/build/crazyflie_controller/install.log'
[9.900s] Invoked command in '/home/ubuntuuser/ros2_ws/src/crazyflie_controller' returned '0': DEBUGINFOD_URLS=https://debuginfod.ubuntu.com PYTHONPATH=/home/ubuntuuser/ros2_ws/build/crazyflie_controller/prefix_override:/usr/lib/python3/dist-packages/colcon_core/task/python/colcon_distutils_commands:/home/ubuntuuser/ros2_ws/install/crazyflie_controller/lib/python3.12/site-packages:${PYTHONPATH} /usr/bin/python3 -W ignore:setup.py install is deprecated -W ignore:easy_install command is deprecated setup.py egg_info --egg-base ../../build/crazyflie_controller build --build-base /home/ubuntuuser/ros2_ws/build/crazyflie_controller/build install --record /home/ubuntuuser/ros2_ws/build/crazyflie_controller/install.log --single-version-externally-managed install_data
